{"/Users/vincent/lifewiki/src/main.ts": {"path":"/Users/vincent/lifewiki/src/main.ts","statementMap":{"0":{"start":{"line":1,"column":0},"end":{"line":1,"column":77}},"1":{"start":{"line":4,"column":0},"end":{"line":4,"column":47}},"2":{"start":{"line":5,"column":0},"end":{"line":5,"column":51}},"3":{"start":{"line":6,"column":0},"end":{"line":6,"column":79}},"4":{"start":{"line":7,"column":0},"end":{"line":7,"column":43}},"5":{"start":{"line":15,"column":2},"end":{"line":15,"column":23}},"6":{"start":{"line":19,"column":2},"end":{"line":19,"column":44}},"7":{"start":{"line":22,"column":2},"end":{"line":22,"column":45}},"8":{"start":{"line":23,"column":2},"end":{"line":25,"column":5}},"9":{"start":{"line":24,"column":3},"end":{"line":24,"column":85}},"10":{"start":{"line":28,"column":2},"end":{"line":28,"column":51}},"11":{"start":{"line":31,"column":2},"end":{"line":31,"column":76}},"12":{"start":{"line":34,"column":2},"end":{"line":37,"column":4}},"13":{"start":{"line":36,"column":13},"end":{"line":36,"column":44}},"14":{"start":{"line":40,"column":2},"end":{"line":42,"column":5}},"15":{"start":{"line":41,"column":3},"end":{"line":41,"column":26}},"16":{"start":{"line":45,"column":2},"end":{"line":51,"column":5}},"17":{"start":{"line":49,"column":4},"end":{"line":49,"column":27}},"18":{"start":{"line":54,"column":2},"end":{"line":54,"column":27}},"19":{"start":{"line":56,"column":2},"end":{"line":56,"column":40}},"20":{"start":{"line":60,"column":2},"end":{"line":60,"column":46}},"21":{"start":{"line":61,"column":2},"end":{"line":61,"column":36}},"22":{"start":{"line":65,"column":24},"end":{"line":65,"column":32}},"23":{"start":{"line":68,"column":23},"end":{"line":68,"column":72}},"24":{"start":{"line":69,"column":2},"end":{"line":72,"column":3}},"25":{"start":{"line":70,"column":3},"end":{"line":70,"column":41}},"26":{"start":{"line":71,"column":3},"end":{"line":71,"column":10}},"27":{"start":{"line":75,"column":15},"end":{"line":75,"column":39}},"28":{"start":{"line":76,"column":2},"end":{"line":79,"column":5}},"29":{"start":{"line":80,"column":2},"end":{"line":80,"column":29}},"30":{"start":{"line":85,"column":2},"end":{"line":90,"column":5}},"31":{"start":{"line":86,"column":3},"end":{"line":89,"column":4}},"32":{"start":{"line":88,"column":4},"end":{"line":88,"column":39}},"33":{"start":{"line":95,"column":2},"end":{"line":95,"column":28}},"34":{"start":{"line":99,"column":2},"end":{"line":99,"column":25}},"35":{"start":{"line":103,"column":2},"end":{"line":103,"column":29}},"36":{"start":{"line":9,"column":0},"end":{"line":9,"column":21}}},"fnMap":{"0":{"name":"(anonymous_0)","decl":{"start":{"line":14,"column":1},"end":{"line":14,"column":13}},"loc":{"start":{"line":14,"column":47},"end":{"line":16,"column":2}}},"1":{"name":"(anonymous_1)","decl":{"start":{"line":18,"column":1},"end":{"line":18,"column":6}},"loc":{"start":{"line":18,"column":13},"end":{"line":57,"column":2}}},"2":{"name":"(anonymous_2)","decl":{"start":{"line":23,"column":38},"end":{"line":23,"column":41}},"loc":{"start":{"line":23,"column":44},"end":{"line":25,"column":3}}},"3":{"name":"(anonymous_3)","decl":{"start":{"line":36,"column":3},"end":{"line":36,"column":4}},"loc":{"start":{"line":36,"column":13},"end":{"line":36,"column":44}}},"4":{"name":"(anonymous_4)","decl":{"start":{"line":40,"column":50},"end":{"line":40,"column":53}},"loc":{"start":{"line":40,"column":55},"end":{"line":42,"column":3}}},"5":{"name":"(anonymous_5)","decl":{"start":{"line":48,"column":13},"end":{"line":48,"column":16}},"loc":{"start":{"line":48,"column":18},"end":{"line":50,"column":4}}},"6":{"name":"(anonymous_6)","decl":{"start":{"line":59,"column":1},"end":{"line":59,"column":9}},"loc":{"start":{"line":59,"column":9},"end":{"line":62,"column":2}}},"7":{"name":"(anonymous_7)","decl":{"start":{"line":64,"column":9},"end":{"line":64,"column":14}},"loc":{"start":{"line":64,"column":30},"end":{"line":81,"column":2}}},"8":{"name":"(anonymous_8)","decl":{"start":{"line":83,"column":9},"end":{"line":83,"column":26}},"loc":{"start":{"line":83,"column":26},"end":{"line":91,"column":2}}},"9":{"name":"(anonymous_9)","decl":{"start":{"line":85,"column":30},"end":{"line":85,"column":31}},"loc":{"start":{"line":85,"column":54},"end":{"line":90,"column":3}}},"10":{"name":"(anonymous_10)","decl":{"start":{"line":94,"column":1},"end":{"line":94,"column":17}},"loc":{"start":{"line":94,"column":17},"end":{"line":96,"column":2}}},"11":{"name":"(anonymous_11)","decl":{"start":{"line":98,"column":1},"end":{"line":98,"column":14}},"loc":{"start":{"line":98,"column":14},"end":{"line":100,"column":2}}},"12":{"name":"(anonymous_12)","decl":{"start":{"line":102,"column":1},"end":{"line":102,"column":18}},"loc":{"start":{"line":102,"column":18},"end":{"line":104,"column":2}}}},"branchMap":{"0":{"loc":{"start":{"line":69,"column":2},"end":{"line":72,"column":3}},"type":"if","locations":[{"start":{"line":69,"column":2},"end":{"line":72,"column":3}},{"start":{},"end":{}}]},"1":{"loc":{"start":{"line":86,"column":3},"end":{"line":89,"column":4}},"type":"if","locations":[{"start":{"line":86,"column":3},"end":{"line":89,"column":4}},{"start":{},"end":{}}]},"2":{"loc":{"start":{"line":86,"column":7},"end":{"line":86,"column":62}},"type":"binary-expr","locations":[{"start":{"line":86,"column":7},"end":{"line":86,"column":28}},{"start":{"line":86,"column":32},"end":{"line":86,"column":62}}]}},"s":{"0":0,"1":0,"2":0,"3":0,"4":0,"5":0,"6":0,"7":0,"8":0,"9":0,"10":0,"11":0,"12":0,"13":0,"14":0,"15":0,"16":0,"17":0,"18":0,"19":0,"20":0,"21":0,"22":0,"23":0,"24":0,"25":0,"26":0,"27":0,"28":0,"29":0,"30":0,"31":0,"32":0,"33":0,"34":0,"35":0,"36":0},"f":{"0":0,"1":0,"2":0,"3":0,"4":0,"5":0,"6":0,"7":0,"8":0,"9":0,"10":0,"11":0,"12":0},"b":{"0":[0,0],"1":[0,0],"2":[0,0]}}
,"/Users/vincent/lifewiki/src/ai/analyzer.ts": {"path":"/Users/vincent/lifewiki/src/ai/analyzer.ts","statementMap":{"0":{"start":{"line":15,"column":2},"end":{"line":15,"column":23}},"1":{"start":{"line":16,"column":2},"end":{"line":16,"column":37}},"2":{"start":{"line":24,"column":17},"end":{"line":24,"column":72}},"3":{"start":{"line":27,"column":25},"end":{"line":27,"column":70}},"4":{"start":{"line":29,"column":2},"end":{"line":29,"column":24}},"5":{"start":{"line":36,"column":27},"end":{"line":60,"column":3}},"6":{"start":{"line":37,"column":37},"end":{"line":37,"column":39}},"7":{"start":{"line":39,"column":3},"end":{"line":57,"column":4}},"8":{"start":{"line":40,"column":21},"end":{"line":40,"column":63}},"9":{"start":{"line":42,"column":4},"end":{"line":46,"column":7}},"10":{"start":{"line":49,"column":4},"end":{"line":56,"column":5}},"11":{"start":{"line":50,"column":5},"end":{"line":55,"column":8}},"12":{"start":{"line":59,"column":3},"end":{"line":59,"column":19}},"13":{"start":{"line":62,"column":2},"end":{"line":71,"column":4}},"14":{"start":{"line":78,"column":30},"end":{"line":78,"column":32}},"15":{"start":{"line":81,"column":2},"end":{"line":87,"column":3}},"16":{"start":{"line":82,"column":3},"end":{"line":86,"column":4}},"17":{"start":{"line":83,"column":4},"end":{"line":85,"column":5}},"18":{"start":{"line":84,"column":5},"end":{"line":84,"column":73}},"19":{"start":{"line":90,"column":2},"end":{"line":92,"column":3}},"20":{"start":{"line":91,"column":3},"end":{"line":91,"column":38}},"21":{"start":{"line":94,"column":2},"end":{"line":94,"column":19}},"22":{"start":{"line":98,"column":44},"end":{"line":104,"column":4}},"23":{"start":{"line":105,"column":2},"end":{"line":105,"column":33}},"24":{"start":{"line":112,"column":28},"end":{"line":112,"column":30}},"25":{"start":{"line":114,"column":2},"end":{"line":145,"column":3}},"26":{"start":{"line":115,"column":3},"end":{"line":144,"column":4}},"27":{"start":{"line":116,"column":4},"end":{"line":143,"column":5}},"28":{"start":{"line":117,"column":20},"end":{"line":140,"column":7}},"29":{"start":{"line":142,"column":5},"end":{"line":142,"column":26}},"30":{"start":{"line":147,"column":2},"end":{"line":147,"column":17}},"31":{"start":{"line":10,"column":0},"end":{"line":10,"column":13}}},"fnMap":{"0":{"name":"(anonymous_0)","decl":{"start":{"line":14,"column":1},"end":{"line":14,"column":13}},"loc":{"start":{"line":14,"column":65},"end":{"line":17,"column":2}}},"1":{"name":"(anonymous_1)","decl":{"start":{"line":22,"column":1},"end":{"line":22,"column":6}},"loc":{"start":{"line":22,"column":32},"end":{"line":30,"column":2}}},"2":{"name":"(anonymous_2)","decl":{"start":{"line":35,"column":9},"end":{"line":35,"column":14}},"loc":{"start":{"line":35,"column":64},"end":{"line":72,"column":2}}},"3":{"name":"(anonymous_3)","decl":{"start":{"line":36,"column":27},"end":{"line":36,"column":32}},"loc":{"start":{"line":36,"column":89},"end":{"line":60,"column":3}}},"4":{"name":"(anonymous_4)","decl":{"start":{"line":77,"column":1},"end":{"line":77,"column":26}},"loc":{"start":{"line":77,"column":49},"end":{"line":95,"column":2}}},"5":{"name":"(anonymous_5)","decl":{"start":{"line":97,"column":9},"end":{"line":97,"column":20}},"loc":{"start":{"line":97,"column":33},"end":{"line":106,"column":2}}},"6":{"name":"(anonymous_6)","decl":{"start":{"line":111,"column":1},"end":{"line":111,"column":6}},"loc":{"start":{"line":111,"column":47},"end":{"line":148,"column":2}}}},"branchMap":{"0":{"loc":{"start":{"line":49,"column":4},"end":{"line":56,"column":5}},"type":"if","locations":[{"start":{"line":49,"column":4},"end":{"line":56,"column":5}},{"start":{},"end":{}}]},"1":{"loc":{"start":{"line":83,"column":4},"end":{"line":85,"column":5}},"type":"if","locations":[{"start":{"line":83,"column":4},"end":{"line":85,"column":5}},{"start":{},"end":{}}]},"2":{"loc":{"start":{"line":83,"column":8},"end":{"line":83,"column":63}},"type":"binary-expr","locations":[{"start":{"line":83,"column":8},"end":{"line":83,"column":24}},{"start":{"line":83,"column":28},"end":{"line":83,"column":63}}]},"3":{"loc":{"start":{"line":90,"column":2},"end":{"line":92,"column":3}},"type":"if","locations":[{"start":{"line":90,"column":2},"end":{"line":92,"column":3}},{"start":{},"end":{}}]},"4":{"loc":{"start":{"line":105,"column":9},"end":{"line":105,"column":32}},"type":"binary-expr","locations":[{"start":{"line":105,"column":9},"end":{"line":105,"column":24}},{"start":{"line":105,"column":28},"end":{"line":105,"column":32}}]},"5":{"loc":{"start":{"line":116,"column":4},"end":{"line":143,"column":5}},"type":"if","locations":[{"start":{"line":116,"column":4},"end":{"line":143,"column":5}},{"start":{},"end":{}}]}},"s":{"0":0,"1":0,"2":0,"3":0,"4":0,"5":0,"6":0,"7":0,"8":0,"9":0,"10":0,"11":0,"12":0,"13":0,"14":0,"15":0,"16":0,"17":0,"18":0,"19":0,"20":0,"21":0,"22":0,"23":0,"24":0,"25":0,"26":0,"27":0,"28":0,"29":0,"30":0,"31":0},"f":{"0":0,"1":0,"2":0,"3":0,"4":0,"5":0,"6":0},"b":{"0":[0,0],"1":[0,0],"2":[0,0],"3":[0,0],"4":[0,0],"5":[0,0]}}
,"/Users/vincent/lifewiki/src/ai/dashscope.ts": {"path":"/Users/vincent/lifewiki/src/ai/dashscope.ts","statementMap":{"0":{"start":{"line":50,"column":22},"end":{"line":50,"column":35}},"1":{"start":{"line":51,"column":25},"end":{"line":51,"column":76}},"2":{"start":{"line":52,"column":24},"end":{"line":52,"column":29}},"3":{"start":{"line":63,"column":4},"end":{"line":63,"column":32}},"4":{"start":{"line":64,"column":4},"end":{"line":64,"column":54}},"5":{"start":{"line":65,"column":4},"end":{"line":65,"column":47}},"6":{"start":{"line":66,"column":4},"end":{"line":66,"column":53}},"7":{"start":{"line":67,"column":4},"end":{"line":67,"column":49}},"8":{"start":{"line":68,"column":4},"end":{"line":68,"column":46}},"9":{"start":{"line":75,"column":4},"end":{"line":77,"column":5}},"10":{"start":{"line":76,"column":6},"end":{"line":76,"column":45}},"11":{"start":{"line":79,"column":16},"end":{"line":79,"column":50}},"12":{"start":{"line":81,"column":38},"end":{"line":89,"column":6}},"13":{"start":{"line":83,"column":35},"end":{"line":86,"column":8}},"14":{"start":{"line":91,"column":23},"end":{"line":91,"column":44}},"15":{"start":{"line":92,"column":22},"end":{"line":92,"column":72}},"16":{"start":{"line":92,"column":39},"end":{"line":92,"column":57}},"17":{"start":{"line":94,"column":4},"end":{"line":137,"column":5}},"18":{"start":{"line":95,"column":23},"end":{"line":103,"column":8}},"19":{"start":{"line":105,"column":6},"end":{"line":105,"column":30}},"20":{"start":{"line":107,"column":6},"end":{"line":110,"column":7}},"21":{"start":{"line":108,"column":26},"end":{"line":108,"column":65}},"22":{"start":{"line":108,"column":61},"end":{"line":108,"column":63}},"23":{"start":{"line":109,"column":8},"end":{"line":109,"column":79}},"24":{"start":{"line":112,"column":38},"end":{"line":112,"column":59}},"25":{"start":{"line":114,"column":6},"end":{"line":116,"column":7}},"26":{"start":{"line":115,"column":8},"end":{"line":115,"column":44}},"27":{"start":{"line":118,"column":6},"end":{"line":125,"column":8}},"28":{"start":{"line":127,"column":6},"end":{"line":127,"column":30}},"29":{"start":{"line":129,"column":6},"end":{"line":134,"column":7}},"30":{"start":{"line":130,"column":8},"end":{"line":132,"column":9}},"31":{"start":{"line":131,"column":10},"end":{"line":131,"column":45}},"32":{"start":{"line":133,"column":8},"end":{"line":133,"column":20}},"33":{"start":{"line":136,"column":6},"end":{"line":136,"column":48}},"34":{"start":{"line":144,"column":20},"end":{"line":144,"column":37}},"35":{"start":{"line":145,"column":22},"end":{"line":145,"column":46}},"36":{"start":{"line":147,"column":25},"end":{"line":170,"column":3}},"37":{"start":{"line":172,"column":21},"end":{"line":175,"column":6}},"38":{"start":{"line":178,"column":17},"end":{"line":189,"column":6}},"39":{"start":{"line":191,"column":4},"end":{"line":247,"column":5}},"40":{"start":{"line":193,"column":24},"end":{"line":193,"column":61}},"41":{"start":{"line":194,"column":6},"end":{"line":243,"column":7}},"42":{"start":{"line":195,"column":21},"end":{"line":195,"column":45}},"43":{"start":{"line":196,"column":8},"end":{"line":242,"column":10}},"44":{"start":{"line":199,"column":67},"end":{"line":206,"column":14}},"45":{"start":{"line":207,"column":71},"end":{"line":214,"column":14}},"46":{"start":{"line":215,"column":67},"end":{"line":222,"column":14}},"47":{"start":{"line":223,"column":65},"end":{"line":230,"column":14}},"48":{"start":{"line":231,"column":73},"end":{"line":238,"column":14}},"49":{"start":{"line":245,"column":6},"end":{"line":245,"column":59}},"50":{"start":{"line":249,"column":4},"end":{"line":256,"column":6}},"51":{"start":{"line":260,"column":4},"end":{"line":264,"column":7}},"52":{"start":{"line":261,"column":16},"end":{"line":261,"column":38}},"53":{"start":{"line":262,"column":16},"end":{"line":262,"column":47}},"54":{"start":{"line":263,"column":6},"end":{"line":263,"column":28}},"55":{"start":{"line":54,"column":0},"end":{"line":54,"column":13}}},"fnMap":{"0":{"name":"(anonymous_0)","decl":{"start":{"line":62,"column":2},"end":{"line":62,"column":14}},"loc":{"start":{"line":62,"column":37},"end":{"line":69,"column":3}}},"1":{"name":"(anonymous_1)","decl":{"start":{"line":74,"column":2},"end":{"line":74,"column":7}},"loc":{"start":{"line":74,"column":36},"end":{"line":138,"column":3}}},"2":{"name":"(anonymous_2)","decl":{"start":{"line":83,"column":29},"end":{"line":83,"column":30}},"loc":{"start":{"line":83,"column":35},"end":{"line":86,"column":8}}},"3":{"name":"(anonymous_3)","decl":{"start":{"line":92,"column":33},"end":{"line":92,"column":36}},"loc":{"start":{"line":92,"column":39},"end":{"line":92,"column":57}}},"4":{"name":"(anonymous_4)","decl":{"start":{"line":108,"column":54},"end":{"line":108,"column":57}},"loc":{"start":{"line":108,"column":61},"end":{"line":108,"column":63}}},"5":{"name":"(anonymous_5)","decl":{"start":{"line":143,"column":2},"end":{"line":143,"column":7}},"loc":{"start":{"line":143,"column":36},"end":{"line":257,"column":3}}},"6":{"name":"(anonymous_6)","decl":{"start":{"line":199,"column":54},"end":{"line":199,"column":55}},"loc":{"start":{"line":199,"column":67},"end":{"line":206,"column":14}}},"7":{"name":"(anonymous_7)","decl":{"start":{"line":207,"column":58},"end":{"line":207,"column":59}},"loc":{"start":{"line":207,"column":71},"end":{"line":214,"column":14}}},"8":{"name":"(anonymous_8)","decl":{"start":{"line":215,"column":54},"end":{"line":215,"column":55}},"loc":{"start":{"line":215,"column":67},"end":{"line":222,"column":14}}},"9":{"name":"(anonymous_9)","decl":{"start":{"line":223,"column":52},"end":{"line":223,"column":53}},"loc":{"start":{"line":223,"column":65},"end":{"line":230,"column":14}}},"10":{"name":"(anonymous_10)","decl":{"start":{"line":231,"column":60},"end":{"line":231,"column":61}},"loc":{"start":{"line":231,"column":73},"end":{"line":238,"column":14}}},"11":{"name":"(anonymous_11)","decl":{"start":{"line":259,"column":10},"end":{"line":259,"column":20}},"loc":{"start":{"line":259,"column":20},"end":{"line":265,"column":3}}},"12":{"name":"(anonymous_12)","decl":{"start":{"line":260,"column":67},"end":{"line":260,"column":68}},"loc":{"start":{"line":260,"column":73},"end":{"line":264,"column":5}}}},"branchMap":{"0":{"loc":{"start":{"line":64,"column":19},"end":{"line":64,"column":53}},"type":"binary-expr","locations":[{"start":{"line":64,"column":19},"end":{"line":64,"column":33}},{"start":{"line":64,"column":37},"end":{"line":64,"column":53}}]},"1":{"loc":{"start":{"line":65,"column":17},"end":{"line":65,"column":46}},"type":"binary-expr","locations":[{"start":{"line":65,"column":17},"end":{"line":65,"column":29}},{"start":{"line":65,"column":33},"end":{"line":65,"column":46}}]},"2":{"loc":{"start":{"line":66,"column":19},"end":{"line":66,"column":52}},"type":"binary-expr","locations":[{"start":{"line":66,"column":19},"end":{"line":66,"column":33}},{"start":{"line":66,"column":37},"end":{"line":66,"column":52}}]},"3":{"loc":{"start":{"line":67,"column":23},"end":{"line":67,"column":48}},"type":"binary-expr","locations":[{"start":{"line":67,"column":23},"end":{"line":67,"column":41}},{"start":{"line":67,"column":45},"end":{"line":67,"column":48}}]},"4":{"loc":{"start":{"line":68,"column":21},"end":{"line":68,"column":45}},"type":"binary-expr","locations":[{"start":{"line":68,"column":21},"end":{"line":68,"column":37}},{"start":{"line":68,"column":41},"end":{"line":68,"column":45}}]},"5":{"loc":{"start":{"line":75,"column":4},"end":{"line":77,"column":5}},"type":"if","locations":[{"start":{"line":75,"column":4},"end":{"line":77,"column":5}},{"start":{},"end":{}}]},"6":{"loc":{"start":{"line":107,"column":6},"end":{"line":110,"column":7}},"type":"if","locations":[{"start":{"line":107,"column":6},"end":{"line":110,"column":7}},{"start":{},"end":{}}]},"7":{"loc":{"start":{"line":109,"column":24},"end":{"line":109,"column":77}},"type":"binary-expr","locations":[{"start":{"line":109,"column":24},"end":{"line":109,"column":48}},{"start":{"line":109,"column":52},"end":{"line":109,"column":77}}]},"8":{"loc":{"start":{"line":114,"column":6},"end":{"line":116,"column":7}},"type":"if","locations":[{"start":{"line":114,"column":6},"end":{"line":116,"column":7}},{"start":{},"end":{}}]},"9":{"loc":{"start":{"line":119,"column":17},"end":{"line":119,"column":56}},"type":"binary-expr","locations":[{"start":{"line":119,"column":17},"end":{"line":119,"column":50}},{"start":{"line":119,"column":54},"end":{"line":119,"column":56}}]},"10":{"loc":{"start":{"line":121,"column":24},"end":{"line":121,"column":54}},"type":"binary-expr","locations":[{"start":{"line":121,"column":24},"end":{"line":121,"column":49}},{"start":{"line":121,"column":53},"end":{"line":121,"column":54}}]},"11":{"loc":{"start":{"line":122,"column":28},"end":{"line":122,"column":62}},"type":"binary-expr","locations":[{"start":{"line":122,"column":28},"end":{"line":122,"column":57}},{"start":{"line":122,"column":61},"end":{"line":122,"column":62}}]},"12":{"loc":{"start":{"line":123,"column":23},"end":{"line":123,"column":52}},"type":"binary-expr","locations":[{"start":{"line":123,"column":23},"end":{"line":123,"column":47}},{"start":{"line":123,"column":51},"end":{"line":123,"column":52}}]},"13":{"loc":{"start":{"line":129,"column":6},"end":{"line":134,"column":7}},"type":"if","locations":[{"start":{"line":129,"column":6},"end":{"line":134,"column":7}},{"start":{},"end":{}}]},"14":{"loc":{"start":{"line":130,"column":8},"end":{"line":132,"column":9}},"type":"if","locations":[{"start":{"line":130,"column":8},"end":{"line":132,"column":9}},{"start":{},"end":{}}]},"15":{"loc":{"start":{"line":194,"column":6},"end":{"line":243,"column":7}},"type":"if","locations":[{"start":{"line":194,"column":6},"end":{"line":243,"column":7}},{"start":{},"end":{}}]},"16":{"loc":{"start":{"line":197,"column":20},"end":{"line":197,"column":80}},"type":"cond-expr","locations":[{"start":{"line":197,"column":59},"end":{"line":197,"column":72}},{"start":{"line":197,"column":75},"end":{"line":197,"column":80}}]},"17":{"loc":{"start":{"line":199,"column":21},"end":{"line":199,"column":48}},"type":"binary-expr","locations":[{"start":{"line":199,"column":21},"end":{"line":199,"column":42}},{"start":{"line":199,"column":46},"end":{"line":199,"column":48}}]},"18":{"loc":{"start":{"line":202,"column":26},"end":{"line":202,"column":45}},"type":"binary-expr","locations":[{"start":{"line":202,"column":26},"end":{"line":202,"column":38}},{"start":{"line":202,"column":42},"end":{"line":202,"column":45}}]},"19":{"loc":{"start":{"line":203,"column":23},"end":{"line":203,"column":38}},"type":"binary-expr","locations":[{"start":{"line":203,"column":23},"end":{"line":203,"column":32}},{"start":{"line":203,"column":36},"end":{"line":203,"column":38}}]},"20":{"loc":{"start":{"line":207,"column":23},"end":{"line":207,"column":52}},"type":"binary-expr","locations":[{"start":{"line":207,"column":23},"end":{"line":207,"column":46}},{"start":{"line":207,"column":50},"end":{"line":207,"column":52}}]},"21":{"loc":{"start":{"line":210,"column":26},"end":{"line":210,"column":45}},"type":"binary-expr","locations":[{"start":{"line":210,"column":26},"end":{"line":210,"column":38}},{"start":{"line":210,"column":42},"end":{"line":210,"column":45}}]},"22":{"loc":{"start":{"line":211,"column":23},"end":{"line":211,"column":38}},"type":"binary-expr","locations":[{"start":{"line":211,"column":23},"end":{"line":211,"column":32}},{"start":{"line":211,"column":36},"end":{"line":211,"column":38}}]},"23":{"loc":{"start":{"line":215,"column":21},"end":{"line":215,"column":48}},"type":"binary-expr","locations":[{"start":{"line":215,"column":21},"end":{"line":215,"column":42}},{"start":{"line":215,"column":46},"end":{"line":215,"column":48}}]},"24":{"loc":{"start":{"line":218,"column":26},"end":{"line":218,"column":45}},"type":"binary-expr","locations":[{"start":{"line":218,"column":26},"end":{"line":218,"column":38}},{"start":{"line":218,"column":42},"end":{"line":218,"column":45}}]},"25":{"loc":{"start":{"line":219,"column":23},"end":{"line":219,"column":38}},"type":"binary-expr","locations":[{"start":{"line":219,"column":23},"end":{"line":219,"column":32}},{"start":{"line":219,"column":36},"end":{"line":219,"column":38}}]},"26":{"loc":{"start":{"line":223,"column":20},"end":{"line":223,"column":46}},"type":"binary-expr","locations":[{"start":{"line":223,"column":20},"end":{"line":223,"column":40}},{"start":{"line":223,"column":44},"end":{"line":223,"column":46}}]},"27":{"loc":{"start":{"line":226,"column":26},"end":{"line":226,"column":45}},"type":"binary-expr","locations":[{"start":{"line":226,"column":26},"end":{"line":226,"column":38}},{"start":{"line":226,"column":42},"end":{"line":226,"column":45}}]},"28":{"loc":{"start":{"line":227,"column":23},"end":{"line":227,"column":38}},"type":"binary-expr","locations":[{"start":{"line":227,"column":23},"end":{"line":227,"column":32}},{"start":{"line":227,"column":36},"end":{"line":227,"column":38}}]},"29":{"loc":{"start":{"line":231,"column":24},"end":{"line":231,"column":54}},"type":"binary-expr","locations":[{"start":{"line":231,"column":24},"end":{"line":231,"column":48}},{"start":{"line":231,"column":52},"end":{"line":231,"column":54}}]},"30":{"loc":{"start":{"line":234,"column":26},"end":{"line":234,"column":45}},"type":"binary-expr","locations":[{"start":{"line":234,"column":26},"end":{"line":234,"column":38}},{"start":{"line":234,"column":42},"end":{"line":234,"column":45}}]},"31":{"loc":{"start":{"line":235,"column":23},"end":{"line":235,"column":38}},"type":"binary-expr","locations":[{"start":{"line":235,"column":23},"end":{"line":235,"column":32}},{"start":{"line":235,"column":36},"end":{"line":235,"column":38}}]},"32":{"loc":{"start":{"line":240,"column":29},"end":{"line":240,"column":57}},"type":"binary-expr","locations":[{"start":{"line":240,"column":29},"end":{"line":240,"column":51}},{"start":{"line":240,"column":55},"end":{"line":240,"column":57}}]},"33":{"loc":{"start":{"line":241,"column":20},"end":{"line":241,"column":53}},"type":"binary-expr","locations":[{"start":{"line":241,"column":20},"end":{"line":241,"column":33}},{"start":{"line":241,"column":37},"end":{"line":241,"column":53}}]},"34":{"loc":{"start":{"line":262,"column":16},"end":{"line":262,"column":47}},"type":"cond-expr","locations":[{"start":{"line":262,"column":28},"end":{"line":262,"column":29}},{"start":{"line":262,"column":33},"end":{"line":262,"column":46}}]}},"s":{"0":1,"1":1,"2":1,"3":17,"4":17,"5":17,"6":17,"7":17,"8":17,"9":10,"10":1,"11":9,"12":9,"13":13,"14":9,"15":9,"16":0,"17":9,"18":9,"19":8,"20":8,"21":1,"22":0,"23":1,"24":7,"25":7,"26":0,"27":7,"28":2,"29":2,"30":2,"31":0,"32":2,"33":0,"34":4,"35":4,"36":4,"37":4,"38":4,"39":4,"40":4,"41":4,"42":4,"43":4,"44":3,"45":2,"46":0,"47":0,"48":0,"49":0,"50":4,"51":4,"52":124,"53":124,"54":124,"55":1},"f":{"0":17,"1":10,"2":13,"3":0,"4":0,"5":4,"6":3,"7":2,"8":0,"9":0,"10":0,"11":4,"12":124},"b":{"0":[17,15],"1":[17,16],"2":[17,16],"3":[17,16],"4":[17,16],"5":[1,9],"6":[1,7],"7":[1,0],"8":[0,7],"9":[7,1],"10":[7,1],"11":[7,1],"12":[7,1],"13":[2,0],"14":[0,2],"15":[4,0],"16":[4,0],"17":[4,0],"18":[3,0],"19":[3,0],"20":[4,0],"21":[2,0],"22":[2,0],"23":[4,0],"24":[0,0],"25":[0,0],"26":[4,0],"27":[0,0],"28":[0,0],"29":[4,0],"30":[0,0],"31":[0,0],"32":[4,0],"33":[4,0],"34":[120,4]}}
,"/Users/vincent/lifewiki/src/ai/openclaw.ts": {"path":"/Users/vincent/lifewiki/src/ai/openclaw.ts","statementMap":{"0":{"start":{"line":35,"column":1},"end":{"line":39,"column":4}},"1":{"start":{"line":36,"column":12},"end":{"line":36,"column":34}},"2":{"start":{"line":37,"column":12},"end":{"line":37,"column":43}},"3":{"start":{"line":38,"column":2},"end":{"line":38,"column":24}},"4":{"start":{"line":43,"column":9},"end":{"line":43,"column":37}},"5":{"start":{"line":45,"column":9},"end":{"line":45,"column":42}},"6":{"start":{"line":46,"column":9},"end":{"line":46,"column":36}},"7":{"start":{"line":47,"column":9},"end":{"line":47,"column":34}},"8":{"start":{"line":48,"column":9},"end":{"line":48,"column":92}},"9":{"start":{"line":51,"column":2},"end":{"line":54,"column":4}},"10":{"start":{"line":58,"column":2},"end":{"line":90,"column":5}},"11":{"start":{"line":59,"column":3},"end":{"line":89,"column":4}},"12":{"start":{"line":60,"column":4},"end":{"line":60,"column":52}},"13":{"start":{"line":62,"column":20},"end":{"line":64,"column":27}},"14":{"start":{"line":63,"column":5},"end":{"line":63,"column":45}},"15":{"start":{"line":66,"column":4},"end":{"line":71,"column":6}},"16":{"start":{"line":67,"column":5},"end":{"line":67,"column":40}},"17":{"start":{"line":68,"column":5},"end":{"line":68,"column":27}},"18":{"start":{"line":69,"column":5},"end":{"line":69,"column":27}},"19":{"start":{"line":70,"column":5},"end":{"line":70,"column":53}},"20":{"start":{"line":73,"column":4},"end":{"line":75,"column":6}},"21":{"start":{"line":74,"column":5},"end":{"line":74,"column":48}},"22":{"start":{"line":77,"column":4},"end":{"line":81,"column":6}},"23":{"start":{"line":78,"column":5},"end":{"line":78,"column":55}},"24":{"start":{"line":79,"column":5},"end":{"line":79,"column":27}},"25":{"start":{"line":80,"column":5},"end":{"line":80,"column":19}},"26":{"start":{"line":83,"column":4},"end":{"line":86,"column":6}},"27":{"start":{"line":84,"column":5},"end":{"line":84,"column":43}},"28":{"start":{"line":85,"column":5},"end":{"line":85,"column":28}},"29":{"start":{"line":88,"column":4},"end":{"line":88,"column":18}},"30":{"start":{"line":94,"column":2},"end":{"line":97,"column":3}},"31":{"start":{"line":95,"column":3},"end":{"line":95,"column":19}},"32":{"start":{"line":96,"column":3},"end":{"line":96,"column":18}},"33":{"start":{"line":105,"column":2},"end":{"line":155,"column":5}},"34":{"start":{"line":106,"column":3},"end":{"line":109,"column":4}},"35":{"start":{"line":107,"column":4},"end":{"line":107,"column":49}},"36":{"start":{"line":108,"column":4},"end":{"line":108,"column":11}},"37":{"start":{"line":112,"column":26},"end":{"line":152,"column":4}},"38":{"start":{"line":113,"column":16},"end":{"line":113,"column":38}},"39":{"start":{"line":114,"column":4},"end":{"line":114,"column":50}},"40":{"start":{"line":114,"column":43},"end":{"line":114,"column":50}},"41":{"start":{"line":116,"column":4},"end":{"line":116,"column":60}},"42":{"start":{"line":120,"column":4},"end":{"line":139,"column":7}},"43":{"start":{"line":142,"column":25},"end":{"line":147,"column":5}},"44":{"start":{"line":143,"column":17},"end":{"line":143,"column":39}},"45":{"start":{"line":144,"column":5},"end":{"line":144,"column":72}},"46":{"start":{"line":144,"column":65},"end":{"line":144,"column":72}},"47":{"start":{"line":145,"column":5},"end":{"line":145,"column":59}},"48":{"start":{"line":146,"column":5},"end":{"line":146,"column":15}},"49":{"start":{"line":149,"column":4},"end":{"line":149,"column":55}},"50":{"start":{"line":151,"column":4},"end":{"line":151,"column":77}},"51":{"start":{"line":151,"column":21},"end":{"line":151,"column":54}},"52":{"start":{"line":154,"column":3},"end":{"line":154,"column":56}},"53":{"start":{"line":159,"column":2},"end":{"line":163,"column":3}},"54":{"start":{"line":160,"column":3},"end":{"line":160,"column":38}},"55":{"start":{"line":162,"column":3},"end":{"line":162,"column":32}},"56":{"start":{"line":168,"column":2},"end":{"line":178,"column":3}},"57":{"start":{"line":169,"column":19},"end":{"line":169,"column":52}},"58":{"start":{"line":170,"column":3},"end":{"line":177,"column":4}},"59":{"start":{"line":171,"column":4},"end":{"line":171,"column":41}},"60":{"start":{"line":172,"column":4},"end":{"line":176,"column":5}},"61":{"start":{"line":173,"column":5},"end":{"line":173,"column":26}},"62":{"start":{"line":175,"column":5},"end":{"line":175,"column":71}},"63":{"start":{"line":181,"column":2},"end":{"line":183,"column":3}},"64":{"start":{"line":182,"column":3},"end":{"line":182,"column":37}},"65":{"start":{"line":187,"column":2},"end":{"line":210,"column":5}},"66":{"start":{"line":188,"column":3},"end":{"line":191,"column":4}},"67":{"start":{"line":189,"column":4},"end":{"line":189,"column":39}},"68":{"start":{"line":190,"column":4},"end":{"line":190,"column":11}},"69":{"start":{"line":193,"column":14},"end":{"line":193,"column":20}},"70":{"start":{"line":194,"column":3},"end":{"line":194,"column":54}},"71":{"start":{"line":196,"column":3},"end":{"line":201,"column":6}},"72":{"start":{"line":204,"column":3},"end":{"line":209,"column":27}},"73":{"start":{"line":205,"column":4},"end":{"line":208,"column":5}},"74":{"start":{"line":206,"column":5},"end":{"line":206,"column":38}},"75":{"start":{"line":207,"column":5},"end":{"line":207,"column":53}},"76":{"start":{"line":214,"column":2},"end":{"line":214,"column":46}},"77":{"start":{"line":214,"column":23},"end":{"line":214,"column":46}},"78":{"start":{"line":216,"column":19},"end":{"line":216,"column":69}},"79":{"start":{"line":217,"column":2},"end":{"line":220,"column":3}},"80":{"start":{"line":218,"column":3},"end":{"line":218,"column":42}},"81":{"start":{"line":219,"column":3},"end":{"line":219,"column":36}},"82":{"start":{"line":221,"column":2},"end":{"line":221,"column":46}},"83":{"start":{"line":225,"column":2},"end":{"line":227,"column":3}},"84":{"start":{"line":226,"column":3},"end":{"line":226,"column":30}},"85":{"start":{"line":229,"column":2},"end":{"line":271,"column":5}},"86":{"start":{"line":230,"column":3},"end":{"line":233,"column":4}},"87":{"start":{"line":231,"column":4},"end":{"line":231,"column":39}},"88":{"start":{"line":232,"column":4},"end":{"line":232,"column":11}},"89":{"start":{"line":235,"column":14},"end":{"line":235,"column":20}},"90":{"start":{"line":238,"column":27},"end":{"line":238,"column":29}},"91":{"start":{"line":239,"column":26},"end":{"line":248,"column":4}},"92":{"start":{"line":240,"column":16},"end":{"line":240,"column":38}},"93":{"start":{"line":241,"column":4},"end":{"line":246,"column":5}},"94":{"start":{"line":242,"column":5},"end":{"line":242,"column":61}},"95":{"start":{"line":244,"column":22},"end":{"line":244,"column":92}},"96":{"start":{"line":244,"column":41},"end":{"line":244,"column":91}},"97":{"start":{"line":245,"column":5},"end":{"line":245,"column":56}},"98":{"start":{"line":247,"column":4},"end":{"line":247,"column":23}},"99":{"start":{"line":250,"column":3},"end":{"line":250,"column":56}},"100":{"start":{"line":252,"column":3},"end":{"line":262,"column":6}},"101":{"start":{"line":264,"column":3},"end":{"line":270,"column":13}},"102":{"start":{"line":265,"column":4},"end":{"line":265,"column":60}},"103":{"start":{"line":266,"column":4},"end":{"line":269,"column":5}},"104":{"start":{"line":267,"column":5},"end":{"line":267,"column":38}},"105":{"start":{"line":268,"column":5},"end":{"line":268,"column":17}},"106":{"start":{"line":276,"column":17},"end":{"line":276,"column":55}},"107":{"start":{"line":279,"column":19},"end":{"line":279,"column":49}},"108":{"start":{"line":282,"column":2},"end":{"line":282,"column":69}},"109":{"start":{"line":286,"column":2},"end":{"line":303,"column":3}},"110":{"start":{"line":307,"column":2},"end":{"line":359,"column":3}},"111":{"start":{"line":309,"column":21},"end":{"line":309,"column":50}},"112":{"start":{"line":310,"column":3},"end":{"line":356,"column":4}},"113":{"start":{"line":311,"column":19},"end":{"line":311,"column":43}},"114":{"start":{"line":312,"column":4},"end":{"line":355,"column":6}},"115":{"start":{"line":317,"column":63},"end":{"line":323,"column":8}},"116":{"start":{"line":324,"column":67},"end":{"line":330,"column":8}},"117":{"start":{"line":331,"column":63},"end":{"line":337,"column":8}},"118":{"start":{"line":338,"column":61},"end":{"line":344,"column":8}},"119":{"start":{"line":345,"column":69},"end":{"line":351,"column":8}},"120":{"start":{"line":358,"column":3},"end":{"line":358,"column":52}},"121":{"start":{"line":362,"column":2},"end":{"line":369,"column":4}},"122":{"start":{"line":373,"column":2},"end":{"line":373,"column":24}},"123":{"start":{"line":42,"column":0},"end":{"line":42,"column":13}}},"fnMap":{"0":{"name":"uuid","decl":{"start":{"line":34,"column":9},"end":{"line":34,"column":13}},"loc":{"start":{"line":34,"column":13},"end":{"line":40,"column":1}}},"1":{"name":"(anonymous_1)","decl":{"start":{"line":35,"column":64},"end":{"line":35,"column":65}},"loc":{"start":{"line":35,"column":70},"end":{"line":39,"column":2}}},"2":{"name":"(anonymous_2)","decl":{"start":{"line":50,"column":1},"end":{"line":50,"column":13}},"loc":{"start":{"line":50,"column":49},"end":{"line":55,"column":2}}},"3":{"name":"(anonymous_3)","decl":{"start":{"line":57,"column":1},"end":{"line":57,"column":6}},"loc":{"start":{"line":57,"column":14},"end":{"line":91,"column":2}}},"4":{"name":"(anonymous_4)","decl":{"start":{"line":58,"column":21},"end":{"line":58,"column":22}},"loc":{"start":{"line":58,"column":41},"end":{"line":90,"column":3}}},"5":{"name":"(anonymous_5)","decl":{"start":{"line":62,"column":31},"end":{"line":62,"column":34}},"loc":{"start":{"line":62,"column":36},"end":{"line":64,"column":5}}},"6":{"name":"(anonymous_6)","decl":{"start":{"line":66,"column":21},"end":{"line":66,"column":24}},"loc":{"start":{"line":66,"column":26},"end":{"line":71,"column":5}}},"7":{"name":"(anonymous_7)","decl":{"start":{"line":73,"column":24},"end":{"line":73,"column":25}},"loc":{"start":{"line":73,"column":34},"end":{"line":75,"column":5}}},"8":{"name":"(anonymous_8)","decl":{"start":{"line":77,"column":22},"end":{"line":77,"column":23}},"loc":{"start":{"line":77,"column":32},"end":{"line":81,"column":5}}},"9":{"name":"(anonymous_9)","decl":{"start":{"line":83,"column":22},"end":{"line":83,"column":25}},"loc":{"start":{"line":83,"column":27},"end":{"line":86,"column":5}}},"10":{"name":"(anonymous_10)","decl":{"start":{"line":93,"column":1},"end":{"line":93,"column":11}},"loc":{"start":{"line":93,"column":11},"end":{"line":98,"column":2}}},"11":{"name":"(anonymous_11)","decl":{"start":{"line":100,"column":9},"end":{"line":100,"column":14}},"loc":{"start":{"line":100,"column":27},"end":{"line":156,"column":2}}},"12":{"name":"(anonymous_12)","decl":{"start":{"line":105,"column":21},"end":{"line":105,"column":22}},"loc":{"start":{"line":105,"column":41},"end":{"line":155,"column":3}}},"13":{"name":"(anonymous_13)","decl":{"start":{"line":112,"column":26},"end":{"line":112,"column":27}},"loc":{"start":{"line":112,"column":50},"end":{"line":152,"column":4}}},"14":{"name":"(anonymous_14)","decl":{"start":{"line":142,"column":25},"end":{"line":142,"column":26}},"loc":{"start":{"line":142,"column":49},"end":{"line":147,"column":5}}},"15":{"name":"(anonymous_15)","decl":{"start":{"line":151,"column":15},"end":{"line":151,"column":18}},"loc":{"start":{"line":151,"column":21},"end":{"line":151,"column":54}}},"16":{"name":"(anonymous_16)","decl":{"start":{"line":158,"column":9},"end":{"line":158,"column":13}},"loc":{"start":{"line":158,"column":23},"end":{"line":164,"column":2}}},"17":{"name":"(anonymous_17)","decl":{"start":{"line":166,"column":9},"end":{"line":166,"column":22}},"loc":{"start":{"line":166,"column":31},"end":{"line":184,"column":2}}},"18":{"name":"(anonymous_18)","decl":{"start":{"line":186,"column":9},"end":{"line":186,"column":14}},"loc":{"start":{"line":186,"column":50},"end":{"line":211,"column":2}}},"19":{"name":"(anonymous_19)","decl":{"start":{"line":187,"column":21},"end":{"line":187,"column":22}},"loc":{"start":{"line":187,"column":41},"end":{"line":210,"column":3}}},"20":{"name":"(anonymous_20)","decl":{"start":{"line":204,"column":14},"end":{"line":204,"column":17}},"loc":{"start":{"line":204,"column":19},"end":{"line":209,"column":4}}},"21":{"name":"(anonymous_21)","decl":{"start":{"line":213,"column":1},"end":{"line":213,"column":6}},"loc":{"start":{"line":213,"column":51},"end":{"line":222,"column":2}}},"22":{"name":"(anonymous_22)","decl":{"start":{"line":224,"column":1},"end":{"line":224,"column":6}},"loc":{"start":{"line":224,"column":34},"end":{"line":272,"column":2}}},"23":{"name":"(anonymous_23)","decl":{"start":{"line":229,"column":21},"end":{"line":229,"column":22}},"loc":{"start":{"line":229,"column":41},"end":{"line":271,"column":3}}},"24":{"name":"(anonymous_24)","decl":{"start":{"line":239,"column":26},"end":{"line":239,"column":27}},"loc":{"start":{"line":239,"column":50},"end":{"line":248,"column":4}}},"25":{"name":"(anonymous_25)","decl":{"start":{"line":244,"column":36},"end":{"line":244,"column":37}},"loc":{"start":{"line":244,"column":41},"end":{"line":244,"column":91}}},"26":{"name":"(anonymous_26)","decl":{"start":{"line":264,"column":14},"end":{"line":264,"column":17}},"loc":{"start":{"line":264,"column":19},"end":{"line":270,"column":4}}},"27":{"name":"(anonymous_27)","decl":{"start":{"line":274,"column":1},"end":{"line":274,"column":6}},"loc":{"start":{"line":274,"column":57},"end":{"line":283,"column":2}}},"28":{"name":"(anonymous_28)","decl":{"start":{"line":285,"column":9},"end":{"line":285,"column":28}},"loc":{"start":{"line":285,"column":44},"end":{"line":304,"column":2}}},"29":{"name":"(anonymous_29)","decl":{"start":{"line":306,"column":9},"end":{"line":306,"column":30}},"loc":{"start":{"line":306,"column":81},"end":{"line":370,"column":2}}},"30":{"name":"(anonymous_30)","decl":{"start":{"line":317,"column":50},"end":{"line":317,"column":51}},"loc":{"start":{"line":317,"column":63},"end":{"line":323,"column":8}}},"31":{"name":"(anonymous_31)","decl":{"start":{"line":324,"column":54},"end":{"line":324,"column":55}},"loc":{"start":{"line":324,"column":67},"end":{"line":330,"column":8}}},"32":{"name":"(anonymous_32)","decl":{"start":{"line":331,"column":50},"end":{"line":331,"column":51}},"loc":{"start":{"line":331,"column":63},"end":{"line":337,"column":8}}},"33":{"name":"(anonymous_33)","decl":{"start":{"line":338,"column":48},"end":{"line":338,"column":49}},"loc":{"start":{"line":338,"column":61},"end":{"line":344,"column":8}}},"34":{"name":"(anonymous_34)","decl":{"start":{"line":345,"column":56},"end":{"line":345,"column":57}},"loc":{"start":{"line":345,"column":69},"end":{"line":351,"column":8}}},"35":{"name":"(anonymous_35)","decl":{"start":{"line":372,"column":1},"end":{"line":372,"column":12}},"loc":{"start":{"line":372,"column":12},"end":{"line":374,"column":2}}}},"branchMap":{"0":{"loc":{"start":{"line":37,"column":12},"end":{"line":37,"column":43}},"type":"cond-expr","locations":[{"start":{"line":37,"column":24},"end":{"line":37,"column":25}},{"start":{"line":37,"column":29},"end":{"line":37,"column":42}}]},"1":{"loc":{"start":{"line":50,"column":13},"end":{"line":50,"column":49}},"type":"default-arg","locations":[{"start":{"line":50,"column":47},"end":{"line":50,"column":49}}]},"2":{"loc":{"start":{"line":52,"column":15},"end":{"line":52,"column":58}},"type":"binary-expr","locations":[{"start":{"line":52,"column":15},"end":{"line":52,"column":32}},{"start":{"line":52,"column":36},"end":{"line":52,"column":58}}]},"3":{"loc":{"start":{"line":53,"column":12},"end":{"line":53,"column":35}},"type":"binary-expr","locations":[{"start":{"line":53,"column":12},"end":{"line":53,"column":26}},{"start":{"line":53,"column":30},"end":{"line":53,"column":35}}]},"4":{"loc":{"start":{"line":94,"column":2},"end":{"line":97,"column":3}},"type":"if","locations":[{"start":{"line":94,"column":2},"end":{"line":97,"column":3}},{"start":{},"end":{}}]},"5":{"loc":{"start":{"line":106,"column":3},"end":{"line":109,"column":4}},"type":"if","locations":[{"start":{"line":106,"column":3},"end":{"line":109,"column":4}},{"start":{},"end":{}}]},"6":{"loc":{"start":{"line":114,"column":4},"end":{"line":114,"column":50}},"type":"if","locations":[{"start":{"line":114,"column":4},"end":{"line":114,"column":50}},{"start":{},"end":{}}]},"7":{"loc":{"start":{"line":144,"column":5},"end":{"line":144,"column":72}},"type":"if","locations":[{"start":{"line":144,"column":5},"end":{"line":144,"column":72}},{"start":{},"end":{}}]},"8":{"loc":{"start":{"line":144,"column":9},"end":{"line":144,"column":63}},"type":"binary-expr","locations":[{"start":{"line":144,"column":9},"end":{"line":144,"column":27}},{"start":{"line":144,"column":31},"end":{"line":144,"column":63}}]},"9":{"loc":{"start":{"line":159,"column":2},"end":{"line":163,"column":3}},"type":"if","locations":[{"start":{"line":159,"column":2},"end":{"line":163,"column":3}},{"start":{"line":161,"column":9},"end":{"line":163,"column":3}}]},"10":{"loc":{"start":{"line":159,"column":6},"end":{"line":159,"column":31}},"type":"binary-expr","locations":[{"start":{"line":159,"column":6},"end":{"line":159,"column":13}},{"start":{"line":159,"column":17},"end":{"line":159,"column":31}}]},"11":{"loc":{"start":{"line":168,"column":2},"end":{"line":178,"column":3}},"type":"if","locations":[{"start":{"line":168,"column":2},"end":{"line":178,"column":3}},{"start":{},"end":{}}]},"12":{"loc":{"start":{"line":168,"column":6},"end":{"line":168,"column":34}},"type":"binary-expr","locations":[{"start":{"line":168,"column":6},"end":{"line":168,"column":24}},{"start":{"line":168,"column":28},"end":{"line":168,"column":34}}]},"13":{"loc":{"start":{"line":170,"column":3},"end":{"line":177,"column":4}},"type":"if","locations":[{"start":{"line":170,"column":3},"end":{"line":177,"column":4}},{"start":{},"end":{}}]},"14":{"loc":{"start":{"line":172,"column":4},"end":{"line":176,"column":5}},"type":"if","locations":[{"start":{"line":172,"column":4},"end":{"line":176,"column":5}},{"start":{"line":174,"column":11},"end":{"line":176,"column":5}}]},"15":{"loc":{"start":{"line":175,"column":30},"end":{"line":175,"column":68}},"type":"binary-expr","locations":[{"start":{"line":175,"column":30},"end":{"line":175,"column":48}},{"start":{"line":175,"column":52},"end":{"line":175,"column":68}}]},"16":{"loc":{"start":{"line":181,"column":2},"end":{"line":183,"column":3}},"type":"if","locations":[{"start":{"line":181,"column":2},"end":{"line":183,"column":3}},{"start":{},"end":{}}]},"17":{"loc":{"start":{"line":181,"column":6},"end":{"line":181,"column":64}},"type":"binary-expr","locations":[{"start":{"line":181,"column":6},"end":{"line":181,"column":24}},{"start":{"line":181,"column":28},"end":{"line":181,"column":44}},{"start":{"line":181,"column":48},"end":{"line":181,"column":64}}]},"18":{"loc":{"start":{"line":188,"column":3},"end":{"line":191,"column":4}},"type":"if","locations":[{"start":{"line":188,"column":3},"end":{"line":191,"column":4}},{"start":{},"end":{}}]},"19":{"loc":{"start":{"line":188,"column":7},"end":{"line":188,"column":34}},"type":"binary-expr","locations":[{"start":{"line":188,"column":7},"end":{"line":188,"column":15}},{"start":{"line":188,"column":19},"end":{"line":188,"column":34}}]},"20":{"loc":{"start":{"line":205,"column":4},"end":{"line":208,"column":5}},"type":"if","locations":[{"start":{"line":205,"column":4},"end":{"line":208,"column":5}},{"start":{},"end":{}}]},"21":{"loc":{"start":{"line":213,"column":21},"end":{"line":213,"column":51}},"type":"default-arg","locations":[{"start":{"line":213,"column":39},"end":{"line":213,"column":51}}]},"22":{"loc":{"start":{"line":214,"column":2},"end":{"line":214,"column":46}},"type":"if","locations":[{"start":{"line":214,"column":2},"end":{"line":214,"column":46}},{"start":{},"end":{}}]},"23":{"loc":{"start":{"line":217,"column":2},"end":{"line":220,"column":3}},"type":"if","locations":[{"start":{"line":217,"column":2},"end":{"line":220,"column":3}},{"start":{},"end":{}}]},"24":{"loc":{"start":{"line":225,"column":2},"end":{"line":227,"column":3}},"type":"if","locations":[{"start":{"line":225,"column":2},"end":{"line":227,"column":3}},{"start":{},"end":{}}]},"25":{"loc":{"start":{"line":230,"column":3},"end":{"line":233,"column":4}},"type":"if","locations":[{"start":{"line":230,"column":3},"end":{"line":233,"column":4}},{"start":{},"end":{}}]},"26":{"loc":{"start":{"line":230,"column":7},"end":{"line":230,"column":34}},"type":"binary-expr","locations":[{"start":{"line":230,"column":7},"end":{"line":230,"column":15}},{"start":{"line":230,"column":19},"end":{"line":230,"column":34}}]},"27":{"loc":{"start":{"line":241,"column":4},"end":{"line":246,"column":5}},"type":"if","locations":[{"start":{"line":241,"column":4},"end":{"line":246,"column":5}},{"start":{},"end":{}}]},"28":{"loc":{"start":{"line":241,"column":8},"end":{"line":241,"column":43}},"type":"binary-expr","locations":[{"start":{"line":241,"column":8},"end":{"line":241,"column":26}},{"start":{"line":241,"column":30},"end":{"line":241,"column":43}}]},"29":{"loc":{"start":{"line":244,"column":41},"end":{"line":244,"column":91}},"type":"binary-expr","locations":[{"start":{"line":244,"column":41},"end":{"line":244,"column":59}},{"start":{"line":244,"column":63},"end":{"line":244,"column":91}}]},"30":{"loc":{"start":{"line":245,"column":13},"end":{"line":245,"column":54}},"type":"binary-expr","locations":[{"start":{"line":245,"column":13},"end":{"line":245,"column":48}},{"start":{"line":245,"column":52},"end":{"line":245,"column":54}}]},"31":{"loc":{"start":{"line":266,"column":4},"end":{"line":269,"column":5}},"type":"if","locations":[{"start":{"line":266,"column":4},"end":{"line":269,"column":5}},{"start":{},"end":{}}]},"32":{"loc":{"start":{"line":310,"column":3},"end":{"line":356,"column":4}},"type":"if","locations":[{"start":{"line":310,"column":3},"end":{"line":356,"column":4}},{"start":{},"end":{}}]},"33":{"loc":{"start":{"line":315,"column":15},"end":{"line":315,"column":39}},"type":"binary-expr","locations":[{"start":{"line":315,"column":15},"end":{"line":315,"column":30}},{"start":{"line":315,"column":34},"end":{"line":315,"column":39}}]},"34":{"loc":{"start":{"line":317,"column":15},"end":{"line":317,"column":44}},"type":"binary-expr","locations":[{"start":{"line":317,"column":15},"end":{"line":317,"column":38}},{"start":{"line":317,"column":42},"end":{"line":317,"column":44}}]},"35":{"loc":{"start":{"line":320,"column":19},"end":{"line":320,"column":38}},"type":"binary-expr","locations":[{"start":{"line":320,"column":19},"end":{"line":320,"column":31}},{"start":{"line":320,"column":35},"end":{"line":320,"column":38}}]},"36":{"loc":{"start":{"line":321,"column":16},"end":{"line":321,"column":36}},"type":"binary-expr","locations":[{"start":{"line":321,"column":16},"end":{"line":321,"column":25}},{"start":{"line":321,"column":29},"end":{"line":321,"column":36}}]},"37":{"loc":{"start":{"line":322,"column":19},"end":{"line":322,"column":40}},"type":"binary-expr","locations":[{"start":{"line":322,"column":19},"end":{"line":322,"column":31}},{"start":{"line":322,"column":35},"end":{"line":322,"column":40}}]},"38":{"loc":{"start":{"line":324,"column":17},"end":{"line":324,"column":48}},"type":"binary-expr","locations":[{"start":{"line":324,"column":17},"end":{"line":324,"column":42}},{"start":{"line":324,"column":46},"end":{"line":324,"column":48}}]},"39":{"loc":{"start":{"line":327,"column":19},"end":{"line":327,"column":38}},"type":"binary-expr","locations":[{"start":{"line":327,"column":19},"end":{"line":327,"column":31}},{"start":{"line":327,"column":35},"end":{"line":327,"column":38}}]},"40":{"loc":{"start":{"line":328,"column":16},"end":{"line":328,"column":36}},"type":"binary-expr","locations":[{"start":{"line":328,"column":16},"end":{"line":328,"column":25}},{"start":{"line":328,"column":29},"end":{"line":328,"column":36}}]},"41":{"loc":{"start":{"line":329,"column":19},"end":{"line":329,"column":40}},"type":"binary-expr","locations":[{"start":{"line":329,"column":19},"end":{"line":329,"column":31}},{"start":{"line":329,"column":35},"end":{"line":329,"column":40}}]},"42":{"loc":{"start":{"line":331,"column":15},"end":{"line":331,"column":44}},"type":"binary-expr","locations":[{"start":{"line":331,"column":15},"end":{"line":331,"column":38}},{"start":{"line":331,"column":42},"end":{"line":331,"column":44}}]},"43":{"loc":{"start":{"line":334,"column":19},"end":{"line":334,"column":38}},"type":"binary-expr","locations":[{"start":{"line":334,"column":19},"end":{"line":334,"column":31}},{"start":{"line":334,"column":35},"end":{"line":334,"column":38}}]},"44":{"loc":{"start":{"line":335,"column":16},"end":{"line":335,"column":36}},"type":"binary-expr","locations":[{"start":{"line":335,"column":16},"end":{"line":335,"column":25}},{"start":{"line":335,"column":29},"end":{"line":335,"column":36}}]},"45":{"loc":{"start":{"line":338,"column":14},"end":{"line":338,"column":42}},"type":"binary-expr","locations":[{"start":{"line":338,"column":14},"end":{"line":338,"column":36}},{"start":{"line":338,"column":40},"end":{"line":338,"column":42}}]},"46":{"loc":{"start":{"line":341,"column":19},"end":{"line":341,"column":38}},"type":"binary-expr","locations":[{"start":{"line":341,"column":19},"end":{"line":341,"column":31}},{"start":{"line":341,"column":35},"end":{"line":341,"column":38}}]},"47":{"loc":{"start":{"line":342,"column":16},"end":{"line":342,"column":36}},"type":"binary-expr","locations":[{"start":{"line":342,"column":16},"end":{"line":342,"column":25}},{"start":{"line":342,"column":29},"end":{"line":342,"column":36}}]},"48":{"loc":{"start":{"line":345,"column":18},"end":{"line":345,"column":50}},"type":"binary-expr","locations":[{"start":{"line":345,"column":18},"end":{"line":345,"column":44}},{"start":{"line":345,"column":48},"end":{"line":345,"column":50}}]},"49":{"loc":{"start":{"line":348,"column":19},"end":{"line":348,"column":38}},"type":"binary-expr","locations":[{"start":{"line":348,"column":19},"end":{"line":348,"column":31}},{"start":{"line":348,"column":35},"end":{"line":348,"column":38}}]},"50":{"loc":{"start":{"line":349,"column":16},"end":{"line":349,"column":36}},"type":"binary-expr","locations":[{"start":{"line":349,"column":16},"end":{"line":349,"column":25}},{"start":{"line":349,"column":29},"end":{"line":349,"column":36}}]},"51":{"loc":{"start":{"line":353,"column":24},"end":{"line":353,"column":54}},"type":"binary-expr","locations":[{"start":{"line":353,"column":24},"end":{"line":353,"column":48}},{"start":{"line":353,"column":52},"end":{"line":353,"column":54}}]},"52":{"loc":{"start":{"line":354,"column":17},"end":{"line":354,"column":40}},"type":"binary-expr","locations":[{"start":{"line":354,"column":17},"end":{"line":354,"column":34}},{"start":{"line":354,"column":38},"end":{"line":354,"column":40}}]}},"s":{"0":0,"1":0,"2":0,"3":0,"4":0,"5":0,"6":0,"7":0,"8":0,"9":0,"10":0,"11":0,"12":0,"13":0,"14":0,"15":0,"16":0,"17":0,"18":0,"19":0,"20":0,"21":0,"22":0,"23":0,"24":0,"25":0,"26":0,"27":0,"28":0,"29":0,"30":0,"31":0,"32":0,"33":0,"34":0,"35":0,"36":0,"37":0,"38":0,"39":0,"40":0,"41":0,"42":0,"43":0,"44":0,"45":0,"46":0,"47":0,"48":0,"49":0,"50":0,"51":0,"52":0,"53":0,"54":0,"55":0,"56":0,"57":0,"58":0,"59":0,"60":0,"61":0,"62":0,"63":0,"64":0,"65":0,"66":0,"67":0,"68":0,"69":0,"70":0,"71":0,"72":0,"73":0,"74":0,"75":0,"76":0,"77":0,"78":0,"79":0,"80":0,"81":0,"82":0,"83":0,"84":0,"85":0,"86":0,"87":0,"88":0,"89":0,"90":0,"91":0,"92":0,"93":0,"94":0,"95":0,"96":0,"97":0,"98":0,"99":0,"100":0,"101":0,"102":0,"103":0,"104":0,"105":0,"106":0,"107":0,"108":0,"109":0,"110":0,"111":0,"112":0,"113":0,"114":0,"115":0,"116":0,"117":0,"118":0,"119":0,"120":0,"121":0,"122":0,"123":0},"f":{"0":0,"1":0,"2":0,"3":0,"4":0,"5":0,"6":0,"7":0,"8":0,"9":0,"10":0,"11":0,"12":0,"13":0,"14":0,"15":0,"16":0,"17":0,"18":0,"19":0,"20":0,"21":0,"22":0,"23":0,"24":0,"25":0,"26":0,"27":0,"28":0,"29":0,"30":0,"31":0,"32":0,"33":0,"34":0,"35":0},"b":{"0":[0,0],"1":[0],"2":[0,0],"3":[0,0],"4":[0,0],"5":[0,0],"6":[0,0],"7":[0,0],"8":[0,0],"9":[0,0],"10":[0,0],"11":[0,0],"12":[0,0],"13":[0,0],"14":[0,0],"15":[0,0],"16":[0,0],"17":[0,0,0],"18":[0,0],"19":[0,0],"20":[0,0],"21":[0],"22":[0,0],"23":[0,0],"24":[0,0],"25":[0,0],"26":[0,0],"27":[0,0],"28":[0,0],"29":[0,0],"30":[0,0],"31":[0,0],"32":[0,0],"33":[0,0],"34":[0,0],"35":[0,0],"36":[0,0],"37":[0,0],"38":[0,0],"39":[0,0],"40":[0,0],"41":[0,0],"42":[0,0],"43":[0,0],"44":[0,0],"45":[0,0],"46":[0,0],"47":[0,0],"48":[0,0],"49":[0,0],"50":[0,0],"51":[0,0],"52":[0,0]}}
,"/Users/vincent/lifewiki/src/entities/manager.ts": {"path":"/Users/vincent/lifewiki/src/entities/manager.ts","statementMap":{"0":{"start":{"line":6,"column":0},"end":{"line":6,"column":70}},"1":{"start":{"line":9,"column":51},"end":{"line":15,"column":2}},"2":{"start":{"line":17,"column":26},"end":{"line":17,"column":32}},"3":{"start":{"line":21,"column":9},"end":{"line":21,"column":54}},"4":{"start":{"line":22,"column":9},"end":{"line":22,"column":43}},"5":{"start":{"line":25,"column":2},"end":{"line":25,"column":17}},"6":{"start":{"line":26,"column":2},"end":{"line":26,"column":26}},"7":{"start":{"line":33,"column":16},"end":{"line":33,"column":30}},"8":{"start":{"line":34,"column":22},"end":{"line":34,"column":58}},"9":{"start":{"line":36,"column":2},"end":{"line":38,"column":3}},"10":{"start":{"line":37,"column":3},"end":{"line":37,"column":10}},"11":{"start":{"line":41,"column":2},"end":{"line":46,"column":3}},"12":{"start":{"line":42,"column":18},"end":{"line":42,"column":57}},"13":{"start":{"line":43,"column":3},"end":{"line":45,"column":4}},"14":{"start":{"line":44,"column":4},"end":{"line":44,"column":55}},"15":{"start":{"line":48,"column":2},"end":{"line":48,"column":34}},"16":{"start":{"line":49,"column":2},"end":{"line":49,"column":69}},"17":{"start":{"line":56,"column":2},"end":{"line":60,"column":3}},"18":{"start":{"line":57,"column":3},"end":{"line":59,"column":4}},"19":{"start":{"line":58,"column":4},"end":{"line":58,"column":37}},"20":{"start":{"line":67,"column":2},"end":{"line":106,"column":3}},"21":{"start":{"line":68,"column":19},"end":{"line":68,"column":50}},"22":{"start":{"line":69,"column":17},"end":{"line":69,"column":58}},"23":{"start":{"line":72,"column":23},"end":{"line":72,"column":47}},"24":{"start":{"line":73,"column":22},"end":{"line":73,"column":82}},"25":{"start":{"line":75,"column":3},"end":{"line":77,"column":4}},"26":{"start":{"line":76,"column":4},"end":{"line":76,"column":16}},"27":{"start":{"line":80,"column":20},"end":{"line":80,"column":52}},"28":{"start":{"line":82,"column":26},"end":{"line":99,"column":5}},"29":{"start":{"line":101,"column":3},"end":{"line":101,"column":42}},"30":{"start":{"line":102,"column":3},"end":{"line":102,"column":17}},"31":{"start":{"line":104,"column":3},"end":{"line":104,"column":67}},"32":{"start":{"line":105,"column":3},"end":{"line":105,"column":15}},"33":{"start":{"line":113,"column":2},"end":{"line":113,"column":30}},"34":{"start":{"line":113,"column":18},"end":{"line":113,"column":30}},"35":{"start":{"line":115,"column":46},"end":{"line":126,"column":4}},"36":{"start":{"line":128,"column":2},"end":{"line":128,"column":50}},"37":{"start":{"line":136,"column":13},"end":{"line":136,"column":14}},"38":{"start":{"line":137,"column":2},"end":{"line":141,"column":3}},"39":{"start":{"line":137,"column":15},"end":{"line":137,"column":16}},"40":{"start":{"line":138,"column":16},"end":{"line":138,"column":34}},"41":{"start":{"line":139,"column":3},"end":{"line":139,"column":38}},"42":{"start":{"line":140,"column":3},"end":{"line":140,"column":22}},"43":{"start":{"line":142,"column":2},"end":{"line":142,"column":49}},"44":{"start":{"line":149,"column":28},"end":{"line":149,"column":30}},"45":{"start":{"line":150,"column":21},"end":{"line":150,"column":40}},"46":{"start":{"line":152,"column":2},"end":{"line":167,"column":3}},"47":{"start":{"line":153,"column":3},"end":{"line":155,"column":4}},"48":{"start":{"line":154,"column":4},"end":{"line":154,"column":13}},"49":{"start":{"line":158,"column":3},"end":{"line":161,"column":4}},"50":{"start":{"line":159,"column":4},"end":{"line":159,"column":25}},"51":{"start":{"line":160,"column":4},"end":{"line":160,"column":13}},"52":{"start":{"line":164,"column":3},"end":{"line":166,"column":4}},"53":{"start":{"line":164,"column":32},"end":{"line":164,"column":68}},"54":{"start":{"line":165,"column":4},"end":{"line":165,"column":25}},"55":{"start":{"line":169,"column":2},"end":{"line":169,"column":17}},"56":{"start":{"line":176,"column":20},"end":{"line":176,"column":38}},"57":{"start":{"line":178,"column":2},"end":{"line":185,"column":3}},"58":{"start":{"line":179,"column":3},"end":{"line":181,"column":4}},"59":{"start":{"line":180,"column":4},"end":{"line":180,"column":18}},"60":{"start":{"line":182,"column":3},"end":{"line":184,"column":4}},"61":{"start":{"line":182,"column":32},"end":{"line":182,"column":61}},"62":{"start":{"line":183,"column":4},"end":{"line":183,"column":18}},"63":{"start":{"line":187,"column":2},"end":{"line":187,"column":14}},"64":{"start":{"line":194,"column":2},"end":{"line":194,"column":42}},"65":{"start":{"line":201,"column":17},"end":{"line":201,"column":82}},"66":{"start":{"line":203,"column":2},"end":{"line":206,"column":3}},"67":{"start":{"line":205,"column":3},"end":{"line":205,"column":66}},"68":{"start":{"line":208,"column":19},"end":{"line":208,"column":39}},"69":{"start":{"line":209,"column":19},"end":{"line":209,"column":63}},"70":{"start":{"line":212,"column":19},"end":{"line":212,"column":50}},"71":{"start":{"line":214,"column":29},"end":{"line":218,"column":4}},"72":{"start":{"line":221,"column":18},"end":{"line":221,"column":51}},"73":{"start":{"line":222,"column":2},"end":{"line":222,"column":49}},"74":{"start":{"line":225,"column":2},"end":{"line":225,"column":45}},"75":{"start":{"line":227,"column":2},"end":{"line":227,"column":20}},"76":{"start":{"line":234,"column":19},"end":{"line":234,"column":43}},"77":{"start":{"line":235,"column":2},"end":{"line":237,"column":3}},"78":{"start":{"line":236,"column":3},"end":{"line":236,"column":15}},"79":{"start":{"line":239,"column":26},"end":{"line":243,"column":4}},"80":{"start":{"line":246,"column":18},"end":{"line":246,"column":48}},"81":{"start":{"line":247,"column":2},"end":{"line":247,"column":65}},"82":{"start":{"line":250,"column":2},"end":{"line":250,"column":36}},"83":{"start":{"line":252,"column":2},"end":{"line":252,"column":17}},"84":{"start":{"line":259,"column":17},"end":{"line":259,"column":47}},"85":{"start":{"line":260,"column":2},"end":{"line":260,"column":22}},"86":{"start":{"line":260,"column":15},"end":{"line":260,"column":22}},"87":{"start":{"line":262,"column":30},"end":{"line":262,"column":67}},"88":{"start":{"line":263,"column":2},"end":{"line":266,"column":5}},"89":{"start":{"line":273,"column":22},"end":{"line":273,"column":54}},"90":{"start":{"line":274,"column":15},"end":{"line":274,"column":40}},"91":{"start":{"line":276,"column":2},"end":{"line":280,"column":9}},"92":{"start":{"line":287,"column":26},"end":{"line":287,"column":28}},"93":{"start":{"line":290,"column":2},"end":{"line":290,"column":42}},"94":{"start":{"line":291,"column":2},"end":{"line":291,"column":46}},"95":{"start":{"line":292,"column":2},"end":{"line":292,"column":50}},"96":{"start":{"line":293,"column":2},"end":{"line":293,"column":50}},"97":{"start":{"line":294,"column":2},"end":{"line":294,"column":49}},"98":{"start":{"line":295,"column":2},"end":{"line":295,"column":68}},"99":{"start":{"line":296,"column":2},"end":{"line":296,"column":99}},"100":{"start":{"line":299,"column":2},"end":{"line":299,"column":58}},"101":{"start":{"line":300,"column":2},"end":{"line":300,"column":65}},"102":{"start":{"line":303,"column":2},"end":{"line":303,"column":92}},"103":{"start":{"line":303,"column":50},"end":{"line":303,"column":75}},"104":{"start":{"line":304,"column":2},"end":{"line":304,"column":86}},"105":{"start":{"line":304,"column":44},"end":{"line":304,"column":69}},"106":{"start":{"line":307,"column":2},"end":{"line":309,"column":3}},"107":{"start":{"line":308,"column":3},"end":{"line":308,"column":63}},"108":{"start":{"line":312,"column":2},"end":{"line":319,"column":3}},"109":{"start":{"line":313,"column":3},"end":{"line":313,"column":35}},"110":{"start":{"line":314,"column":3},"end":{"line":318,"column":4}},"111":{"start":{"line":315,"column":4},"end":{"line":315,"column":57}},"112":{"start":{"line":316,"column":4},"end":{"line":316,"column":50}},"113":{"start":{"line":317,"column":4},"end":{"line":317,"column":65}},"114":{"start":{"line":322,"column":2},"end":{"line":332,"column":3}},"115":{"start":{"line":323,"column":3},"end":{"line":323,"column":31}},"116":{"start":{"line":324,"column":3},"end":{"line":331,"column":4}},"117":{"start":{"line":325,"column":4},"end":{"line":325,"column":60}},"118":{"start":{"line":326,"column":4},"end":{"line":326,"column":50}},"119":{"start":{"line":327,"column":4},"end":{"line":327,"column":73}},"120":{"start":{"line":328,"column":4},"end":{"line":330,"column":5}},"121":{"start":{"line":329,"column":5},"end":{"line":329,"column":71}},"122":{"start":{"line":335,"column":2},"end":{"line":346,"column":3}},"123":{"start":{"line":336,"column":3},"end":{"line":336,"column":27}},"124":{"start":{"line":337,"column":3},"end":{"line":345,"column":4}},"125":{"start":{"line":338,"column":4},"end":{"line":344,"column":5}},"126":{"start":{"line":339,"column":5},"end":{"line":339,"column":57}},"127":{"start":{"line":340,"column":11},"end":{"line":344,"column":5}},"128":{"start":{"line":341,"column":5},"end":{"line":341,"column":95}},"129":{"start":{"line":341,"column":45},"end":{"line":341,"column":78}},"130":{"start":{"line":343,"column":5},"end":{"line":343,"column":38}},"131":{"start":{"line":348,"column":2},"end":{"line":348,"column":26}},"132":{"start":{"line":352,"column":2},"end":{"line":352,"column":56}},"133":{"start":{"line":359,"column":26},"end":{"line":359,"column":28}},"134":{"start":{"line":361,"column":2},"end":{"line":361,"column":34}},"135":{"start":{"line":362,"column":2},"end":{"line":362,"column":17}},"136":{"start":{"line":365,"column":2},"end":{"line":369,"column":3}},"137":{"start":{"line":366,"column":3},"end":{"line":366,"column":23}},"138":{"start":{"line":367,"column":3},"end":{"line":367,"column":30}},"139":{"start":{"line":368,"column":3},"end":{"line":368,"column":18}},"140":{"start":{"line":374,"column":2},"end":{"line":374,"column":26}},"141":{"start":{"line":381,"column":28},"end":{"line":381,"column":30}},"142":{"start":{"line":382,"column":2},"end":{"line":386,"column":3}},"143":{"start":{"line":383,"column":3},"end":{"line":385,"column":4}},"144":{"start":{"line":384,"column":4},"end":{"line":384,"column":25}},"145":{"start":{"line":387,"column":2},"end":{"line":387,"column":17}},"146":{"start":{"line":394,"column":28},"end":{"line":394,"column":30}},"147":{"start":{"line":395,"column":2},"end":{"line":399,"column":3}},"148":{"start":{"line":396,"column":3},"end":{"line":398,"column":4}},"149":{"start":{"line":397,"column":4},"end":{"line":397,"column":25}},"150":{"start":{"line":400,"column":2},"end":{"line":400,"column":17}},"151":{"start":{"line":19,"column":0},"end":{"line":19,"column":13}}},"fnMap":{"0":{"name":"(anonymous_0)","decl":{"start":{"line":24,"column":1},"end":{"line":24,"column":13}},"loc":{"start":{"line":24,"column":21},"end":{"line":27,"column":2}}},"1":{"name":"(anonymous_1)","decl":{"start":{"line":32,"column":9},"end":{"line":32,"column":14}},"loc":{"start":{"line":32,"column":31},"end":{"line":50,"column":2}}},"2":{"name":"(anonymous_2)","decl":{"start":{"line":55,"column":9},"end":{"line":55,"column":14}},"loc":{"start":{"line":55,"column":60},"end":{"line":61,"column":2}}},"3":{"name":"(anonymous_3)","decl":{"start":{"line":66,"column":1},"end":{"line":66,"column":6}},"loc":{"start":{"line":66,"column":47},"end":{"line":107,"column":2}}},"4":{"name":"(anonymous_4)","decl":{"start":{"line":112,"column":9},"end":{"line":112,"column":24}},"loc":{"start":{"line":112,"column":54},"end":{"line":129,"column":2}}},"5":{"name":"(anonymous_5)","decl":{"start":{"line":134,"column":9},"end":{"line":134,"column":25}},"loc":{"start":{"line":134,"column":38},"end":{"line":143,"column":2}}},"6":{"name":"(anonymous_6)","decl":{"start":{"line":148,"column":1},"end":{"line":148,"column":15}},"loc":{"start":{"line":148,"column":51},"end":{"line":170,"column":2}}},"7":{"name":"(anonymous_7)","decl":{"start":{"line":164,"column":27},"end":{"line":164,"column":28}},"loc":{"start":{"line":164,"column":32},"end":{"line":164,"column":68}}},"8":{"name":"(anonymous_8)","decl":{"start":{"line":175,"column":1},"end":{"line":175,"column":11}},"loc":{"start":{"line":175,"column":24},"end":{"line":188,"column":2}}},"9":{"name":"(anonymous_9)","decl":{"start":{"line":182,"column":27},"end":{"line":182,"column":28}},"loc":{"start":{"line":182,"column":32},"end":{"line":182,"column":61}}},"10":{"name":"(anonymous_10)","decl":{"start":{"line":193,"column":1},"end":{"line":193,"column":10}},"loc":{"start":{"line":193,"column":21},"end":{"line":195,"column":2}}},"11":{"name":"(anonymous_11)","decl":{"start":{"line":200,"column":1},"end":{"line":200,"column":6}},"loc":{"start":{"line":200,"column":45},"end":{"line":228,"column":2}}},"12":{"name":"(anonymous_12)","decl":{"start":{"line":233,"column":1},"end":{"line":233,"column":6}},"loc":{"start":{"line":233,"column":56},"end":{"line":253,"column":2}}},"13":{"name":"(anonymous_13)","decl":{"start":{"line":258,"column":1},"end":{"line":258,"column":6}},"loc":{"start":{"line":258,"column":78},"end":{"line":267,"column":2}}},"14":{"name":"(anonymous_14)","decl":{"start":{"line":272,"column":9},"end":{"line":272,"column":25}},"loc":{"start":{"line":272,"column":40},"end":{"line":281,"column":2}}},"15":{"name":"(anonymous_15)","decl":{"start":{"line":286,"column":9},"end":{"line":286,"column":28}},"loc":{"start":{"line":286,"column":43},"end":{"line":349,"column":2}}},"16":{"name":"(anonymous_16)","decl":{"start":{"line":303,"column":45},"end":{"line":303,"column":46}},"loc":{"start":{"line":303,"column":50},"end":{"line":303,"column":75}}},"17":{"name":"(anonymous_17)","decl":{"start":{"line":304,"column":39},"end":{"line":304,"column":40}},"loc":{"start":{"line":304,"column":44},"end":{"line":304,"column":69}}},"18":{"name":"(anonymous_18)","decl":{"start":{"line":341,"column":40},"end":{"line":341,"column":41}},"loc":{"start":{"line":341,"column":45},"end":{"line":341,"column":78}}},"19":{"name":"(anonymous_19)","decl":{"start":{"line":351,"column":9},"end":{"line":351,"column":19}},"loc":{"start":{"line":351,"column":31},"end":{"line":353,"column":2}}},"20":{"name":"(anonymous_20)","decl":{"start":{"line":358,"column":9},"end":{"line":358,"column":21}},"loc":{"start":{"line":358,"column":36},"end":{"line":375,"column":2}}},"21":{"name":"(anonymous_21)","decl":{"start":{"line":380,"column":1},"end":{"line":380,"column":18}},"loc":{"start":{"line":380,"column":35},"end":{"line":388,"column":2}}},"22":{"name":"(anonymous_22)","decl":{"start":{"line":393,"column":1},"end":{"line":393,"column":20}},"loc":{"start":{"line":393,"column":20},"end":{"line":401,"column":2}}}},"branchMap":{"0":{"loc":{"start":{"line":36,"column":2},"end":{"line":38,"column":3}},"type":"if","locations":[{"start":{"line":36,"column":2},"end":{"line":38,"column":3}},{"start":{},"end":{}}]},"1":{"loc":{"start":{"line":36,"column":6},"end":{"line":36,"column":55}},"type":"binary-expr","locations":[{"start":{"line":36,"column":6},"end":{"line":36,"column":18}},{"start":{"line":36,"column":22},"end":{"line":36,"column":55}}]},"2":{"loc":{"start":{"line":43,"column":3},"end":{"line":45,"column":4}},"type":"if","locations":[{"start":{"line":43,"column":3},"end":{"line":45,"column":4}},{"start":{},"end":{}}]},"3":{"loc":{"start":{"line":57,"column":3},"end":{"line":59,"column":4}},"type":"if","locations":[{"start":{"line":57,"column":3},"end":{"line":59,"column":4}},{"start":{},"end":{}}]},"4":{"loc":{"start":{"line":57,"column":7},"end":{"line":57,"column":55}},"type":"binary-expr","locations":[{"start":{"line":57,"column":7},"end":{"line":57,"column":28}},{"start":{"line":57,"column":32},"end":{"line":57,"column":55}}]},"5":{"loc":{"start":{"line":72,"column":23},"end":{"line":72,"column":47}},"type":"binary-expr","locations":[{"start":{"line":72,"column":23},"end":{"line":72,"column":41}},{"start":{"line":72,"column":45},"end":{"line":72,"column":47}}]},"6":{"loc":{"start":{"line":73,"column":22},"end":{"line":73,"column":82}},"type":"binary-expr","locations":[{"start":{"line":73,"column":22},"end":{"line":73,"column":26}},{"start":{"line":73,"column":30},"end":{"line":73,"column":82}}]},"7":{"loc":{"start":{"line":75,"column":3},"end":{"line":77,"column":4}},"type":"if","locations":[{"start":{"line":75,"column":3},"end":{"line":77,"column":4}},{"start":{},"end":{}}]},"8":{"loc":{"start":{"line":85,"column":11},"end":{"line":85,"column":45}},"type":"binary-expr","locations":[{"start":{"line":85,"column":11},"end":{"line":85,"column":28}},{"start":{"line":85,"column":32},"end":{"line":85,"column":45}}]},"9":{"loc":{"start":{"line":86,"column":14},"end":{"line":86,"column":73}},"type":"binary-expr","locations":[{"start":{"line":86,"column":14},"end":{"line":86,"column":35}},{"start":{"line":86,"column":39},"end":{"line":86,"column":56}},{"start":{"line":86,"column":60},"end":{"line":86,"column":73}}]},"10":{"loc":{"start":{"line":87,"column":13},"end":{"line":87,"column":38}},"type":"binary-expr","locations":[{"start":{"line":87,"column":13},"end":{"line":87,"column":32}},{"start":{"line":87,"column":36},"end":{"line":87,"column":38}}]},"11":{"loc":{"start":{"line":88,"column":10},"end":{"line":88,"column":32}},"type":"binary-expr","locations":[{"start":{"line":88,"column":10},"end":{"line":88,"column":26}},{"start":{"line":88,"column":30},"end":{"line":88,"column":32}}]},"12":{"loc":{"start":{"line":89,"column":13},"end":{"line":89,"column":38}},"type":"binary-expr","locations":[{"start":{"line":89,"column":13},"end":{"line":89,"column":32}},{"start":{"line":89,"column":36},"end":{"line":89,"column":38}}]},"13":{"loc":{"start":{"line":90,"column":16},"end":{"line":90,"column":45}},"type":"binary-expr","locations":[{"start":{"line":90,"column":16},"end":{"line":90,"column":38}},{"start":{"line":90,"column":42},"end":{"line":90,"column":45}}]},"14":{"loc":{"start":{"line":91,"column":24},"end":{"line":91,"column":68}},"type":"binary-expr","locations":[{"start":{"line":91,"column":24},"end":{"line":91,"column":55}},{"start":{"line":91,"column":59},"end":{"line":91,"column":68}}]},"15":{"loc":{"start":{"line":92,"column":15},"end":{"line":92,"column":56}},"type":"binary-expr","locations":[{"start":{"line":92,"column":15},"end":{"line":92,"column":37}},{"start":{"line":92,"column":41},"end":{"line":92,"column":56}}]},"16":{"loc":{"start":{"line":93,"column":15},"end":{"line":93,"column":48}},"type":"binary-expr","locations":[{"start":{"line":93,"column":15},"end":{"line":93,"column":37}},{"start":{"line":93,"column":41},"end":{"line":93,"column":48}}]},"17":{"loc":{"start":{"line":94,"column":17},"end":{"line":94,"column":60}},"type":"binary-expr","locations":[{"start":{"line":94,"column":17},"end":{"line":94,"column":41}},{"start":{"line":94,"column":45},"end":{"line":94,"column":60}}]},"18":{"loc":{"start":{"line":95,"column":21},"end":{"line":95,"column":55}},"type":"binary-expr","locations":[{"start":{"line":95,"column":21},"end":{"line":95,"column":49}},{"start":{"line":95,"column":53},"end":{"line":95,"column":55}}]},"19":{"loc":{"start":{"line":96,"column":18},"end":{"line":96,"column":48}},"type":"binary-expr","locations":[{"start":{"line":96,"column":18},"end":{"line":96,"column":42}},{"start":{"line":96,"column":46},"end":{"line":96,"column":48}}]},"20":{"loc":{"start":{"line":97,"column":14},"end":{"line":97,"column":40}},"type":"binary-expr","locations":[{"start":{"line":97,"column":14},"end":{"line":97,"column":34}},{"start":{"line":97,"column":38},"end":{"line":97,"column":40}}]},"21":{"loc":{"start":{"line":113,"column":2},"end":{"line":113,"column":30}},"type":"if","locations":[{"start":{"line":113,"column":2},"end":{"line":113,"column":30}},{"start":{},"end":{}}]},"22":{"loc":{"start":{"line":128,"column":9},"end":{"line":128,"column":49}},"type":"binary-expr","locations":[{"start":{"line":128,"column":9},"end":{"line":128,"column":41}},{"start":{"line":128,"column":45},"end":{"line":128,"column":49}}]},"23":{"loc":{"start":{"line":153,"column":3},"end":{"line":155,"column":4}},"type":"if","locations":[{"start":{"line":153,"column":3},"end":{"line":155,"column":4}},{"start":{},"end":{}}]},"24":{"loc":{"start":{"line":153,"column":7},"end":{"line":153,"column":44}},"type":"binary-expr","locations":[{"start":{"line":153,"column":7},"end":{"line":153,"column":12}},{"start":{"line":153,"column":16},"end":{"line":153,"column":44}}]},"25":{"loc":{"start":{"line":158,"column":3},"end":{"line":161,"column":4}},"type":"if","locations":[{"start":{"line":158,"column":3},"end":{"line":161,"column":4}},{"start":{},"end":{}}]},"26":{"loc":{"start":{"line":164,"column":3},"end":{"line":166,"column":4}},"type":"if","locations":[{"start":{"line":164,"column":3},"end":{"line":166,"column":4}},{"start":{},"end":{}}]},"27":{"loc":{"start":{"line":179,"column":3},"end":{"line":181,"column":4}},"type":"if","locations":[{"start":{"line":179,"column":3},"end":{"line":181,"column":4}},{"start":{},"end":{}}]},"28":{"loc":{"start":{"line":182,"column":3},"end":{"line":184,"column":4}},"type":"if","locations":[{"start":{"line":182,"column":3},"end":{"line":184,"column":4}},{"start":{},"end":{}}]},"29":{"loc":{"start":{"line":194,"column":9},"end":{"line":194,"column":41}},"type":"binary-expr","locations":[{"start":{"line":194,"column":9},"end":{"line":194,"column":33}},{"start":{"line":194,"column":37},"end":{"line":194,"column":41}}]},"30":{"loc":{"start":{"line":203,"column":2},"end":{"line":206,"column":3}},"type":"if","locations":[{"start":{"line":203,"column":2},"end":{"line":206,"column":3}},{"start":{},"end":{}}]},"31":{"loc":{"start":{"line":235,"column":2},"end":{"line":237,"column":3}},"type":"if","locations":[{"start":{"line":235,"column":2},"end":{"line":237,"column":3}},{"start":{},"end":{}}]},"32":{"loc":{"start":{"line":260,"column":2},"end":{"line":260,"column":22}},"type":"if","locations":[{"start":{"line":260,"column":2},"end":{"line":260,"column":22}},{"start":{},"end":{}}]},"33":{"loc":{"start":{"line":296,"column":34},"end":{"line":296,"column":95}},"type":"cond-expr","locations":[{"start":{"line":296,"column":58},"end":{"line":296,"column":86}},{"start":{"line":296,"column":89},"end":{"line":296,"column":95}}]},"34":{"loc":{"start":{"line":307,"column":2},"end":{"line":309,"column":3}},"type":"if","locations":[{"start":{"line":307,"column":2},"end":{"line":309,"column":3}},{"start":{},"end":{}}]},"35":{"loc":{"start":{"line":312,"column":2},"end":{"line":319,"column":3}},"type":"if","locations":[{"start":{"line":312,"column":2},"end":{"line":319,"column":3}},{"start":{},"end":{}}]},"36":{"loc":{"start":{"line":315,"column":34},"end":{"line":315,"column":52}},"type":"binary-expr","locations":[{"start":{"line":315,"column":34},"end":{"line":315,"column":46}},{"start":{"line":315,"column":50},"end":{"line":315,"column":52}}]},"37":{"loc":{"start":{"line":322,"column":2},"end":{"line":332,"column":3}},"type":"if","locations":[{"start":{"line":322,"column":2},"end":{"line":332,"column":3}},{"start":{},"end":{}}]},"38":{"loc":{"start":{"line":328,"column":4},"end":{"line":330,"column":5}},"type":"if","locations":[{"start":{"line":328,"column":4},"end":{"line":330,"column":5}},{"start":{},"end":{}}]},"39":{"loc":{"start":{"line":335,"column":2},"end":{"line":346,"column":3}},"type":"if","locations":[{"start":{"line":335,"column":2},"end":{"line":346,"column":3}},{"start":{},"end":{}}]},"40":{"loc":{"start":{"line":338,"column":4},"end":{"line":344,"column":5}},"type":"if","locations":[{"start":{"line":338,"column":4},"end":{"line":344,"column":5}},{"start":{"line":340,"column":11},"end":{"line":344,"column":5}}]},"41":{"loc":{"start":{"line":340,"column":11},"end":{"line":344,"column":5}},"type":"if","locations":[{"start":{"line":340,"column":11},"end":{"line":344,"column":5}},{"start":{"line":342,"column":11},"end":{"line":344,"column":5}}]},"42":{"loc":{"start":{"line":340,"column":15},"end":{"line":340,"column":64}},"type":"binary-expr","locations":[{"start":{"line":340,"column":15},"end":{"line":340,"column":40}},{"start":{"line":340,"column":44},"end":{"line":340,"column":64}}]},"43":{"loc":{"start":{"line":365,"column":2},"end":{"line":369,"column":3}},"type":"if","locations":[{"start":{"line":365,"column":2},"end":{"line":369,"column":3}},{"start":{},"end":{}}]},"44":{"loc":{"start":{"line":383,"column":3},"end":{"line":385,"column":4}},"type":"if","locations":[{"start":{"line":383,"column":3},"end":{"line":385,"column":4}},{"start":{},"end":{}}]},"45":{"loc":{"start":{"line":396,"column":3},"end":{"line":398,"column":4}},"type":"if","locations":[{"start":{"line":396,"column":3},"end":{"line":398,"column":4}},{"start":{},"end":{}}]}},"s":{"0":0,"1":0,"2":0,"3":0,"4":0,"5":0,"6":0,"7":0,"8":0,"9":0,"10":0,"11":0,"12":0,"13":0,"14":0,"15":0,"16":0,"17":0,"18":0,"19":0,"20":0,"21":0,"22":0,"23":0,"24":0,"25":0,"26":0,"27":0,"28":0,"29":0,"30":0,"31":0,"32":0,"33":0,"34":0,"35":0,"36":0,"37":0,"38":0,"39":0,"40":0,"41":0,"42":0,"43":0,"44":0,"45":0,"46":0,"47":0,"48":0,
[...]
:306,"column":18},"end":{"line":306,"column":57}},"84":{"start":{"line":306,"column":40},"end":{"line":306,"column":56}},"85":{"start":{"line":307,"column":4},"end":{"line":309,"column":5}},"86":{"start":{"line":308,"column":5},"end":{"line":308,"column":48}},"87":{"start":{"line":315,"column":2},"end":{"line":315,"column":33}},"88":{"start":{"line":316,"column":2},"end":{"line":316,"column":22}},"89":{"start":{"line":320,"column":18},"end":{"line":320,"column":39}},"90":{"start":{"line":321,"column":2},"end":{"line":321,"column":41}},"91":{"start":{"line":321,"column":34},"end":{"line":321,"column":41}},"92":{"start":{"line":323,"column":2},"end":{"line":323,"column":24}},"93":{"start":{"line":326,"column":14},"end":{"line":326,"column":24}},"94":{"start":{"line":327,"column":20},"end":{"line":327,"column":115}},"95":{"start":{"line":329,"column":26},"end":{"line":337,"column":4}},"96":{"start":{"line":340,"column":2},"end":{"line":346,"column":3}},"97":{"start":{"line":342,"column":18},"end":{"line":342,"column":70}},"98":{"start":{"line":342,"column":40},"end":{"line":342,"column":69}},"99":{"start":{"line":343,"column":3},"end":{"line":345,"column":4}},"100":{"start":{"line":344,"column":4},"end":{"line":344,"column":38}},"101":{"start":{"line":347,"column":2},"end":{"line":347,"column":29}},"102":{"start":{"line":350,"column":2},"end":{"line":350,"column":22}},"103":{"start":{"line":351,"column":2},"end":{"line":351,"column":23}},"104":{"start":{"line":354,"column":2},"end":{"line":354,"column":22}},"105":{"start":{"line":357,"column":2},"end":{"line":357,"column":41}},"106":{"start":{"line":360,"column":2},"end":{"line":360,"column":36}},"107":{"start":{"line":362,"column":2},"end":{"line":362,"column":25}},"108":{"start":{"line":366,"column":19},"end":{"line":366,"column":49}},"109":{"start":{"line":367,"column":15},"end":{"line":367,"column":61}},"110":{"start":{"line":369,"column":2},"end":{"line":369,"column":39}},"111":{"start":{"line":369,"column":32},"end":{"line":369,"column":39}},"112":{"start":{"line":371,"column":19},"end":{"line":371,"column":50}},"113":{"start":{"line":372,"column":17},"end":{"line":372,"column":49}},"114":{"start":{"line":373,"column":17},"end":{"line":373,"column":96}},"115":{"start":{"line":375,"column":21},"end":{"line":375,"column":59}},"116":{"start":{"line":377,"column":2},"end":{"line":377,"column":59}},"117":{"start":{"line":381,"column":2},"end":{"line":405,"column":3}},"118":{"start":{"line":382,"column":20},"end":{"line":382,"column":47}},"119":{"start":{"line":383,"column":18},"end":{"line":383,"column":52}},"120":{"start":{"line":386,"column":3},"end":{"line":386,"column":29}},"121":{"start":{"line":389,"column":3},"end":{"line":391,"column":4}},"122":{"start":{"line":390,"column":4},"end":{"line":390,"column":37}},"123":{"start":{"line":394,"column":3},"end":{"line":394,"column":36}},"124":{"start":{"line":397,"column":3},"end":{"line":397,"column":23}},"125":{"start":{"line":400,"column":3},"end":{"line":402,"column":4}},"126":{"start":{"line":401,"column":4},"end":{"line":401,"column":40}},"127":{"start":{"line":404,"column":3},"end":{"line":404,"column":57}},"128":{"start":{"line":409,"column":18},"end":{"line":409,"column":78}},"129":{"start":{"line":410,"column":2},"end":{"line":410,"column":23}},"130":{"start":{"line":410,"column":16},"end":{"line":410,"column":23}},"131":{"start":{"line":412,"column":2},"end":{"line":412,"column":18}},"132":{"start":{"line":415,"column":30},"end":{"line":456,"column":3}},"133":{"start":{"line":416,"column":3},"end":{"line":416,"column":37}},"134":{"start":{"line":416,"column":30},"end":{"line":416,"column":37}},"135":{"start":{"line":418,"column":19},"end":{"line":420,"column":5}},"136":{"start":{"line":422,"column":3},"end":{"line":425,"column":6}},"137":{"start":{"line":427,"column":3},"end":{"line":455,"column":4}},"138":{"start":{"line":428,"column":16},"end":{"line":441,"column":6}},"139":{"start":{"line":443,"column":4},"end":{"line":454,"column":5}},"140":{"start":{"line":444,"column":5},"end":{"line":452,"column":8}},"141":{"start":{"line":453,"column":5},"end":{"line":453,"column":42}},"142":{"start":{"line":458,"column":2},"end":{"line":458,"column":58}},"143":{"start":{"line":459,"column":2},"end":{"line":459,"column":60}},"144":{"start":{"line":460,"column":2},"end":{"line":460,"column":58}},"145":{"start":{"line":461,"column":2},"end":{"line":461,"column":57}},"146":{"start":{"line":462,"column":2},"end":{"line":462,"column":61}},"147":{"start":{"line":467,"column":2},"end":{"line":467,"column":81}},"148":{"start":{"line":471,"column":2},"end":{"line":471,"column":42}},"149":{"start":{"line":20,"column":0},"end":{"line":20,"column":13}}},"fnMap":{"0":{"name":"uuid","decl":{"start":{"line":12,"column":9},"end":{"line":12,"column":13}},"loc":{"start":{"line":12,"column":13},"end":{"line":18,"column":1}}},"1":{"name":"(anonymous_1)","decl":{"start":{"line":13,"column":64},"end":{"line":13,"column":65}},"loc":{"start":{"line":13,"column":70},"end":{"line":17,"column":2}}},"2":{"name":"(anonymous_2)","decl":{"start":{"line":28,"column":1},"end":{"line":28,"column":13}},"loc":{"start":{"line":28,"column":56},"end":{"line":32,"column":2}}},"3":{"name":"(anonymous_3)","decl":{"start":{"line":34,"column":1},"end":{"line":34,"column":12}},"loc":{"start":{"line":34,"column":12},"end":{"line":36,"column":2}}},"4":{"name":"(anonymous_4)","decl":{"start":{"line":38,"column":1},"end":{"line":38,"column":15}},"loc":{"start":{"line":38,"column":15},"end":{"line":40,"column":2}}},"5":{"name":"(anonymous_5)","decl":{"start":{"line":42,"column":1},"end":{"line":42,"column":6}},"loc":{"start":{"line":42,"column":13},"end":{"line":66,"column":2}}},"6":{"name":"(anonymous_6)","decl":{"start":{"line":68,"column":9},"end":{"line":68,"column":28}},"loc":{"start":{"line":68,"column":51},"end":{"line":85,"column":2}}},"7":{"name":"(anonymous_7)","decl":{"start":{"line":87,"column":9},"end":{"line":87,"column":26}},"loc":{"start":{"line":87,"column":49},"end":{"line":149,"column":2}}},"8":{"name":"(anonymous_8)","decl":{"start":{"line":132,"column":37},"end":{"line":132,"column":40}},"loc":{"start":{"line":132,"column":42},"end":{"line":136,"column":3}}},"9":{"name":"(anonymous_9)","decl":{"start":{"line":139,"column":39},"end":{"line":139,"column":40}},"loc":{"start":{"line":139,"column":45},"end":{"line":144,"column":3}}},"10":{"name":"(anonymous_10)","decl":{"start":{"line":151,"column":9},"end":{"line":151,"column":14}},"loc":{"start":{"line":151,"column":25},"end":{"line":163,"column":2}}},"11":{"name":"(anonymous_11)","decl":{"start":{"line":165,"column":9},"end":{"line":165,"column":14}},"loc":{"start":{"line":165,"column":30},"end":{"line":172,"column":2}}},"12":{"name":"(anonymous_12)","decl":{"start":{"line":174,"column":9},"end":{"line":174,"column":31}},"loc":{"start":{"line":174,"column":47},"end":{"line":227,"column":2}}},"13":{"name":"(anonymous_13)","decl":{"start":{"line":229,"column":9},"end":{"line":229,"column":21}},"loc":{"start":{"line":229,"column":21},"end":{"line":238,"column":2}}},"14":{"name":"(anonymous_14)","decl":{"start":{"line":240,"column":9},"end":{"line":240,"column":20}},"loc":{"start":{"line":240,"column":57},"end":{"line":312,"column":2}}},"15":{"name":"(anonymous_15)","decl":{"start":{"line":294,"column":36},"end":{"line":294,"column":39}},"loc":{"start":{"line":294,"column":41},"end":{"line":296,"column":3}}},"16":{"name":"(anonymous_16)","decl":{"start":{"line":306,"column":35},"end":{"line":306,"column":36}},"loc":{"start":{"line":306,"column":40},"end":{"line":306,"column":56}}},"17":{"name":"(anonymous_17)","decl":{"start":{"line":314,"column":9},"end":{"line":314,"column":20}},"loc":{"start":{"line":314,"column":36},"end":{"line":317,"column":2}}},"18":{"name":"(anonymous_18)","decl":{"start":{"line":319,"column":9},"end":{"line":319,"column":14}},"loc":{"start":{"line":319,"column":56},"end":{"line":363,"column":2}}},"19":{"name":"(anonymous_19)","decl":{"start":{"line":342,"column":35},"end":{"line":342,"column":36}},"loc":{"start":{"line":342,"column":40},"end":{"line":342,"column":69}}},"20":{"name":"(anonymous_20)","decl":{"start":{"line":365,"column":9},"end":{"line":365,"column":14}},"loc":{"start":{"line":365,"column":45},"end":{"line":378,"column":2}}},"21":{"name":"(anonymous_21)","decl":{"start":{"line":380,"column":9},"end":{"line":380,"column":14}},"loc":{"start":{"line":380,"column":40},"end":{"line":406,"column":2}}},"22":{"name":"(anonymous_22)","decl":{"start":{"line":408,"column":9},"end":{"line":408,"column":28}},"loc":{"start":{"line":408,"column":51},"end":{"line":463,"column":2}}},"23":{"name":"(anonymous_23)","decl":{"start":{"line":415,"column":30},"end":{"line":415,"column":31}},"loc":{"start":{"line":415,"column":79},"end":{"line":456,"column":3}}},"24":{"name":"(anonymous_24)","decl":{"start":{"line":465,"column":9},"end":{"line":465,"column":31}},"loc":{"start":{"line":465,"column":54},"end":{"line":468,"column":2}}},"25":{"name":"(anonymous_25)","decl":{"start":{"line":470,"column":9},"end":{"line":470,"column":19}},"loc":{"start":{"line":470,"column":30},"end":{"line":472,"column":2}}},"26":{"name":"(anonymous_26)","decl":{"start":{"line":474,"column":1},"end":{"line":474,"column":6}},"loc":{"start":{"line":474,"column":14},"end":{"line":476,"column":2}}}},"branchMap":{"0":{"loc":{"start":{"line":15,"column":12},"end":{"line":15,"column":43}},"type":"cond-expr","locations":[{"start":{"line":15,"column":24},"end":{"line":15,"column":25}},{"start":{"line":15,"column":29},"end":{"line":15,"column":42}}]},"1":{"loc":{"start":{"line":140,"column":3},"end":{"line":143,"column":4}},"type":"if","locations":[{"start":{"line":140,"column":3},"end":{"line":143,"column":4}},{"start":{},"end":{}}]},"2":{"loc":{"start":{"line":140,"column":7},"end":{"line":140,"column":52}},"type":"binary-expr","locations":[{"start":{"line":140,"column":8},"end":{"line":140,"column":17}},{"start":{"line":140,"column":21},"end":{"line":140,"column":30}},{"start":{"line":140,"column":35},"end":{"line":140,"column":52}}]},"3":{"loc":{"start":{"line":154,"column":2},"end":{"line":158,"column":3}},"type":"if","locations":[{"start":{"line":154,"column":2},"end":{"line":158,"column":3}},{"start":{},"end":{}}]},"4":{"loc":{"start":{"line":154,"column":6},"end":{"line":154,"column":39}},"type":"binary-expr","locations":[{"start":{"line":154,"column":6},"end":{"line":154,"column":11}},{"start":{"line":154,"column":15},"end":{"line":154,"column":39}}]},"5":{"loc":{"start":{"line":186,"column":3},"end":{"line":212,"column":4}},"type":"if","locations":[{"start":{"line":186,"column":3},"end":{"line":212,"column":4}},{"start":{"line":207,"column":10},"end":{"line":212,"column":4}}]},"6":{"loc":{"start":{"line":188,"column":4},"end":{"line":198,"column":5}},"type":"if","locations":[{"start":{"line":188,"column":4},"end":{"line":198,"column":5}},{"start":{},"end":{}}]},"7":{"loc":{"start":{"line":188,"column":8},"end":{"line":188,"column":49}},"type":"binary-expr","locations":[{"start":{"line":188,"column":8},"end":{"line":188,"column":20}},{"start":{"line":188,"column":24},"end":{"line":188,"column":49}}]},"8":{"loc":{"start":{"line":195,"column":16},"end":{"line":195,"column":45}},"type":"binary-expr","locations":[{"start":{"line":195,"column":16},"end":{"line":195,"column":37}},{"start":{"line":195,"column":41},"end":{"line":195,"column":45}}]},"9":{"loc":{"start":{"line":196,"column":14},"end":{"line":196,"column":47}},"type":"binary-expr","locations":[{"start":{"line":196,"column":14},"end":{"line":196,"column":33}},{"start":{"line":196,"column":37},"end":{"line":196,"column":47}}]},"10":{"loc":{"start":{"line":204,"column":15},"end":{"line":204,"column":70}},"type":"cond-expr","locations":[{"start":{"line":204,"column":59},"end":{"line":204,"column":63}},{"start":{"line":204,"column":66},"end":{"line":204,"column":70}}]},"11":{"loc":{"start":{"line":207,"column":10},"end":{"line":212,"column":4}},"type":"if","locations":[{"start":{"line":207,"column":10},"end":{"line":212,"column":4}},{"start":{"line":210,"column":10},"end":{"line":212,"column":4}}]},"12":{"loc":{"start":{"line":207,"column":14},"end":{"line":207,"column":51}},"type":"binary-expr","locations":[{"start":{"line":207,"column":14},"end":{"line":207,"column":35}},{"start":{"line":207,"column":39},"end":{"line":207,"column":51}}]},"13":{"loc":{"start":{"line":210,"column":10},"end":{"line":212,"column":4}},"type":"if","locations":[{"start":{"line":210,"column":10},"end":{"line":212,"column":4}},{"start":{},"end":{}}]},"14":{"loc":{"start":{"line":210,"column":14},"end":{"line":210,"column":41}},"type":"binary-expr","locations":[{"start":{"line":210,"column":14},"end":{"line":210,"column":26}},{"start":{"line":210,"column":30},"end":{"line":210,"column":41}}]},"15":{"loc":{"start":{"line":216,"column":2},"end":{"line":226,"column":3}},"type":"if","locations":[{"start":{"line":216,"column":2},"end":{"line":226,"column":3}},{"start":{},"end":{}}]},"16":{"loc":{"start":{"line":216,"column":6},"end":{"line":216,"column":47}},"type":"binary-expr","locations":[{"start":{"line":216,"column":6},"end":{"line":216,"column":18}},{"start":{"line":216,"column":22},"end":{"line":216,"column":47}}]},"17":{"loc":{"start":{"line":223,"column":14},"end":{"line":223,"column":43}},"type":"binary-expr","locations":[{"start":{"line":223,"column":14},"end":{"line":223,"column":35}},{"start":{"line":223,"column":39},"end":{"line":223,"column":43}}]},"18":{"loc":{"start":{"line":224,"column":12},"end":{"line":224,"column":45}},"type":"binary-expr","locations":[{"start":{"line":224,"column":12},"end":{"line":224,"column":31}},{"start":{"line":224,"column":35},"end":{"line":224,"column":45}}]},"19":{"loc":{"start":{"line":231,"column":2},"end":{"line":231,"column":25}},"type":"if","locations":[{"start":{"line":231,"column":2},"end":{"line":231,"column":25}},{"start":{},"end":{}}]},"20":{"loc":{"start":{"line":245,"column":26},"end":{"line":245,"column":54}},"type":"cond-expr","locations":[{"start":{"line":245,"column":39},"end":{"line":245,"column":49}},{"start":{"line":245,"column":52},"end":{"line":245,"column":54}}]},"21":{"loc":{"start":{"line":250,"column":25},"end":{"line":250,"column":103}},"type":"cond-expr","locations":[{"start":{"line":250,"column":38},"end":{"line":250,"column":65}},{"start":{"line":250,"column":68},"end":{"line":250,"column":103}}]},"22":{"loc":{"start":{"line":254,"column":7},"end":{"line":254,"column":99}},"type":"cond-expr","locations":[{"start":{"line":254,"column":24},"end":{"line":254,"column":94}},{"start":{"line":254,"column":97},"end":{"line":254,"column":99}}]},"23":{"loc":{"start":{"line":281,"column":19},"end":{"line":281,"column":86}},"type":"cond-expr","locations":[{"start":{"line":281,"column":45},"end":{"line":281,"column":63}},{"start":{"line":281,"column":66},"end":{"line":281,"column":86}}]},"24":{"loc":{"start":{"line":299,"column":2},"end":{"line":311,"column":3}},"type":"if","locations":[{"start":{"line":299,"column":2},"end":{"line":311,"column":3}},{"start":{},"end":{}}]},"25":{"loc":{"start":{"line":307,"column":4},"end":{"line":309,"column":5}},"type":"if","locations":[{"start":{"line":307,"column":4},"end":{"line":309,"column":5}},{"start":{},"end":{}}]},"26":{"loc":{"start":{"line":321,"column":2},"end":{"line":321,"column":41}},"type":"if","locations":[{"start":{"line":321,"column":2},"end":{"line":321,"column":41}},{"start":{},"end":{}}]},"27":{"loc":{"start":{"line":321,"column":6},"end":{"line":321,"column":32}},"type":"binary-expr","locations":[{"start":{"line":321,"column":6},"end":{"line":321,"column":14}},{"start":{"line":321,"column":18},"end":{"line":321,"column":32}}]},"28":{"loc":{"start":{"line":340,"column":2},"end":{"line":346,"column":3}},"type":"if","locations":[{"start":{"line":340,"column":2},"end":{"line":346,"column":3}},{"start":{},"end":{}}]},"29":{"loc":{"start":{"line":343,"column":3},"end":{"line":345,"column":4}},"type":"if","locations":[{"start":{"line":343,"column":3},"end":{"line":345,"column":4}},{"start":{},"end":{}}]},"30":{"loc":{"start":{"line":369,"column":2},"end":{"line":369,"column":39}},"type":"if","locations":[{"start":{"line":369,"column":2},"end":{"line":369,"column":39}},{"start":{},"end":{}}]},"31":{"loc":{"start":{"line":372,"column":17},"end":{"line":372,"column":49}},"type":"cond-expr","locations":[{"start":{"line":372,"column":34},"end":{"line":372,"column":38}},{"start":{"line":372,"column":41},"end":{"line":372,"column":49}}]},"32":{"loc":{"start":{"line":373,"column":17},"end":{"line":373,"column":96}},"type":"cond-expr","locations":[{"start":{"line":373,"column":34},"end":{"line":373,"column":36}},{"start":{"line":373,"column":39},"end":{"line":373,"column":96}}]},"33":{"loc":{"start":{"line":389,"column":3},"end":{"line":391,"column":4}},"type":"if","locations":[{"start":{"line":389,"column":3},"end":{"line":391,"column":4}},{"start":{},"end":{}}]},"34":{"loc":{"start":{"line":400,"column":3},"end":{"line":402,"column":4}},"type":"if","locations":[{"start":{"line":400,"column":3},"end":{"line":402,"column":4}},{"start":{},"end":{}}]},"35":{"loc":{"start":{"line":410,"column":2},"end":{"line":410,"column":23}},"type":"if","locations":[{"start":{"line":410,"column":2},"end":{"line":410,"column":23}},{"start":{},"end":{}}]},"36":{"loc":{"start":{"line":416,"column":3},"end":{"line":416,"column":37}},"type":"if","locations":[{"start":{"line":416,"column":3},"end":{"line":416,"column":37}},{"start":{},"end":{}}]},"37":{"loc":{"start":{"line":437,"column":21},"end":{"line":437,"column":106}},"type":"cond-expr","locations":[{"start":{"line":437,"column":41},"end":{"line":437,"column":76}},{"start":{"line":437,"column":79},"end":{"line":437,"column":106}}]},"38":{"loc":{"start":{"line":438,"column":16},"end":{"line":438,"column":65}},"type":"cond-expr","locations":[{"start":{"line":438,"column":36},"end":{"line":438,"column":55}},{"start":{"line":438,"column":58},"end":{"line":438,"column":65}}]},"39":{"loc":{"start":{"line":443,"column":4},"end":{"line":454,"column":5}},"type":"if","locations":[{"start":{"line":443,"column":4},"end":{"line":454,"column":5}},{"start":{},"end":{}}]}},"s":{"0":0,"1":0,"2":0,"3":0,"4":0,"5":0,"6":0,"7":0,"8":0,"9":0,"10":0,"11":0,"12":0,"13":0,"14":0,"15":0,"16":0,"17":0,"18":0,"19":0,"20":0,"21":0,"22":0,"23":0,"24":0,"25":0,"26":0,"27":0,"28":0,"29":0,"30":0,"31":0,"32":0,"33":0,"34":0,"35":0,"36":0,"37":0,"38":0,"39":0,"40":0,"41":0,"42":0,"43":0,"44":0,"45":0,"46":0,"47":0,"48":0,"49":0,"50":0,"51":0,"52":0,"53":0,"54":0,"55":0,"56":0,"57":0,"58":0,"59":0,"60":0,"61":0,"62":0,"63":0,"64":0,"65":0,"66":0,"67":0,"68":0,"69":0,"70":0,"71":0,"72":0,"73":0,"74":0,"75":0,"76":0,"77":0,"78":0,"79":0,"80":0,"81":0,"82":0,"83":0,"84":0,"85":0,"86":0,"87":0,"88":0,"89":0,"90":0,"91":0,"92":0,"93":0,"94":0,"95":0,"96":0,"97":0,"98":0,"99":0,"100":0,"101":0,"102":0,"103":0,"104":0,"105":0,"106":0,"107":0,"108":0,"109":0,"110":0,"111":0,"112":0,"113":0,"114":0,"115":0,"116":0,"117":0,"118":0,"119":0,"120":0,"121":0,"122":0,"123":0,"124":0,"125":0,"126":0,"127":0,"128":0,"129":0,"130":0,"131":0,"132":0,"133":0,"134":0,"135":0,"136":0,"137":0,"138":0,"139":0,"140":0,"141":0,"142":0,"143":0,"144":0,"145":0,"146":0,"147":0,"148":0,"149":0},"f":{"0":0,"1":0,"2":0,"3":0,"4":0,"5":0,"6":0,"7":0,"8":0,"9":0,"10":0,"11":0,"12":0,"13":0,"14":0,"15":0,"16":0,"17":0,"18":0,"19":0,"20":0,"21":0,"22":0,"23":0,"24":0,"25":0,"26":0},"b":{"0":[0,0],"1":[0,0],"2":[0,0,0],"3":[0,0],"4":[0,0],"5":[0,0],"6":[0,0],"7":[0,0],"8":[0,0],"9":[0,0],"10":[0,0],"11":[0,0],"12":[0,0],"13":[0,0],"14":[0,0],"15":[0,0],"16":[0,0],"17":[0,0],"18":[0,0],"19":[0,0],"20":[0,0],"21":[0,0],"22":[0,0],"23":[0,0],"24":[0,0],"25":[0,0],"26":[0,0],"27":[0,0],"28":[0,0],"29":[0,0],"30":[0,0],"31":[0,0],"32":[0,0],"33":[0,0],"34":[0,0],"35":[0,0],"36":[0,0],"37":[0,0],"38":[0,0],"39":[0,0]}}
}
