{"/Users/vincent/lifewiki/src/main.ts": {"path":"/Users/vincent/lifewiki/src/main.ts","statementMap":{"0":{"start":{"line":1,"column":0},"end":{"line":1,"column":63}},"1":{"start":{"line":2,"column":0},"end":{"line":2,"column":102}},"2":{"start":{"line":3,"column":0},"end":{"line":3,"column":79}},"3":{"start":{"line":4,"column":0},"end":{"line":4,"column":87}},"4":{"start":{"line":5,"column":0},"end":{"line":5,"column":51}},"5":{"start":{"line":6,"column":0},"end":{"line":6,"column":43}},"6":{"start":{"line":7,"column":0},"end":{"line":7,"column":62}},"7":{"start":{"line":8,"column":0},"end":{"line":8,"column":54}},"8":{"start":{"line":9,"column":0},"end":{"line":9,"column":58}},"9":{"start":{"line":10,"column":0},"end":{"line":10,"column":76}},"10":{"start":{"line":27,"column":2},"end":{"line":27,"column":23}},"11":{"start":{"line":31,"column":2},"end":{"line":31,"column":38}},"12":{"start":{"line":34,"column":22},"end":{"line":34,"column":50}},"13":{"start":{"line":36,"column":2},"end":{"line":44,"column":3}},"14":{"start":{"line":38,"column":3},"end":{"line":38,"column":32}},"15":{"start":{"line":41,"column":3},"end":{"line":41,"column":60}},"16":{"start":{"line":42,"column":4},"end":{"line":42,"column":51}},"17":{"start":{"line":43,"column":3},"end":{"line":43,"column":39}},"18":{"start":{"line":46,"column":2},"end":{"line":104,"column":3}},"19":{"start":{"line":47,"column":3},"end":{"line":47,"column":29}},"20":{"start":{"line":48,"column":3},"end":{"line":48,"column":25}},"21":{"start":{"line":49,"column":3},"end":{"line":49,"column":52}},"22":{"start":{"line":50,"column":3},"end":{"line":50,"column":73}},"23":{"start":{"line":51,"column":3},"end":{"line":51,"column":91}},"24":{"start":{"line":52,"column":3},"end":{"line":52,"column":46}},"25":{"start":{"line":56,"column":3},"end":{"line":56,"column":75}},"26":{"start":{"line":57,"column":3},"end":{"line":57,"column":62}},"27":{"start":{"line":58,"column":3},"end":{"line":58,"column":44}},"28":{"start":{"line":61,"column":3},"end":{"line":71,"column":4}},"29":{"start":{"line":62,"column":4},"end":{"line":62,"column":61}},"30":{"start":{"line":63,"column":4},"end":{"line":68,"column":6}},"31":{"start":{"line":69,"column":4},"end":{"line":69,"column":43}},"32":{"start":{"line":70,"column":4},"end":{"line":70,"column":57}},"33":{"start":{"line":73,"column":3},"end":{"line":73,"column":88}},"34":{"start":{"line":73,"column":55},"end":{"line":73,"column":86}},"35":{"start":{"line":74,"column":3},"end":{"line":77,"column":6}},"36":{"start":{"line":75,"column":4},"end":{"line":75,"column":62}},"37":{"start":{"line":76,"column":4},"end":{"line":76,"column":31}},"38":{"start":{"line":79,"column":3},"end":{"line":81,"column":6}},"39":{"start":{"line":80,"column":4},"end":{"line":80,"column":27}},"40":{"start":{"line":83,"column":3},"end":{"line":89,"column":6}},"41":{"start":{"line":87,"column":5},"end":{"line":87,"column":28}},"42":{"start":{"line":91,"column":3},"end":{"line":97,"column":6}},"43":{"start":{"line":95,"column":6},"end":{"line":95,"column":38}},"44":{"start":{"line":99,"column":3},"end":{"line":99,"column":30}},"45":{"start":{"line":100,"column":3},"end":{"line":100,"column":48}},"46":{"start":{"line":102,"column":3},"end":{"line":102,"column":48}},"47":{"start":{"line":103,"column":3},"end":{"line":103,"column":56}},"48":{"start":{"line":108,"column":2},"end":{"line":108,"column":40}},"49":{"start":{"line":110,"column":2},"end":{"line":115,"column":3}},"50":{"start":{"line":111,"column":3},"end":{"line":113,"column":4}},"51":{"start":{"line":112,"column":4},"end":{"line":112,"column":27}},"52":{"start":{"line":114,"column":3},"end":{"line":114,"column":31}},"53":{"start":{"line":119,"column":15},"end":{"line":119,"column":36}},"54":{"start":{"line":120,"column":2},"end":{"line":120,"column":51}},"55":{"start":{"line":124,"column":2},"end":{"line":124,"column":37}},"56":{"start":{"line":128,"column":2},"end":{"line":132,"column":3}},"57":{"start":{"line":129,"column":3},"end":{"line":129,"column":55}},"58":{"start":{"line":130,"column":3},"end":{"line":130,"column":51}},"59":{"start":{"line":131,"column":3},"end":{"line":131,"column":10}},"60":{"start":{"line":134,"column":2},"end":{"line":140,"column":3}},"61":{"start":{"line":135,"column":3},"end":{"line":135,"column":53}},"62":{"start":{"line":136,"column":3},"end":{"line":136,"column":52}},"63":{"start":{"line":138,"column":3},"end":{"line":138,"column":63}},"64":{"start":{"line":139,"column":3},"end":{"line":139,"column":51}},"65":{"start":{"line":144,"column":2},"end":{"line":161,"column":4}},"66":{"start":{"line":146,"column":4},"end":{"line":146,"column":97}},"67":{"start":{"line":149,"column":4},"end":{"line":156,"column":6}},"68":{"start":{"line":159,"column":4},"end":{"line":159,"column":17}},"69":{"start":{"line":165,"column":24},"end":{"line":165,"column":32}},"70":{"start":{"line":168,"column":19},"end":{"line":168,"column":68}},"71":{"start":{"line":169,"column":2},"end":{"line":178,"column":3}},"72":{"start":{"line":170,"column":3},"end":{"line":170,"column":37}},"73":{"start":{"line":172,"column":16},"end":{"line":172,"column":40}},"74":{"start":{"line":173,"column":3},"end":{"line":176,"column":6}},"75":{"start":{"line":177,"column":3},"end":{"line":177,"column":30}},"76":{"start":{"line":181,"column":21},"end":{"line":181,"column":69}},"77":{"start":{"line":182,"column":2},"end":{"line":192,"column":3}},"78":{"start":{"line":183,"column":3},"end":{"line":183,"column":39}},"79":{"start":{"line":185,"column":21},"end":{"line":185,"column":50}},"80":{"start":{"line":186,"column":3},"end":{"line":191,"column":4}},"81":{"start":{"line":187,"column":4},"end":{"line":190,"column":7}},"82":{"start":{"line":196,"column":2},"end":{"line":198,"column":3}},"83":{"start":{"line":197,"column":3},"end":{"line":197,"column":46}},"84":{"start":{"line":202,"column":2},"end":{"line":202,"column":28}},"85":{"start":{"line":206,"column":2},"end":{"line":206,"column":25}},"86":{"start":{"line":210,"column":2},"end":{"line":210,"column":28}},"87":{"start":{"line":214,"column":2},"end":{"line":214,"column":29}},"88":{"start":{"line":218,"column":2},"end":{"line":218,"column":31}},"89":{"start":{"line":222,"column":2},"end":{"line":222,"column":29}},"90":{"start":{"line":226,"column":2},"end":{"line":226,"column":29}},"91":{"start":{"line":14,"column":0},"end":{"line":14,"column":21}}},"fnMap":{"0":{"name":"(anonymous_0)","decl":{"start":{"line":26,"column":1},"end":{"line":26,"column":13}},"loc":{"start":{"line":26,"column":47},"end":{"line":28,"column":2}}},"1":{"name":"(anonymous_1)","decl":{"start":{"line":30,"column":1},"end":{"line":30,"column":6}},"loc":{"start":{"line":30,"column":13},"end":{"line":105,"column":2}}},"2":{"name":"(anonymous_2)","decl":{"start":{"line":73,"column":45},"end":{"line":73,"column":46}},"loc":{"start":{"line":73,"column":55},"end":{"line":73,"column":86}}},"3":{"name":"(anonymous_3)","decl":{"start":{"line":74,"column":44},"end":{"line":74,"column":45}},"loc":{"start":{"line":74,"column":53},"end":{"line":77,"column":4}}},"4":{"name":"(anonymous_4)","decl":{"start":{"line":79,"column":42},"end":{"line":79,"column":45}},"loc":{"start":{"line":79,"column":47},"end":{"line":81,"column":4}}},"5":{"name":"(anonymous_5)","decl":{"start":{"line":86,"column":14},"end":{"line":86,"column":17}},"loc":{"start":{"line":86,"column":19},"end":{"line":88,"column":5}}},"6":{"name":"(anonymous_6)","decl":{"start":{"line":94,"column":14},"end":{"line":94,"column":17}},"loc":{"start":{"line":94,"column":19},"end":{"line":96,"column":5}}},"7":{"name":"(anonymous_7)","decl":{"start":{"line":107,"column":1},"end":{"line":107,"column":9}},"loc":{"start":{"line":107,"column":9},"end":{"line":116,"column":2}}},"8":{"name":"(anonymous_8)","decl":{"start":{"line":118,"column":1},"end":{"line":118,"column":6}},"loc":{"start":{"line":118,"column":19},"end":{"line":121,"column":2}}},"9":{"name":"(anonymous_9)","decl":{"start":{"line":123,"column":1},"end":{"line":123,"column":6}},"loc":{"start":{"line":123,"column":19},"end":{"line":125,"column":2}}},"10":{"name":"(anonymous_10)","decl":{"start":{"line":127,"column":9},"end":{"line":127,"column":23}},"loc":{"start":{"line":127,"column":23},"end":{"line":141,"column":2}}},"11":{"name":"(anonymous_11)","decl":{"start":{"line":143,"column":9},"end":{"line":143,"column":31}},"loc":{"start":{"line":143,"column":31},"end":{"line":162,"column":2}}},"12":{"name":"(anonymous_12)","decl":{"start":{"line":145,"column":3},"end":{"line":145,"column":8}},"loc":{"start":{"line":145,"column":13},"end":{"line":147,"column":4}}},"13":{"name":"(anonymous_13)","decl":{"start":{"line":148,"column":3},"end":{"line":148,"column":8}},"loc":{"start":{"line":148,"column":21},"end":{"line":157,"column":4}}},"14":{"name":"(anonymous_14)","decl":{"start":{"line":158,"column":3},"end":{"line":158,"column":10}},"loc":{"start":{"line":158,"column":10},"end":{"line":160,"column":4}}},"15":{"name":"(anonymous_15)","decl":{"start":{"line":164,"column":1},"end":{"line":164,"column":6}},"loc":{"start":{"line":164,"column":22},"end":{"line":193,"column":2}}},"16":{"name":"(anonymous_16)","decl":{"start":{"line":195,"column":1},"end":{"line":195,"column":17}},"loc":{"start":{"line":195,"column":40},"end":{"line":199,"column":2}}},"17":{"name":"(anonymous_17)","decl":{"start":{"line":201,"column":1},"end":{"line":201,"column":17}},"loc":{"start":{"line":201,"column":17},"end":{"line":203,"column":2}}},"18":{"name":"(anonymous_18)","decl":{"start":{"line":205,"column":1},"end":{"line":205,"column":14}},"loc":{"start":{"line":205,"column":14},"end":{"line":207,"column":2}}},"19":{"name":"(anonymous_19)","decl":{"start":{"line":209,"column":1},"end":{"line":209,"column":17}},"loc":{"start":{"line":209,"column":17},"end":{"line":211,"column":2}}},"20":{"name":"(anonymous_20)","decl":{"start":{"line":213,"column":1},"end":{"line":213,"column":18}},"loc":{"start":{"line":213,"column":18},"end":{"line":215,"column":2}}},"21":{"name":"(anonymous_21)","decl":{"start":{"line":217,"column":1},"end":{"line":217,"column":20}},"loc":{"start":{"line":217,"column":20},"end":{"line":219,"column":2}}},"22":{"name":"(anonymous_22)","decl":{"start":{"line":221,"column":1},"end":{"line":221,"column":18}},"loc":{"start":{"line":221,"column":18},"end":{"line":223,"column":2}}},"23":{"name":"(anonymous_23)","decl":{"start":{"line":225,"column":1},"end":{"line":225,"column":18}},"loc":{"start":{"line":225,"column":18},"end":{"line":227,"column":2}}}},"branchMap":{"0":{"loc":{"start":{"line":36,"column":2},"end":{"line":44,"column":3}},"type":"if","locations":[{"start":{"line":36,"column":2},"end":{"line":44,"column":3}},{"start":{"line":39,"column":9},"end":{"line":44,"column":3}}]},"1":{"loc":{"start":{"line":61,"column":3},"end":{"line":71,"column":4}},"type":"if","locations":[{"start":{"line":61,"column":3},"end":{"line":71,"column":4}},{"start":{},"end":{}}]},"2":{"loc":{"start":{"line":110,"column":2},"end":{"line":115,"column":3}},"type":"if","locations":[{"start":{"line":110,"column":2},"end":{"line":115,"column":3}},{"start":{},"end":{}}]},"3":{"loc":{"start":{"line":111,"column":3},"end":{"line":113,"column":4}},"type":"if","locations":[{"start":{"line":111,"column":3},"end":{"line":113,"column":4}},{"start":{},"end":{}}]},"4":{"loc":{"start":{"line":128,"column":2},"end":{"line":132,"column":3}},"type":"if","locations":[{"start":{"line":128,"column":2},"end":{"line":132,"column":3}},{"start":{},"end":{}}]},"5":{"loc":{"start":{"line":128,"column":6},"end":{"line":128,"column":66}},"type":"binary-expr","locations":[{"start":{"line":128,"column":6},"end":{"line":128,"column":27}},{"start":{"line":128,"column":31},"end":{"line":128,"column":66}}]},"6":{"loc":{"start":{"line":169,"column":2},"end":{"line":178,"column":3}},"type":"if","locations":[{"start":{"line":169,"column":2},"end":{"line":178,"column":3}},{"start":{"line":171,"column":9},"end":{"line":178,"column":3}}]},"7":{"loc":{"start":{"line":182,"column":2},"end":{"line":192,"column":3}},"type":"if","locations":[{"start":{"line":182,"column":2},"end":{"line":192,"column":3}},{"start":{"line":184,"column":9},"end":{"line":192,"column":3}}]},"8":{"loc":{"start":{"line":186,"column":3},"end":{"line":191,"column":4}},"type":"if","locations":[{"start":{"line":186,"column":3},"end":{"line":191,"column":4}},{"start":{},"end":{}}]},"9":{"loc":{"start":{"line":196,"column":2},"end":{"line":198,"column":3}},"type":"if","locations":[{"start":{"line":196,"column":2},"end":{"line":198,"column":3}},{"start":{},"end":{}}]}},"s":{"0":0,"1":0,"2":0,"3":0,"4":0,"5":0,"6":0,"7":0,"8":0,"9":0,"10":0,"11":0,"12":0,"13":0,"14":0,"15":0,"16":0,"17":0,"18":0,"19":0,"20":0,"21":0,"22":0,"23":0,"24":0,"25":0,"26":0,"27":0,"28":0,"29":0,"30":0,"31":0,"32":0,"33":0,"34":0,"35":0,"36":0,"37":0,"38":0,"39":0,"40":0,"41":0,"42":0,"43":0,"44":0,"45":0,"46":0,"47":0,"48":0,"49":0,"50":0,"51":0,"52":0,"53":0,"54":0,"55":0,"56":0,"57":0,"58":0,"59":0,"60":0,"61":0,"62":0,"63":0,"64":0,"65":0,"66":0,"67":0,"68":0,"69":0,"70":0,"71":0,"72":0,"73":0,"74":0,"75":0,"76":0,"77":0,"78":0,"79":0,"80":0,"81":0,"82":0,"83":0,"84":0,"85":0,"86":0,"87":0,"88":0,"89":0,"90":0,"91":0},"f":{"0":0,"1":0,"2":0,"3":0,"4":0,"5":0,"6":0,"7":0,"8":0,"9":0,"10":0,"11":0,"12":0,"13":0,"14":0,"15":0,"16":0,"17":0,"18":0,"19":0,"20":0,"21":0,"22":0,"23":0},"b":{"0":[0,0],"1":[0,0],"2":[0,0],"3":[0,0],"4":[0,0],"5":[0,0],"6":[0,0],"7":[0,0],"8":[0,0],"9":[0,0]}}
,"/Users/vincent/lifewiki/src/settings.ts": {"path":"/Users/vincent/lifewiki/src/settings.ts","statementMap":{"0":{"start":{"line":225,"column":0},"end":{"line":225,"column":16}},"1":{"start":{"line":1,"column":0},"end":{"line":1,"column":60}},"2":{"start":{"line":2,"column":0},"end":{"line":2,"column":51}},"3":{"start":{"line":3,"column":0},"end":{"line":3,"column":45}},"4":{"start":{"line":4,"column":0},"end":{"line":4,"column":54}},"5":{"start":{"line":5,"column":0},"end":{"line":5,"column":54}},"6":{"start":{"line":6,"column":0},"end":{"line":6,"column":47}},"7":{"start":{"line":21,"column":13},"end":{"line":34,"column":2}},"8":{"start":{"line":42,"column":2},"end":{"line":42,"column":35}},"9":{"start":{"line":38,"column":1},"end":{"line":38,"column":34}},"10":{"start":{"line":39,"column":1},"end":{"line":39,"column":27}},"11":{"start":{"line":43,"column":2},"end":{"line":43,"column":23}},"12":{"start":{"line":47,"column":26},"end":{"line":47,"column":30}},"13":{"start":{"line":48,"column":2},"end":{"line":48,"column":22}},"14":{"start":{"line":50,"column":2},"end":{"line":50,"column":54}},"15":{"start":{"line":53,"column":2},"end":{"line":84,"column":6}},"16":{"start":{"line":57,"column":4},"end":{"line":57,"column":56}},"17":{"start":{"line":58,"column":4},"end":{"line":58,"column":43}},"18":{"start":{"line":59,"column":4},"end":{"line":59,"column":43}},"19":{"start":{"line":60,"column":4},"end":{"line":60,"column":48}},"20":{"start":{"line":61,"column":4},"end":{"line":61,"column":45}},"21":{"start":{"line":62,"column":4},"end":{"line":83,"column":8}},"22":{"start":{"line":64,"column":6},"end":{"line":64,"column":51}},"23":{"start":{"line":65,"column":6},"end":{"line":81,"column":7}},"24":{"start":{"line":67,"column":8},"end":{"line":67,"column":82}},"25":{"start":{"line":68,"column":8},"end":{"line":68,"column":14}},"26":{"start":{"line":70,"column":8},"end":{"line":70,"column":67}},"27":{"start":{"line":71,"column":8},"end":{"line":71,"column":14}},"28":{"start":{"line":73,"column":8},"end":{"line":73,"column":67}},"29":{"start":{"line":74,"column":8},"end":{"line":74,"column":14}},"30":{"start":{"line":76,"column":8},"end":{"line":76,"column":64}},"31":{"start":{"line":77,"column":8},"end":{"line":77,"column":14}},"32":{"start":{"line":79,"column":8},"end":{"line":79,"column":69}},"33":{"start":{"line":80,"column":8},"end":{"line":80,"column":14}},"34":{"start":{"line":82,"column":6},"end":{"line":82,"column":39}},"35":{"start":{"line":87,"column":2},"end":{"line":98,"column":6}},"36":{"start":{"line":91,"column":4},"end":{"line":96,"column":8}},"37":{"start":{"line":94,"column":6},"end":{"line":94,"column":42}},"38":{"start":{"line":95,"column":6},"end":{"line":95,"column":39}},"39":{"start":{"line":97,"column":4},"end":{"line":97,"column":35}},"40":{"start":{"line":101,"column":2},"end":{"line":110,"column":6}},"41":{"start":{"line":104,"column":4},"end":{"line":109,"column":8}},"42":{"start":{"line":107,"column":6},"end":{"line":107,"column":41}},"43":{"start":{"line":108,"column":6},"end":{"line":108,"column":39}},"44":{"start":{"line":113,"column":2},"end":{"line":122,"column":6}},"45":{"start":{"line":116,"column":4},"end":{"line":121,"column":8}},"46":{"start":{"line":119,"column":6},"end":{"line":119,"column":43}},"47":{"start":{"line":120,"column":6},"end":{"line":120,"column":39}},"48":{"start":{"line":125,"column":2},"end":{"line":183,"column":6}},"49":{"start":{"line":129,"column":4},"end":{"line":129,"column":31}},"50":{"start":{"line":130,"column":4},"end":{"line":182,"column":7}},"51":{"start":{"line":131,"column":5},"end":{"line":131,"column":27}},"52":{"start":{"line":132,"column":5},"end":{"line":132,"column":38}},"53":{"start":{"line":133,"column":5},"end":{"line":181,"column":6}},"54":{"start":{"line":135,"column":23},"end":{"line":135,"column":43}},"55":{"start":{"line":136,"column":6},"end":{"line":174,"column":7}},"56":{"start":{"line":138,"column":8},"end":{"line":142,"column":11}},"57":{"start":{"line":143,"column":8},"end":{"line":143,"column":14}},"58":{"start":{"line":145,"column":8},"end":{"line":148,"column":11}},"59":{"start":{"line":149,"column":8},"end":{"line":149,"column":14}},"60":{"start":{"line":151,"column":8},"end":{"line":155,"column":11}},"61":{"start":{"line":156,"column":8},"end":{"line":156,"column":14}},"62":{"start":{"line":158,"column":8},"end":{"line":162,"column":11}},"63":{"start":{"line":163,"column":8},"end":{"line":163,"column":14}},"64":{"start":{"line":165,"column":8},"end":{"line":169,"column":11}},"65":{"start":{"line":170,"column":8},"end":{"line":170,"column":14}},"66":{"start":{"line":172,"column":8},"end":{"line":172,"column":28}},"67":{"start":{"line":173,"column":8},"end":{"line":173,"column":15}},"68":{"start":{"line":175,"column":23},"end":{"line":177,"column":8}},"69":{"start":{"line":178,"column":6},"end":{"line":178,"column":63}},"70":{"start":{"line":180,"column":6},"end":{"line":180,"column":50}},"71":{"start":{"line":185,"column":2},"end":{"line":185,"column":47}},"72":{"start":{"line":188,"column":2},"end":{"line":197,"column":6}},"73":{"start":{"line":192,"column":4},"end":{"line":196,"column":8}},"74":{"start":{"line":194,"column":6},"end":{"line":194,"column":49}},"75":{"start":{"line":195,"column":6},"end":{"line":195,"column":39}},"76":{"start":{"line":200,"column":2},"end":{"line":209,"column":6}},"77":{"start":{"line":204,"column":4},"end":{"line":208,"column":8}},"78":{"start":{"line":206,"column":6},"end":{"line":206,"column":47}},"79":{"start":{"line":207,"column":6},"end":{"line":207,"column":39}},"80":{"start":{"line":212,"column":2},"end":{"line":221,"column":6}},"81":{"start":{"line":216,"column":4},"end":{"line":220,"column":8}},"82":{"start":{"line":218,"column":6},"end":{"line":218,"column":48}},"83":{"start":{"line":219,"column":6},"end":{"line":219,"column":39}},"84":{"start":{"line":36,"column":0},"end":{"line":36,"column":13}},"85":{"start":{"line":226,"column":1},"end":{"line":258,"column":2}},"86":{"start":{"line":228,"column":3},"end":{"line":232,"column":6}},"87":{"start":{"line":234,"column":3},"end":{"line":237,"column":6}},"88":{"start":{"line":239,"column":3},"end":{"line":243,"column":6}},"89":{"start":{"line":245,"column":3},"end":{"line":249,"column":6}},"90":{"start":{"line":251,"column":3},"end":{"line":255,"column":6}},"91":{"start":{"line":257,"column":3},"end":{"line":257,"column":61}}},"fnMap":{"0":{"name":"(anonymous_0)","decl":{"start":{"line":41,"column":1},"end":{"line":41,"column":13}},"loc":{"start":{"line":41,"column":45},"end":{"line":44,"column":2}}},"1":{"name":"(anonymous_1)","decl":{"start":{"line":46,"column":1},"end":{"line":46,"column":8}},"loc":{"start":{"line":46,"column":8},"end":{"line":222,"column":2}}},"2":{"name":"(anonymous_2)","decl":{"start":{"line":56,"column":16},"end":{"line":56,"column":24}},"loc":{"start":{"line":56,"column":27},"end":{"line":84,"column":4}}},"3":{"name":"(anonymous_3)","decl":{"start":{"line":63,"column":15},"end":{"line":63,"column":20}},"loc":{"start":{"line":63,"column":31},"end":{"line":83,"column":6}}},"4":{"name":"(anonymous_4)","decl":{"start":{"line":90,"column":12},"end":{"line":90,"column":16}},"loc":{"start":{"line":90,"column":19},"end":{"line":98,"column":4}}},"5":{"name":"(anonymous_5)","decl":{"start":{"line":93,"column":15},"end":{"line":93,"column":20}},"loc":{"start":{"line":93,"column":31},"end":{"line":96,"column":6}}},"6":{"name":"(anonymous_6)","decl":{"start":{"line":103,"column":12},"end":{"line":103,"column":16}},"loc":{"start":{"line":103,"column":19},"end":{"line":110,"column":4}}},"7":{"name":"(anonymous_7)","decl":{"start":{"line":106,"column":15},"end":{"line":106,"column":20}},"loc":{"start":{"line":106,"column":31},"end":{"line":109,"column":6}}},"8":{"name":"(anonymous_8)","decl":{"start":{"line":115,"column":12},"end":{"line":115,"column":16}},"loc":{"start":{"line":115,"column":19},"end":{"line":122,"column":4}}},"9":{"name":"(anonymous_9)","decl":{"start":{"line":118,"column":15},"end":{"line":118,"column":20}},"loc":{"start":{"line":118,"column":31},"end":{"line":121,"column":6}}},"10":{"name":"(anonymous_10)","decl":{"start":{"line":128,"column":14},"end":{"line":128,"column":20}},"loc":{"start":{"line":128,"column":23},"end":{"line":183,"column":4}}},"11":{"name":"(anonymous_11)","decl":{"start":{"line":130,"column":19},"end":{"line":130,"column":24}},"loc":{"start":{"line":130,"column":30},"end":{"line":182,"column":5}}},"12":{"name":"(anonymous_12)","decl":{"start":{"line":191,"column":14},"end":{"line":191,"column":20}},"loc":{"start":{"line":191,"column":23},"end":{"line":197,"column":4}}},"13":{"name":"(anonymous_13)","decl":{"start":{"line":193,"column":15},"end":{"line":193,"column":20}},"loc":{"start":{"line":193,"column":31},"end":{"line":196,"column":6}}},"14":{"name":"(anonymous_14)","decl":{"start":{"line":203,"column":14},"end":{"line":203,"column":20}},"loc":{"start":{"line":203,"column":23},"end":{"line":209,"column":4}}},"15":{"name":"(anonymous_15)","decl":{"start":{"line":205,"column":15},"end":{"line":205,"column":20}},"loc":{"start":{"line":205,"column":31},"end":{"line":208,"column":6}}},"16":{"name":"(anonymous_16)","decl":{"start":{"line":215,"column":14},"end":{"line":215,"column":20}},"loc":{"start":{"line":215,"column":23},"end":{"line":221,"column":4}}},"17":{"name":"(anonymous_17)","decl":{"start":{"line":217,"column":15},"end":{"line":217,"column":20}},"loc":{"start":{"line":217,"column":31},"end":{"line":220,"column":6}}},"18":{"name":"createAIProvider","decl":{"start":{"line":225,"column":16},"end":{"line":225,"column":32}},"loc":{"start":{"line":225,"column":59},"end":{"line":259,"column":1}}}},"branchMap":{"0":{"loc":{"start":{"line":65,"column":6},"end":{"line":81,"column":7}},"type":"switch","locations":[{"start":{"line":66,"column":7},"end":{"line":68,"column":14}},{"start":{"line":69,"column":7},"end":{"line":71,"column":14}},{"start":{"line":72,"column":7},"end":{"line":74,"column":14}},{"start":{"line":75,"column":7},"end":{"line":77,"column":14}},{"start":{"line":78,"column":7},"end":{"line":80,"column":14}}]},"1":{"loc":{"start":{"line":136,"column":6},"end":{"line":174,"column":7}},"type":"switch","locations":[{"start":{"line":137,"column":7},"end":{"line":143,"column":14}},{"start":{"line":144,"column":7},"end":{"line":149,"column":14}},{"start":{"line":150,"column":7},"end":{"line":156,"column":14}},{"start":{"line":157,"column":7},"end":{"line":163,"column":14}},{"start":{"line":164,"column":7},"end":{"line":170,"column":14}},{"start":{"line":171,"column":7},"end":{"line":173,"column":15}}]},"2":{"loc":{"start":{"line":226,"column":1},"end":{"line":258,"column":2}},"type":"switch","locations":[{"start":{"line":227,"column":2},"end":{"line":232,"column":6}},{"start":{"line":233,"column":2},"end":{"line":237,"column":6}},{"start":{"line":238,"column":2},"end":{"line":243,"column":6}},{"start":{"line":244,"column":2},"end":{"line":249,"column":6}},{"start":{"line":250,"column":2},"end":{"line":255,"column":6}},{"start":{"line":256,"column":2},"end":{"line":257,"column":61}}]}},"s":{"0":0,"1":0,"2":0,"3":0,"4":0,"5":0,"6":0,"7":0,"8":0,"9":0,"10":0,"11":0,"12":0,"13":0,"14":0,"15":0,"16":0,"17":0,"18":0,"19":0,"20":0,"21":0,"22":0,"23":0,"24":0,"25":0,"26":0,"27":0,"28":0,"29":0,"30":0,"31":0,"32":0,"33":0,"34":0,"35":0,"36":0,"37":0,"38":0,"39":0,"40":0,"41":0,"42":0,"43":0,"44":0,"45":0,"46":0,"47":0,"48":0,"49":0,"50":0,"51":0,"52":0,"53":0,"54":0,"55":0,"56":0,"57":0,"58":0,"59":0,"60":0,"61":0,"62":0,"63":0,"64":0,"65":0,"66":0,"67":0,"68":0,"69":0,"70":0,"71":0,"72":0,"73":0,"74":0,"75":0,"76":0,"77":0,"78":0,"79":0,"80":0,"81":0,"82":0,"83":0,"84":0,"85":0,"86":0,"87":0,"88":0,"89":0,"90":0,"91":0},"f":{"0":0,"1":0,"2":0,"3":0,"4":0,"5":0,"6":0,"7":0,"8":0,"9":0,"10":0,"11":0,"12":0,"13":0,"14":0,"15":0,"16":0,"17":0,"18":0},"b":{"0":[0,0,0,0,0],"1":[0,0,0,0,0,0],"2":[0,0,0,0,0,0]}}
,"/Users/vincent/lifewiki/src/ai/agent-config.ts": {"path":"/Users/vincent/lifewiki/src/ai/agent-config.ts","statementMap":{"0":{"start":{"line":320,"column":0},"end":{"line":320,"column":7}},"1":{"start":{"line":14,"column":18},"end":{"line":14,"column":35}},"2":{"start":{"line":16,"column":25},"end":{"line":43,"column":36}},"3":{"start":{"line":45,"column":21},"end":{"line":120,"column":8}},"4":{"start":{"line":122,"column":23},"end":{"line":223,"column":8}},"5":{"start":{"line":225,"column":23},"end":{"line":271,"column":18}},"6":{"start":{"line":273,"column":21},"end":{"line":314,"column":22}},"7":{"start":{"line":321,"column":18},"end":{"line":335,"column":2}},"8":{"start":{"line":322,"column":2},"end":{"line":332,"column":3}},"9":{"start":{"line":323,"column":16},"end":{"line":323,"column":42}},"10":{"start":{"line":324,"column":16},"end":{"line":324,"column":53}},"11":{"start":{"line":327,"column":3},"end":{"line":329,"column":4}},"12":{"start":{"line":328,"column":4},"end":{"line":328,"column":38}},"13":{"start":{"line":334,"column":2},"end":{"line":334,"column":18}},"14":{"start":{"line":337,"column":48},"end":{"line":343,"column":3}},"15":{"start":{"line":345,"column":1},"end":{"line":351,"column":3}}},"fnMap":{"0":{"name":"loadAgentConfig","decl":{"start":{"line":320,"column":22},"end":{"line":320,"column":37}},"loc":{"start":{"line":320,"column":46},"end":{"line":352,"column":1}}},"1":{"name":"(anonymous_1)","decl":{"start":{"line":321,"column":18},"end":{"line":321,"column":23}},"loc":{"start":{"line":321,"column":80},"end":{"line":335,"column":2}}}},"branchMap":{"0":{"loc":{"start":{"line":327,"column":3},"end":{"line":329,"column":4}},"type":"if","locations":[{"start":{"line":327,"column":3},"end":{"line":329,"column":4}},{"start":{},"end":{}}]},"1":{"loc":{"start":{"line":327,"column":7},"end":{"line":327,"column":33}},"type":"binary-expr","locations":[{"start":{"line":327,"column":7},"end":{"line":327,"column":11}},{"start":{"line":327,"column":16},"end":{"line":327,"column":33}}]}},"s":{"0":2,"1":2,"2":2,"3":2,"4":2,"5":2,"6":2,"7":7,"8":35,"9":35,"10":35,"11":35,"12":7,"13":28,"14":7,"15":7},"f":{"0":7,"1":35},"b":{"0":[7,28],"1":[35,7]}}
,"/Users/vincent/lifewiki/src/ai/analyzer.ts": {"path":"/Users/vincent/lifewiki/src/ai/analyzer.ts","statementMap":{"0":{"start":{"line":15,"column":2},"end":{"line":15,"column":27}},"1":{"start":{"line":16,"column":2},"end":{"line":16,"column":37}},"2":{"start":{"line":24,"column":17},"end":{"line":24,"column":64}},"3":{"start":{"line":27,"column":25},"end":{"line":27,"column":70}},"4":{"start":{"line":29,"column":2},"end":{"line":29,"column":24}},"5":{"start":{"line":36,"column":27},"end":{"line":60,"column":3}},"6":{"start":{"line":37,"column":37},"end":{"line":37,"column":39}},"7":{"start":{"line":39,"column":3},"end":{"line":57,"column":4}},"8":{"start":{"line":40,"column":21},"end":{"line":40,"column":63}},"9":{"start":{"line":42,"column":4},"end":{"line":46,"column":7}},"10":{"start":{"line":49,"column":4},"end":{"line":56,"column":5}},"11":{"start":{"line":50,"column":5},"end":{"line":55,"column":8}},"12":{"start":{"line":59,"column":3},"end":{"line":59,"column":19}},"13":{"start":{"line":62,"column":2},"end":{"line":71,"column":4}},"14":{"start":{"line":78,"column":30},"end":{"line":78,"column":32}},"15":{"start":{"line":81,"column":2},"end":{"line":87,"column":3}},"16":{"start":{"line":82,"column":3},"end":{"line":86,"column":4}},"17":{"start":{"line":83,"column":4},"end":{"line":85,"column":5}},"18":{"start":{"line":84,"column":5},"end":{"line":84,"column":73}},"19":{"start":{"line":90,"column":2},"end":{"line":92,"column":3}},"20":{"start":{"line":91,"column":3},"end":{"line":91,"column":38}},"21":{"start":{"line":94,"column":2},"end":{"line":94,"column":19}},"22":{"start":{"line":98,"column":44},"end":{"line":104,"column":4}},"23":{"start":{"line":105,"column":2},"end":{"line":105,"column":33}},"24":{"start":{"line":112,"column":28},"end":{"line":112,"column":30}},"25":{"start":{"line":114,"column":2},"end":{"line":145,"column":3}},"26":{"start":{"line":115,"column":3},"end":{"line":144,"column":4}},"27":{"start":{"line":116,"column":4},"end":{"line":143,"column":5}},"28":{"start":{"line":117,"column":20},"end":{"line":140,"column":7}},"29":{"start":{"line":142,"column":5},"end":{"line":142,"column":26}},"30":{"start":{"line":147,"column":2},"end":{"line":147,"column":17}},"31":{"start":{"line":10,"column":0},"end":{"line":10,"column":13}}},"fnMap":{"0":{"name":"(anonymous_0)","decl":{"start":{"line":14,"column":1},"end":{"line":14,"column":13}},"loc":{"start":{"line":14,"column":63},"end":{"line":17,"column":2}}},"1":{"name":"(anonymous_1)","decl":{"start":{"line":22,"column":1},"end":{"line":22,"column":6}},"loc":{"start":{"line":22,"column":32},"end":{"line":30,"column":2}}},"2":{"name":"(anonymous_2)","decl":{"start":{"line":35,"column":9},"end":{"line":35,"column":14}},"loc":{"start":{"line":35,"column":64},"end":{"line":72,"column":2}}},"3":{"name":"(anonymous_3)","decl":{"start":{"line":36,"column":27},"end":{"line":36,"column":32}},"loc":{"start":{"line":36,"column":89},"end":{"line":60,"column":3}}},"4":{"name":"(anonymous_4)","decl":{"start":{"line":77,"column":1},"end":{"line":77,"column":26}},"loc":{"start":{"line":77,"column":49},"end":{"line":95,"column":2}}},"5":{"name":"(anonymous_5)","decl":{"start":{"line":97,"column":9},"end":{"line":97,"column":20}},"loc":{"start":{"line":97,"column":33},"end":{"line":106,"column":2}}},"6":{"name":"(anonymous_6)","decl":{"start":{"line":111,"column":1},"end":{"line":111,"column":6}},"loc":{"start":{"line":111,"column":47},"end":{"line":148,"column":2}}}},"branchMap":{"0":{"loc":{"start":{"line":49,"column":4},"end":{"line":56,"column":5}},"type":"if","locations":[{"start":{"line":49,"column":4},"end":{"line":56,"column":5}},{"start":{},"end":{}}]},"1":{"loc":{"start":{"line":83,"column":4},"end":{"line":85,"column":5}},"type":"if","locations":[{"start":{"line":83,"column":4},"end":{"line":85,"column":5}},{"start":{},"end":{}}]},"2":{"loc":{"start":{"line":83,"column":8},"end":{"line":83,"column":63}},"type":"binary-expr","locations":[{"start":{"line":83,"column":8},"end":{"line":83,"column":24}},{"start":{"line":83,"column":28},"end":{"line":83,"column":63}}]},"3":{"loc":{"start":{"line":90,"column":2},"end":{"line":92,"column":3}},"type":"if","locations":[{"start":{"line":90,"column":2},"end":{"line":92,"column":3}},{"start":{},"end":{}}]},"4":{"loc":{"start":{"line":105,"column":9},"end":{"line":105,"column":32}},"type":"binary-expr","locations":[{"start":{"line":105,"column":9},"end":{"line":105,"column":24}},{"start":{"line":105,"column":28},"end":{"line":105,"column":32}}]},"5":{"loc":{"start":{"line":116,"column":4},"end":{"line":143,"column":5}},"type":"if","locations":[{"start":{"line":116,"column":4},"end":{"line":143,"column":5}},{"start":{},"end":{}}]}},"s":{"0":0,"1":0,"2":0,"3":0,"4":0,"5":0,"6":0,"7":0,"8":0,"9":0,"10":0,"11":0,"12":0,"13":0,"14":0,"15":0,"16":0,"17":0,"18":0,"19":0,"20":0,"21":0,"22":0,"23":0,"24":0,"25":0,"26":0,"27":0,"28":0,"29":0,"30":0,"31":0},"f":{"0":0,"1":0,"2":0,"3":0,"4":0,"5":0,"6":0},"b":{"0":[0,0],"1":[0,0],"2":[0,0],"3":[0,0],"4":[0,0],"5":[0,0]}}
,"/Users/vincent/lifewiki/src/ai/claude-provider.ts": {"path":"/Users/vincent/lifewiki/src/ai/claude-provider.ts","statementMap":{"0":{"start":{"line":6,"column":0},"end":{"line":6,"column":38}},"1":{"start":{"line":41,"column":22},"end":{"line":41,"column":50}},"2":{"start":{"line":42,"column":25},"end":{"line":42,"column":52}},"3":{"start":{"line":43,"column":24},"end":{"line":43,"column":36}},"4":{"start":{"line":44,"column":24},"end":{"line":44,"column":29}},"5":{"start":{"line":54,"column":4},"end":{"line":56,"column":5}},"6":{"start":{"line":55,"column":6},"end":{"line":55,"column":56}},"7":{"start":{"line":57,"column":4},"end":{"line":57,"column":32}},"8":{"start":{"line":58,"column":4},"end":{"line":58,"column":54}},"9":{"start":{"line":59,"column":4},"end":{"line":59,"column":47}},"10":{"start":{"line":60,"column":4},"end":{"line":60,"column":53}},"11":{"start":{"line":61,"column":4},"end":{"line":61,"column":53}},"12":{"start":{"line":65,"column":16},"end":{"line":65,"column":45}},"13":{"start":{"line":68,"column":27},"end":{"line":73,"column":9}},"14":{"start":{"line":69,"column":19},"end":{"line":69,"column":38}},"15":{"start":{"line":70,"column":17},"end":{"line":73,"column":8}},"16":{"start":{"line":76,"column":26},"end":{"line":76,"column":65}},"17":{"start":{"line":76,"column":45},"end":{"line":76,"column":64}},"18":{"start":{"line":77,"column":4},"end":{"line":82,"column":5}},"19":{"start":{"line":78,"column":6},"end":{"line":81,"column":9}},"20":{"start":{"line":84,"column":35},"end":{"line":88,"column":6}},"21":{"start":{"line":90,"column":4},"end":{"line":134,"column":5}},"22":{"start":{"line":92,"column":23},"end":{"line":102,"column":8}},"23":{"start":{"line":104,"column":6},"end":{"line":111,"column":7}},"24":{"start":{"line":105,"column":27},"end":{"line":105,"column":52}},"25":{"start":{"line":106,"column":8},"end":{"line":109,"column":18}},"26":{"start":{"line":107,"column":28},"end":{"line":107,"column":41}},"27":{"start":{"line":108,"column":10},"end":{"line":108,"column":67}},"28":{"start":{"line":110,"column":8},"end":{"line":110,"column":38}},"29":{"start":{"line":113,"column":35},"end":{"line":113,"column":48}},"30":{"start":{"line":115,"column":6},"end":{"line":117,"column":7}},"31":{"start":{"line":116,"column":8},"end":{"line":116,"column":44}},"32":{"start":{"line":119,"column":22},"end":{"line":119,"column":51}},"33":{"start":{"line":121,"column":6},"end":{"line":128,"column":8}},"34":{"start":{"line":130,"column":6},"end":{"line":132,"column":7}},"35":{"start":{"line":131,"column":8},"end":{"line":131,"column":20}},"36":{"start":{"line":133,"column":6},"end":{"line":133,"column":48}},"37":{"start":{"line":138,"column":20},"end":{"line":138,"column":37}},"38":{"start":{"line":139,"column":22},"end":{"line":139,"column":46}},"39":{"start":{"line":141,"column":25},"end":{"line":164,"column":3}},"40":{"start":{"line":166,"column":21},"end":{"line":169,"column":6}},"41":{"start":{"line":171,"column":4},"end":{"line":171,"column":76}},"42":{"start":{"line":175,"column":40},"end":{"line":175,"column":45}},"43":{"start":{"line":176,"column":19},"end":{"line":182,"column":6}},"44":{"start":{"line":183,"column":38},"end":{"line":183,"column":40}},"45":{"start":{"line":184,"column":19},"end":{"line":184,"column":26}},"46":{"start":{"line":186,"column":4},"end":{"line":238,"column":5}},"47":{"start":{"line":187,"column":24},"end":{"line":187,"column":52}},"48":{"start":{"line":188,"column":6},"end":{"line":235,"column":7}},"49":{"start":{"line":189,"column":21},"end":{"line":189,"column":45}},"50":{"start":{"line":190,"column":8},"end":{"line":190,"column":80}},"51":{"start":{"line":191,"column":8},"end":{"line":232,"column":10}},"52":{"start":{"line":192,"column":65},"end":{"line":199,"column":12}},"53":{"start":{"line":200,"column":69},"end":{"line":207,"column":12}},"54":{"start":{"line":208,"column":65},"end":{"line":215,"column":12}},"55":{"start":{"line":216,"column":63},"end":{"line":223,"column":12}},"56":{"start":{"line":224,"column":71},"end":{"line":231,"column":12}},"57":{"start":{"line":233,"column":8},"end":{"line":233,"column":57}},"58":{"start":{"line":234,"column":8},"end":{"line":234,"column":44}},"59":{"start":{"line":237,"column":6},"end":{"line":237,"column":59}},"60":{"start":{"line":240,"column":4},"end":{"line":247,"column":6}},"61":{"start":{"line":251,"column":4},"end":{"line":251,"column":25}},"62":{"start":{"line":255,"column":4},"end":{"line":259,"column":7}},"63":{"start":{"line":256,"column":16},"end":{"line":256,"column":38}},"64":{"start":{"line":257,"column":16},"end":{"line":257,"column":47}},"65":{"start":{"line":258,"column":6},"end":{"line":258,"column":28}},"66":{"start":{"line":46,"column":0},"end":{"line":46,"column":13}}},"fnMap":{"0":{"name":"(anonymous_0)","decl":{"start":{"line":53,"column":2},"end":{"line":53,"column":14}},"loc":{"start":{"line":53,"column":34},"end":{"line":62,"column":3}}},"1":{"name":"(anonymous_1)","decl":{"start":{"line":64,"column":2},"end":{"line":64,"column":7}},"loc":{"start":{"line":64,"column":36},"end":{"line":135,"column":3}}},"2":{"name":"(anonymous_2)","decl":{"start":{"line":69,"column":14},"end":{"line":69,"column":15}},"loc":{"start":{"line":69,"column":19},"end":{"line":69,"column":38}}},"3":{"name":"(anonymous_3)","decl":{"start":{"line":70,"column":11},"end":{"line":70,"column":12}},"loc":{"start":{"line":70,"column":17},"end":{"line":73,"column":8}}},"4":{"name":"(anonymous_4)","decl":{"start":{"line":76,"column":40},"end":{"line":76,"column":41}},"loc":{"start":{"line":76,"column":45},"end":{"line":76,"column":64}}},"5":{"name":"(anonymous_5)","decl":{"start":{"line":137,"column":2},"end":{"line":137,"column":7}},"loc":{"start":{"line":137,"column":36},"end":{"line":172,"column":3}}},"6":{"name":"(anonymous_6)","decl":{"start":{"line":174,"column":10},"end":{"line":174,"column":31}},"loc":{"start":{"line":174,"column":83},"end":{"line":248,"column":3}}},"7":{"name":"(anonymous_7)","decl":{"start":{"line":192,"column":52},"end":{"line":192,"column":53}},"loc":{"start":{"line":192,"column":65},"end":{"line":199,"column":12}}},"8":{"name":"(anonymous_8)","decl":{"start":{"line":200,"column":56},"end":{"line":200,"column":57}},"loc":{"start":{"line":200,"column":69},"end":{"line":207,"column":12}}},"9":{"name":"(anonymous_9)","decl":{"start":{"line":208,"column":52},"end":{"line":208,"column":53}},"loc":{"start":{"line":208,"column":65},"end":{"line":215,"column":12}}},"10":{"name":"(anonymous_10)","decl":{"start":{"line":216,"column":50},"end":{"line":216,"column":51}},"loc":{"start":{"line":216,"column":63},"end":{"line":223,"column":12}}},"11":{"name":"(anonymous_11)","decl":{"start":{"line":224,"column":58},"end":{"line":224,"column":59}},"loc":{"start":{"line":224,"column":71},"end":{"line":231,"column":12}}},"12":{"name":"(anonymous_12)","decl":{"start":{"line":250,"column":2},"end":{"line":250,"column":9}},"loc":{"start":{"line":250,"column":9},"end":{"line":252,"column":3}}},"13":{"name":"(anonymous_13)","decl":{"start":{"line":254,"column":10},"end":{"line":254,"column":20}},"loc":{"start":{"line":254,"column":20},"end":{"line":260,"column":3}}},"14":{"name":"(anonymous_14)","decl":{"start":{"line":255,"column":67},"end":{"line":255,"column":68}},"loc":{"start":{"line":255,"column":73},"end":{"line":259,"column":5}}}},"branchMap":{"0":{"loc":{"start":{"line":54,"column":4},"end":{"line":56,"column":5}},"type":"if","locations":[{"start":{"line":54,"column":4},"end":{"line":56,"column":5}},{"start":{},"end":{}}]},"1":{"loc":{"start":{"line":58,"column":19},"end":{"line":58,"column":53}},"type":"binary-expr","locations":[{"start":{"line":58,"column":19},"end":{"line":58,"column":33}},{"start":{"line":58,"column":37},"end":{"line":58,"column":53}}]},"2":{"loc":{"start":{"line":59,"column":17},"end":{"line":59,"column":46}},"type":"binary-expr","locations":[{"start":{"line":59,"column":17},"end":{"line":59,"column":29}},{"start":{"line":59,"column":33},"end":{"line":59,"column":46}}]},"3":{"loc":{"start":{"line":60,"column":19},"end":{"line":60,"column":52}},"type":"binary-expr","locations":[{"start":{"line":60,"column":19},"end":{"line":60,"column":33}},{"start":{"line":60,"column":37},"end":{"line":60,"column":52}}]},"4":{"loc":{"start":{"line":61,"column":19},"end":{"line":61,"column":52}},"type":"binary-expr","locations":[{"start":{"line":61,"column":19},"end":{"line":61,"column":33}},{"start":{"line":61,"column":37},"end":{"line":61,"column":52}}]},"5":{"loc":{"start":{"line":71,"column":14},"end":{"line":71,"column":59}},"type":"cond-expr","locations":[{"start":{"line":71,"column":39},"end":{"line":71,"column":50}},{"start":{"line":71,"column":53},"end":{"line":71,"column":59}}]},"6":{"loc":{"start":{"line":77,"column":4},"end":{"line":82,"column":5}},"type":"if","locations":[{"start":{"line":77,"column":4},"end":{"line":82,"column":5}},{"start":{},"end":{}}]},"7":{"loc":{"start":{"line":104,"column":6},"end":{"line":111,"column":7}},"type":"if","locations":[{"start":{"line":104,"column":6},"end":{"line":111,"column":7}},{"start":{},"end":{}}]},"8":{"loc":{"start":{"line":104,"column":10},"end":{"line":104,"column":57}},"type":"binary-expr","locations":[{"start":{"line":104,"column":10},"end":{"line":104,"column":31}},{"start":{"line":104,"column":35},"end":{"line":104,"column":57}}]},"9":{"loc":{"start":{"line":108,"column":25},"end":{"line":108,"column":66}},"type":"binary-expr","locations":[{"start":{"line":108,"column":25},"end":{"line":108,"column":50}},{"start":{"line":108,"column":54},"end":{"line":108,"column":66}}]},"10":{"loc":{"start":{"line":115,"column":6},"end":{"line":117,"column":7}},"type":"if","locations":[{"start":{"line":115,"column":6},"end":{"line":117,"column":7}},{"start":{},"end":{}}]},"11":{"loc":{"start":{"line":119,"column":22},"end":{"line":119,"column":51}},"type":"binary-expr","locations":[{"start":{"line":119,"column":22},"end":{"line":119,"column":45}},{"start":{"line":119,"column":49},"end":{"line":119,"column":51}}]},"12":{"loc":{"start":{"line":124,"column":24},"end":{"line":124,"column":53}},"type":"binary-expr","locations":[{"start":{"line":124,"column":24},"end":{"line":124,"column":48}},{"start":{"line":124,"column":52},"end":{"line":124,"column":53}}]},"13":{"loc":{"start":{"line":125,"column":28},"end":{"line":125,"column":58}},"type":"binary-expr","locations":[{"start":{"line":125,"column":28},"end":{"line":125,"column":53}},{"start":{"line":125,"column":57},"end":{"line":125,"column":58}}]},"14":{"loc":{"start":{"line":126,"column":24},"end":{"line":126,"column":53}},"type":"binary-expr","locations":[{"start":{"line":126,"column":24},"end":{"line":126,"column":48}},{"start":{"line":126,"column":52},"end":{"line":126,"column":53}}]},"15":{"loc":{"start":{"line":126,"column":58},"end":{"line":126,"column":88}},"type":"binary-expr","locations":[{"start":{"line":126,"column":58},"end":{"line":126,"column":83}},{"start":{"line":126,"column":87},"end":{"line":126,"column":88}}]},"16":{"loc":{"start":{"line":130,"column":6},"end":{"line":132,"column":7}},"type":"if","locations":[{"start":{"line":130,"column":6},"end":{"line":132,"column":7}},{"start":{},"end":{}}]},"17":{"loc":{"start":{"line":188,"column":6},"end":{"line":235,"column":7}},"type":"if","locations":[{"start":{"line":188,"column":6},"end":{"line":235,"column":7}},{"start":{},"end":{}}]},"18":{"loc":{"start":{"line":190,"column":19},"end":{"line":190,"column":79}},"type":"cond-expr","locations":[{"start":{"line":190,"column":58},"end":{"line":190,"column":71}},{"start":{"line":190,"column":74},"end":{"line":190,"column":79}}]},"19":{"loc":{"start":{"line":192,"column":19},"end":{"line":192,"column":46}},"type":"binary-expr","locations":[{"start":{"line":192,"column":19},"end":{"line":192,"column":40}},{"start":{"line":192,"column":44},"end":{"line":192,"column":46}}]},"20":{"loc":{"start":{"line":195,"column":24},"end":{"line":195,"column":43}},"type":"binary-expr","locations":[{"start":{"line":195,"column":24},"end":{"line":195,"column":36}},{"start":{"line":195,"column":40},"end":{"line":195,"column":43}}]},"21":{"loc":{"start":{"line":196,"column":21},"end":{"line":196,"column":36}},"type":"binary-expr","locations":[{"start":{"line":196,"column":21},"end":{"line":196,"column":30}},{"start":{"line":196,"column":34},"end":{"line":196,"column":36}}]},"22":{"loc":{"start":{"line":200,"column":21},"end":{"line":200,"column":50}},"type":"binary-expr","locations":[{"start":{"line":200,"column":21},"end":{"line":200,"column":44}},{"start":{"line":200,"column":48},"end":{"line":200,"column":50}}]},"23":{"loc":{"start":{"line":203,"column":24},"end":{"line":203,"column":43}},"type":"binary-expr","locations":[{"start":{"line":203,"column":24},"end":{"line":203,"column":36}},{"start":{"line":203,"column":40},"end":{"line":203,"column":43}}]},"24":{"loc":{"start":{"line":204,"column":21},"end":{"line":204,"column":36}},"type":"binary-expr","locations":[{"start":{"line":204,"column":21},"end":{"line":204,"column":30}},{"start":{"line":204,"column":34},"end":{"line":204,"column":36}}]},"25":{"loc":{"start":{"line":208,"column":19},"end":{"line":208,"column":46}},"type":"binary-expr","locations":[{"start":{"line":208,"column":19},"end":{"line":208,"column":40}},{"start":{"line":208,"column":44},"end":{"line":208,"column":46}}]},"26":{"loc":{"start":{"line":211,"column":24},"end":{"line":211,"column":43}},"type":"binary-expr","locations":[{"start":{"line":211,"column":24},"end":{"line":211,"column":36}},{"start":{"line":211,"column":40},"end":{"line":211,"column":43}}]},"27":{"loc":{"start":{"line":212,"column":21},"end":{"line":212,"column":36}},"type":"binary-expr","locations":[{"start":{"line":212,"column":21},"end":{"line":212,"column":30}},{"start":{"line":212,"column":34},"end":{"line":212,"column":36}}]},"28":{"loc":{"start":{"line":216,"column":18},"end":{"line":216,"column":44}},"type":"binary-expr","locations":[{"start":{"line":216,"column":18},"end":{"line":216,"column":38}},{"start":{"line":216,"column":42},"end":{"line":216,"column":44}}]},"29":{"loc":{"start":{"line":219,"column":24},"end":{"line":219,"column":43}},"type":"binary-expr","locations":[{"start":{"line":219,"column":24},"end":{"line":219,"column":36}},{"start":{"line":219,"column":40},"end":{"line":219,"column":43}}]},"30":{"loc":{"start":{"line":220,"column":21},"end":{"line":220,"column":36}},"type":"binary-expr","locations":[{"start":{"line":220,"column":21},"end":{"line":220,"column":30}},{"start":{"line":220,"column":34},"end":{"line":220,"column":36}}]},"31":{"loc":{"start":{"line":224,"column":22},"end":{"line":224,"column":52}},"type":"binary-expr","locations":[{"start":{"line":224,"column":22},"end":{"line":224,"column":46}},{"start":{"line":224,"column":50},"end":{"line":224,"column":52}}]},"32":{"loc":{"start":{"line":227,"column":24},"end":{"line":227,"column":43}},"type":"binary-expr","locations":[{"start":{"line":227,"column":24},"end":{"line":227,"column":36}},{"start":{"line":227,"column":40},"end":{"line":227,"column":43}}]},"33":{"loc":{"start":{"line":228,"column":21},"end":{"line":228,"column":36}},"type":"binary-expr","locations":[{"start":{"line":228,"column":21},"end":{"line":228,"column":30}},{"start":{"line":228,"column":34},"end":{"line":228,"column":36}}]},"34":{"loc":{"start":{"line":233,"column":28},"end":{"line":233,"column":56}},"type":"binary-expr","locations":[{"start":{"line":233,"column":28},"end":{"line":233,"column":50}},{"start":{"line":233,"column":54},"end":{"line":233,"column":56}}]},"35":{"loc":{"start":{"line":234,"column":19},"end":{"line":234,"column":43}},"type":"binary-expr","locations":[{"start":{"line":234,"column":19},"end":{"line":234,"column":32}},{"start":{"line":234,"column":36},"end":{"line":234,"column":43}}]},"36":{"loc":{"start":{"line":257,"column":16},"end":{"line":257,"column":47}},"type":"cond-expr","locations":[{"start":{"line":257,"column":28},"end":{"line":257,"column":29}},{"start":{"line":257,"column":33},"end":{"line":257,"column":46}}]}},"s":{"0":0,"1":0,"2":0,"3":0,"4":0,"5":0,"6":0,"7":0,"8":0,"9":0,"10":0,"11":0,"12":0,"13":0,"14":0,"15":0,"16":0,"17":0,"18":0,"19":0,"20":0,"21":0,"22":0,"23":0,"24":0,"25":0,"26":0,"27":0,"28":0,"29":0,"30":0,"31":0,"32":0,"33":0,"34":0,"35":0,"36":0,"37":0,"38":0,"39":0,"40":0,"41":0,"42":0,"43":0,"44":0,"45":0,"46":0,"47":0,"48":0,"49":0,"50":0,"51":0,"52":0,"53":0,"54":0,"55":0,"56":0,"57":0,"58":0,"59":0,"60":0,"61":0,"62":0,"63":0,"64":0,"65":0,"66":0},"f":{"0":0,"1":0,"2":0,"3":0,"4":0,"5":0,"6":0,"7":0,"8":0,"9":0,"10":0,"11":0,"12":0,"13":0,"14":0},"b":{"0":[0,0],"1":[0,0],"2":[0,0],"3":[0,0],"4":[0,0],"5":[0,0],"6":[0,0],"7":[0,0],"8":[0,0],"9":[0,0],"10":[0,0],"11":[0,0],"12":[0,0],"13":[0,0],"14":[0,0],"15":[0,0],"16":[0,0],"17":[0,0],"18":[0,0],"19":[0,0],"20":[0,0],"21":[0,0],"22":[0,0],"23":[0,0],"24":[0,0],"25":[0,0],"26":[0,0],"27":[0,0],"28":[0,0],"29":[0,0],"30":[0,0],"31":[0,0],"32":[0,0],"33":[0,0],"34":[0,0],"35":[0,0],"36":[0,0]}}
,"/Users/vincent/lifewiki/src/ai/conversation-flow.ts": {"path":"/Users/vincent/lifewiki/src/ai/conversation-flow.ts","statementMap":{"0":{"start":{"line":6,"column":0},"end":{"line":6,"column":108}},"1":{"start":{"line":8,"column":0},"end":{"line":8,"column":51}},"2":{"start":{"line":10,"column":0},"end":{"line":10,"column":62}},"3":{"start":{"line":51,"column":9},"end":{"line":51,"column":52}},"4":{"start":{"line":52,"column":9},"end":{"line":52,"column":48}},"5":{"start":{"line":53,"column":9},"end":{"line":53,"column":25}},"6":{"start":{"line":56,"column":2},"end":{"line":56,"column":27}},"7":{"start":{"line":57,"column":2},"end":{"line":57,"column":45}},"8":{"start":{"line":58,"column":2},"end":{"line":58,"column":17}},"9":{"start":{"line":65,"column":2},"end":{"line":67,"column":3}},"10":{"start":{"line":66,"column":3},"end":{"line":66,"column":54}},"11":{"start":{"line":74,"column":2},"end":{"line":74,"column":31}},"12":{"start":{"line":82,"column":18},"end":{"line":82,"column":65}},"13":{"start":{"line":85,"column":2},"end":{"line":85,"column":51}},"14":{"start":{"line":88,"column":2},"end":{"line":91,"column":5}},"15":{"start":{"line":94,"column":59},"end":{"line":94,"column":61}},"16":{"start":{"line":95,"column":2},"end":{"line":116,"column":3}},"17":{"start":{"line":96,"column":3},"end":{"line":115,"column":4}},"18":{"start":{"line":97,"column":97},"end":{"line":103,"column":6}},"19":{"start":{"line":105,"column":4},"end":{"line":111,"column":6}},"20":{"start":{"line":106,"column":33},"end":{"line":106,"column":62}},"21":{"start":{"line":107,"column":35},"end":{"line":107,"column":64}},"22":{"start":{"line":108,"column":33},"end":{"line":108,"column":62}},"23":{"start":{"line":109,"column":32},"end":{"line":109,"column":61}},"24":{"start":{"line":110,"column":36},"end":{"line":110,"column":65}},"25":{"start":{"line":112,"column":4},"end":{"line":112,"column":89}},"26":{"start":{"line":114,"column":4},"end":{"line":114,"column":74}},"27":{"start":{"line":119,"column":23},"end":{"line":119,"column":81}},"28":{"start":{"line":122,"column":2},"end":{"line":203,"column":3}},"29":{"start":{"line":123,"column":20},"end":{"line":126,"column":5}},"30":{"start":{"line":127,"column":18},"end":{"line":127,"column":52}},"31":{"start":{"line":130,"column":20},"end":{"line":136,"column":11}},"32":{"start":{"line":139,"column":59},"end":{"line":139,"column":111}},"33":{"start":{"line":141,"column":3},"end":{"line":167,"column":4}},"34":{"start":{"line":142,"column":4},"end":{"line":142,"column":112}},"35":{"start":{"line":145,"column":4},"end":{"line":148,"column":7}},"36":{"start":{"line":151,"column":44},"end":{"line":156,"column":6}},"37":{"start":{"line":158,"column":4},"end":{"line":158,"column":58}},"38":{"start":{"line":160,"column":4},"end":{"line":166,"column":13}},"39":{"start":{"line":170,"column":3},"end":{"line":170,"column":63}},"40":{"start":{"line":173,"column":3},"end":{"line":173,"column":70}},"41":{"start":{"line":176,"column":34},"end":{"line":183,"column":5}},"42":{"start":{"line":186,"column":3},"end":{"line":186,"column":58}},"43":{"start":{"line":189,"column":3},"end":{"line":192,"column":6}},"44":{"start":{"line":194,"column":3},"end":{"line":197,"column":5}},"45":{"start":{"line":199,"column":3},"end":{"line":202,"column":5}},"46":{"start":{"line":210,"column":18},"end":{"line":210,"column":57}},"47":{"start":{"line":212,"column":2},"end":{"line":217,"column":3}},"48":{"start":{"line":213,"column":3},"end":{"line":216,"column":5}},"49":{"start":{"line":220,"column":2},"end":{"line":223,"column":5}},"50":{"start":{"line":226,"column":23},"end":{"line":226,"column":65}},"51":{"start":{"line":229,"column":34},"end":{"line":235,"column":4}},"52":{"start":{"line":231,"column":33},"end":{"line":234,"column":5}},"53":{"start":{"line":238,"column":2},"end":{"line":514,"column":3}},"54":{"start":{"line":239,"column":18},"end":{"line":239,"column":52}},"55":{"start":{"line":242,"column":26},"end":{"line":248,"column":11}},"56":{"start":{"line":250,"column":3},"end":{"line":250,"column":69}},"57":{"start":{"line":253,"column":59},"end":{"line":253,"column":117}},"58":{"start":{"line":254,"column":3},"end":{"line":285,"column":4}},"59":{"start":{"line":255,"column":4},"end":{"line":255,"column":90}},"60":{"start":{"line":258,"column":4},"end":{"line":261,"column":7}},"61":{"start":{"line":264,"column":44},"end":{"line":272,"column":6}},"62":{"start":{"line":266,"column":35},"end":{"line":269,"column":7}},"63":{"start":{"line":274,"column":4},"end":{"line":274,"column":58}},"64":{"start":{"line":276,"column":4},"end":{"line":282,"column":13}},"65":{"start":{"line":284,"column":4},"end":{"line":284,"column":78}},"66":{"start":{"line":288,"column":38},"end":{"line":292,"column":5}},"67":{"start":{"line":295,"column":23},"end":{"line":295,"column":71}},"68":{"start":{"line":296,"column":3},"end":{"line":310,"column":4}},"69":{"start":{"line":297,"column":4},"end":{"line":309,"column":5}},"70":{"start":{"line":298,"column":24},"end":{"line":298,"column":50}},"71":{"start":{"line":299,"column":5},"end":{"line":305,"column":6}},"72":{"start":{"line":300,"column":6},"end":{"line":304,"column":10}},"73":{"start":{"line":300,"column":68},"end":{"line":304,"column":8}},"74":{"start":{"line":306,"column":5},"end":{"line":306,"column":81}},"75":{"start":{"line":308,"column":5},"end":{"line":308,"column":73}},"76":{"start":{"line":313,"column":24},"end":{"line":313,"column":61}},"77":{"start":{"line":314,"column":3},"end":{"line":375,"column":4}},"78":{"start":{"line":315,"column":22},"end":{"line":315,"column":55}},"79":{"start":{"line":317,"column":21},"end":{"line":317,"column":22}},"80":{"start":{"line":318,"column":19},"end":{"line":318,"column":24}},"81":{"start":{"line":319,"column":18},"end":{"line":319,"column":20}},"82":{"start":{"line":321,"column":4},"end":{"line":356,"column":5}},"83":{"start":{"line":321,"column":17},"end":{"line":321,"column":26}},"84":{"start":{"line":322,"column":18},"end":{"line":322,"column":37}},"85":{"start":{"line":325,"column":5},"end":{"line":342,"column":6}},"86":{"start":{"line":327,"column":22},"end":{"line":327,"column":27}},"87":{"start":{"line":328,"column":27},"end":{"line":328,"column":28}},"88":{"start":{"line":329,"column":21},"end":{"line":329,"column":26}},"89":{"start":{"line":330,"column":6},"end":{"line":333,"column":7}},"90":{"start":{"line":331,"column":7},"end":{"line":331,"column":24}},"91":{"start":{"line":332,"column":7},"end":{"line":332,"column":18}},"92":{"start":{"line":335,"column":6},"end":{"line":337,"column":7}},"93":{"start":{"line":336,"column":7},"end":{"line":336,"column":24}},"94":{"start":{"line":339,"column":6},"end":{"line":341,"column":7}},"95":{"start":{"line":340,"column":7},"end":{"line":340,"column":28}},"96":{"start":{"line":345,"column":5},"end":{"line":355,"column":6}},"97":{"start":{"line":346,"column":6},"end":{"line":354,"column":7}},"98":{"start":{"line":347,"column":7},"end":{"line":347,"column":20}},"99":{"start":{"line":348,"column":13},"end":{"line":354,"column":7}},"100":{"start":{"line":349,"column":7},"end":{"line":349,"column":20}},"101":{"start":{"line":350,"column":7},"end":{"line":353,"column":8}},"102":{"start":{"line":351,"column":8},"end":{"line":351,"column":24}},"103":{"start":{"line":352,"column":8},"end":{"line":352,"column":14}},"104":{"start":{"line":358,"column":4},"end":{"line":374,"column":5}},"105":{"start":{"line":359,"column":5},"end":{"line":373,"column":6}},"106":{"start":{"line":360,"column":25},"end":{"line":360,"column":71}},"107":{"start":{"line":361,"column":26},"end":{"line":361,"column":48}},"108":{"start":{"line":362,"column":6},"end":{"line":370,"column":7}},"109":{"start":{"line":363,"column":7},"end":{"line":368,"column":11}},"110":{"start":{"line":363,"column":71},"end":{"line":368,"column":9}},"111":{"start":{"line":369,"column":7},"end":{"line":369,"column":85}},"112":{"start":{"line":372,"column":6},"end":{"line":372,"column":131}},"113":{"start":{"line":378,"column":23},"end":{"line":378,"column":59}},"114":{"start":{"line":379,"column":3},"end":{"line":437,"column":4}},"115":{"start":{"line":380,"column":22},"end":{"line":380,"column":53}},"116":{"start":{"line":381,"column":21},"end":{"line":381,"column":22}},"117":{"start":{"line":382,"column":19},"end":{"line":382,"column":24}},"118":{"start":{"line":383,"column":18},"end":{"line":383,"column":20}},"119":{"start":{"line":385,"column":4},"end":{"line":416,"column":5}},"120":{"start":{"line":385,"column":17},"end":{"line":385,"column":26}},"121":{"start":{"line":386,"column":18},"end":{"line":386,"column":37}},"122":{"start":{"line":388,"column":5},"end":{"line":403,"column":6}},"123":{"start":{"line":389,"column":22},"end":{"line":389,"column":27}},"124":{"start":{"line":390,"column":27},"end":{"line":390,"column":28}},"125":{"start":{"line":391,"column":21},"end":{"line":391,"column":26}},"126":{"start":{"line":392,"column":6},"end":{"line":395,"column":7}},"127":{"start":{"line":393,"column":7},"end":{"line":393,"column":24}},"128":{"start":{"line":394,"column":7},"end":{"line":394,"column":18}},"129":{"start":{"line":396,"column":6},"end":{"line":398,"column":7}},"130":{"start":{"line":397,"column":7},"end":{"line":397,"column":24}},"131":{"start":{"line":400,"column":6},"end":{"line":402,"column":7}},"132":{"start":{"line":401,"column":7},"end":{"line":401,"column":28}},"133":{"start":{"line":405,"column":5},"end":{"line":415,"column":6}},"134":{"start":{"line":406,"column":6},"end":{"line":414,"column":7}},"135":{"start":{"line":407,"column":7},"end":{"line":407,"column":20}},"136":{"start":{"line":408,"column":13},"end":{"line":414,"column":7}},"137":{"start":{"line":409,"column":7},"end":{"line":409,"column":20}},"138":{"start":{"line":410,"column":7},"end":{"line":413,"column":8}},"139":{"start":{"line":411,"column":8},"end":{"line":411,"column":24}},"140":{"start":{"line":412,"column":8},"end":{"line":412,"column":14}},"141":{"start":{"line":418,"column":4},"end":{"line":436,"column":5}},"142":{"start":{"line":419,"column":5},"end":{"line":435,"column":6}},"143":{"start":{"line":420,"column":24},"end":{"line":420,"column":70}},"144":{"start":{"line":421,"column":25},"end":{"line":421,"column":46}},"145":{"start":{"line":422,"column":6},"end":{"line":432,"column":7}},"146":{"start":{"line":423,"column":7},"end":{"line":430,"column":10}},"147":{"start":{"line":426,"column":53},"end":{"line":429,"column":10}},"148":{"start":{"line":431,"column":7},"end":{"line":431,"column":81}},"149":{"start":{"line":434,"column":6},"end":{"line":434,"column":74}},"150":{"start":{"line":440,"column":25},"end":{"line":440,"column":63}},"151":{"start":{"line":441,"column":3},"end":{"line":494,"column":4}},"152":{"start":{"line":442,"column":22},"end":{"line":442,"column":57}},"153":{"start":{"line":443,"column":21},"end":{"line":443,"column":22}},"154":{"start":{"line":444,"column":19},"end":{"line":444,"column":24}},"155":{"start":{"line":445,"column":18},"end":{"line":445,"column":20}},"156":{"start":{"line":447,"column":4},"end":{"line":478,"column":5}},"157":{"start":{"line":447,"column":17},"end":{"line":447,"column":26}},"158":{"start":{"line":448,"column":18},"end":{"line":448,"column":37}},"159":{"start":{"line":450,"column":5},"end":{"line":465,"column":6}},"160":{"start":{"line":451,"column":22},"end":{"line":451,"column":27}},"161":{"start":{"line":452,"column":27},"end":{"line":452,"column":28}},"162":{"start":{"line":453,"column":21},"end":{"line":453,"column":26}},"163":{"start":{"line":454,"column":6},"end":{"line":457,"column":7}},"164":{"start":{"line":455,"column":7},"end":{"line":455,"column":24}},"165":{"start":{"line":456,"column":7},"end":{"line":456,"column":18}},"166":{"start":{"line":458,"column":6},"end":{"line":460,"column":7}},"167":{"start":{"line":459,"column":7},"end":{"line":459,"column":24}},"168":{"start":{"line":462,"column":6},"end":{"line":464,"column":7}},"169":{"start":{"line":463,"column":7},"end":{"line":463,"column":28}},"170":{"start":{"line":467,"column":5},"end":{"line":477,"column":6}},"171":{"start":{"line":468,"column":6},"end":{"line":476,"column":7}},"172":{"start":{"line":469,"column":7},"end":{"line":469,"column":20}},"173":{"start":{"line":470,"column":13},"end":{"line":476,"column":7}},"174":{"start":{"line":471,"column":7},"end":{"line":471,"column":20}},"175":{"start":{"line":472,"column":7},"end":{"line":475,"column":8}},"176":{"start":{"line":473,"column":8},"end":{"line":473,"column":24}},"177":{"start":{"line":474,"column":8},"end":{"line":474,"column":14}},"178":{"start":{"line":480,"column":4},"end":{"line":493,"column":5}},"179":{"start":{"line":481,"column":5},"end":{"line":492,"column":6}},"180":{"start":{"line":482,"column":26},"end":{"line":482,"column":72}},"181":{"start":{"line":483,"column":27},"end":{"line":483,"column":50}},"182":{"start":{"line":484,"column":6},"end":{"line":488,"column":9}},"183":{"start":{"line":489,"column":6},"end":{"line":489,"column":69}},"184":{"start":{"line":491,"column":6},"end":{"line":491,"column":76}},"185":{"start":{"line":497,"column":25},"end":{"line":497,"column":77}},"186":{"start":{"line":500,"column":3},"end":{"line":503,"column":6}},"187":{"start":{"line":505,"column":3},"end":{"line":505,"column":39}},"188":{"start":{"line":507,"column":3},"end":{"line":507,"column":17}},"189":{"start":{"line":509,"column":3},"end":{"line":513,"column":5}},"190":{"start":{"line":521,"column":2},"end":{"line":521,"column":49}},"191":{"start":{"line":528,"column":2},"end":{"line":528,"column":46}},"192":{"start":{"line":535,"column":2},"end":{"line":535,"column":48}},"193":{"start":{"line":542,"column":15},"end":{"line":542,"column":53}},"194":{"start":{"line":545,"column":30},"end":{"line":547,"column":8}},"195":{"start":{"line":546,"column":31},"end":{"line":546,"column":56}},"196":{"start":{"line":550,"column":2},"end":{"line":608,"column":3}},"197":{"start":{"line":551,"column":3},"end":{"line":607,"column":47}},"198":{"start":{"line":611,"column":2},"end":{"line":619,"column":18}},"199":{"start":{"line":626,"column":18},"end":{"line":626,"column":39}},"200":{"start":{"line":627,"column":16},"end":{"line":627,"column":60}},"201":{"start":{"line":630,"column":17},"end":{"line":630,"column":63}},"202":{"start":{"line":631,"column":19},"end":{"line":631,"column":67}},"203":{"start":{"line":632,"column":17},"end":{"line":632,"column":63}},"204":{"start":{"line":633,"column":16},"end":{"line":633,"column":61}},"205":{"start":{"line":634,"column":20},"end":{"line":634,"column":69}},"206":{"start":{"line":636,"column":45},"end":{"line":643,"column":4}},"207":{"start":{"line":646,"column":2},"end":{"line":701,"column":3}},"208":{"start":{"line":647,"column":3},"end":{"line":700,"column":2}},"209":{"start":{"line":678,"column":30},"end":{"line":678,"column":36}},"210":{"start":{"line":679,"column":32},"end":{"line":679,"column":38}},"211":{"start":{"line":680,"column":30},"end":{"line":680,"column":36}},"212":{"start":{"line":681,"column":29},"end":{"line":681,"column":35}},"213":{"start":{"line":682,"column":33},"end":{"line":682,"column":39}},"214":{"start":{"line":685,"column":35},"end":{"line":685,"column":84}},"215":{"start":{"line":704,"column":2},"end":{"line":712,"column":2}},"216":{"start":{"line":711,"column":35},"end":{"line":711,"column":60}},"217":{"start":{"line":719,"column":18},"end":{"line":719,"column":57}},"218":{"start":{"line":720,"column":2},"end":{"line":720,"column":29}},"219":{"start":{"line":720,"column":16},"end":{"line":720,"column":29}},"220":{"start":{"line":722,"column":17},"end":{"line":729,"column":4}},"221":{"start":{"line":731,"column":23},"end":{"line":731,"column":59}},"222":{"start":{"line":732,"column":2},"end":{"line":734,"column":3}},"223":{"start":{"line":733,"column":3},"end":{"line":733,"column":16}},"224":{"start":{"line":736,"column":2},"end":{"line":736,"column":76}},"225":{"start":{"line":744,"column":18},"end":{"line":744,"column":86}},"226":{"start":{"line":746,"column":15},"end":{"line":746,"column":23}},"227":{"start":{"line":748,"column":2},"end":{"line":812,"column":3}},"228":{"start":{"line":749,"column":21},"end":{"line":749,"column":34}},"229":{"start":{"line":750,"column":20},"end":{"line":750,"column":45}},"230":{"start":{"line":752,"column":3},"end":{"line":811,"column":4}},"231":{"start":{"line":753,"column":22},"end":{"line":753,"column":51}},"232":{"start":{"line":754,"column":21},"end":{"line":754,"column":22}},"233":{"start":{"line":755,"column":19},"end":{"line":755,"column":24}},"234":{"start":{"line":756,"column":19},"end":{"line":756,"column":21}},"235":{"start":{"line":759,"column":4},"end":{"line":793,"column":5}},"236":{"start":{"line":759,"column":17},"end":{"line":759,"column":26}},"237":{"start":{"line":760,"column":18},"end":{"line":760,"column":27}},"238":{"start":{"line":763,"column":5},"end":{"line":779,"column":6}},"239":{"start":{"line":765,"column":22},"end":{"line":765,"column":27}},"240":{"start":{"line":766,"column":27},"end":{"line":766,"column":28}},"241":{"start":{"line":767,"column":21},"end":{"line":767,"column":26}},"242":{"start":{"line":768,"column":6},"end":{"line":771,"column":7}},"243":{"start":{"line":769,"column":7},"end":{"line":769,"column":24}},"244":{"start":{"line":770,"column":7},"end":{"line":770,"column":18}},"245":{"start":{"line":772,"column":6},"end":{"line":774,"column":7}},"246":{"start":{"line":773,"column":7},"end":{"line":773,"column":24}},"247":{"start":{"line":776,"column":6},"end":{"line":778,"column":7}},"248":{"start":{"line":777,"column":7},"end":{"line":777,"column":28}},"249":{"start":{"line":782,"column":5},"end":{"line":792,"column":6}},"250":{"start":{"line":783,"column":6},"end":{"line":791,"column":7}},"251":{"start":{"line":784,"column":7},"end":{"line":784,"column":20}},"252":{"start":{"line":785,"column":13},"end":{"line":791,"column":7}},"253":{"start":{"line":786,"column":7},"end":{"line":786,"column":20}},"254":{"start":{"line":787,"column":7},"end":{"line":790,"column":8}},"255":{"start":{"line":788,"column":8},"end":{"line":788,"column":25}},"256":{"start":{"line":789,"column":8},"end":{"line":789,"column":14}},"257":{"start":{"line":795,"column":4},"end":{"line":807,"column":5}},"258":{"start":{"line":797,"column":5},"end":{"line":797,"column":75}},"259":{"start":{"line":800,"column":25},"end":{"line":800,"column":55}},"260":{"start":{"line":801,"column":5},"end":{"line":806,"column":6}},"261":{"start":{"line":802,"column":6},"end":{"line":802,"column":83}},"262":{"start":{"line":805,"column":6},"end":{"line":805,"column":12}},"263":{"start":{"line":810,"column":4},"end":{"line":810,"column":43}},"264":{"start":{"line":814,"column":2},"end":{"line":814,"column":23}},"265":{"start":{"line":825,"column":15},"end":{"line":825,"column":23}},"266":{"start":{"line":826,"column":96},"end":{"line":826,"column":98}},"267":{"start":{"line":829,"column":26},"end":{"line":945,"column":3}},"268":{"start":{"line":830,"column":3},"end":{"line":830,"column":70}},"269":{"start":{"line":832,"column":3},"end":{"line":944,"column":4}},"270":{"start":{"line":834,"column":24},"end":{"line":834,"column":96}},"271":{"start":{"line":835,"column":5},"end":{"line":845,"column":6}},"272":{"start":{"line":836,"column":23},"end":{"line":836,"column":77}},"273":{"start":{"line":837,"column":6},"end":{"line":844,"column":18}},"274":{"start":{"line":838,"column":36},"end":{"line":843,"column":9}},"275":{"start":{"line":846,"column":5},"end":{"line":846,"column":55}},"276":{"start":{"line":850,"column":18},"end":{"line":850,"column":27}},"277":{"start":{"line":851,"column":5},"end":{"line":865,"column":6}},"278":{"start":{"line":852,"column":21},"end":{"line":852,"column":56}},"279":{"start":{"line":853,"column":6},"end":{"line":863,"column":7}},"280":{"start":{"line":854,"column":7},"end":{"line":862,"column":19}},"281":{"start":{"line":864,"column":6},"end":{"line":864,"column":46}},"282":{"start":{"line":866,"column":5},"end":{"line":866,"column":55}},"283":{"start":{"line":870,"column":22},"end":{"line":870,"column":35}},"284":{"start":{"line":871,"column":5},"end":{"line":879,"column":6}},"285":{"start":{"line":872,"column":21},"end":{"line":872,"column":59}},"286":{"start":{"line":873,"column":6},"end":{"line":877,"column":7}},"287":{"start":{"line":874,"column":7},"end":{"line":876,"column":19}},"288":{"start":{"line":878,"column":6},"end":{"line":878,"column":45}},"289":{"start":{"line":880,"column":5},"end":{"line":880,"column":55}},"290":{"start":{"line":884,"column":5},"end":{"line":892,"column":6}},"291":{"start":{"line":885,"column":6},"end":{"line":890,"column":9}},"292":{"start":{"line":891,"column":6},"end":{"line":891,"column":47}},"293":{"start":{"line":893,"column":5},"end":{"line":893,"column":55}},"294":{"start":{"line":897,"column":5},"end":{"line":920,"column":6}},"295":{"start":{"line":898,"column":21},"end":{"line":918,"column":8}},"296":{"start":{"line":919,"column":6},"end":{"line":919,"column":112}},"297":{"start":{"line":921,"column":5},"end":{"line":921,"column":57}},"298":{"start":{"line":925,"column":5},"end":{"line":938,"column":6}},"299":{"start":{"line":926,"column":22},"end":{"line":926,"column":66}},"300":{"start":{"line":927,"column":6},"end":{"line":936,"column":7}},"301":{"start":{"line":928,"column":25},"end":{"line":928,"column":61}},"302":{"start":{"line":929,"column":7},"end":{"line":933,"column":10}},"303":{"start":{"line":934,"column":7},"end":{"line":934,"column":93}},"304":{"start":{"line":935,"column":7},"end":{"line":935,"column":48}},"305":{"start":{"line":937,"column":6},"end":{"line":937,"column":45}},"306":{"start":{"line":939,"column":5},"end":{"line":939,"column":58}},"307":{"start":{"line":943,"column":5},"end":{"line":943,"column":57}},"308":{"start":{"line":948,"column":101},"end":{"line":948,"column":103}},"309":{"start":{"line":951,"column":27},"end":{"line":951,"column":60}},"310":{"start":{"line":953,"column":2},"end":{"line":960,"column":3}},"311":{"start":{"line":954,"column":3},"end":{"line":959,"column":4}},"312":{"start":{"line":955,"column":17},"end":{"line":955,"column":41}},"313":{"start":{"line":956,"column":4},"end":{"line":956,"column":72}},"314":{"start":{"line":958,"column":4},"end":{"line":958,"column":89}},"315":{"start":{"line":963,"column":24},"end":{"line":963,"column":49}},"316":{"start":{"line":965,"column":2},"end":{"line":976,"column":3}},"317":{"start":{"line":967,"column":3},"end":{"line":969,"column":4}},"318":{"start":{"line":968,"column":4},"end":{"line":968,"column":13}},"319":{"start":{"line":970,"column":3},"end":{"line":975,"column":4}},"320":{"start":{"line":971,"column":17},"end":{"line":971,"column":43}},"321":{"start":{"line":972,"column":4},"end":{"line":972,"column":76}},"322":{"start":{"line":979,"column":21},"end":{"line":979,"column":126}},"323":{"start":{"line":981,"column":2},"end":{"line":993,"column":3}},"324":{"start":{"line":982,"column":24},"end":{"line":982,"column":72}},"325":{"start":{"line":983,"column":37},"end":{"line":983,"column":39}},"326":{"start":{"line":985,"column":3},"end":{"line":991,"column":4}},"327":{"start":{"line":986,"column":4},"end":{"line":990,"column":5}},"328":{"start":{"line":987,"column":5},"end":{"line":987,"column":53}},"329":{"start":{"line":989,"column":5},"end":{"line":989,"column":41}},"330":{"start":{"line":992,"column":3},"end":{"line":992,"column":69}},"331":{"start":{"line":996,"column":27},"end":{"line":996,"column":48}},"332":{"start":{"line":997,"column":2},"end":{"line":1015,"column":3}},"333":{"start":{"line":999,"column":31},"end":{"line":1006,"column":5}},"334":{"start":{"line":1000,"column":23},"end":{"line":1000,"column":60}},"335":{"start":{"line":1001,"column":4},"end":{"line":1005,"column":6}},"336":{"start":{"line":1008,"column":24},"end":{"line":1008,"column":62}},"337":{"start":{"line":1011,"column":3},"end":{"line":1011,"column":60}},"338":{"start":{"line":1011,"column":31},"end":{"line":1011,"column":58}},"339":{"start":{"line":1012,"column":3},"end":{"line":1014,"column":4}},"340":{"start":{"line":1013,"column":4},"end":{"line":1013,"column":88}},"341":{"start":{"line":1017,"column":2},"end":{"line":1017,"column":38}},"342":{"start":{"line":48,"column":0},"end":{"line":48,"column":13}}},"fnMap":{"0":{"name":"(anonymous_0)","decl":{"start":{"line":55,"column":1},"end":{"line":55,"column":13}},"loc":{"start":{"line":55,"column":50},"end":{"line":59,"column":2}}},"1":{"name":"(anonymous_1)","decl":{"start":{"line":64,"column":1},"end":{"line":64,"column":6}},"loc":{"start":{"line":64,"column":17},"end":{"line":68,"column":2}}},"2":{"name":"(anonymous_2)","decl":{"start":{"line":73,"column":1},"end":{"line":73,"column":17}},"loc":{"start":{"line":73,"column":40},"end":{"line":75,"column":2}}},"3":{"name":"(anonymous_3)","decl":{"start":{"line":80,"column":1},"end":{"line":80,"column":6}},"loc":{"start":{"line":80,"column":58},"end":{"line":204,"column":2}}},"4":{"name":"(anonymous_4)","decl":{"start":{"line":106,"column":27},"end":{"line":106,"column":28}},"loc":{"start":{"line":106,"column":33},"end":{"line":106,"column":62}}},"5":{"name":"(anonymous_5)","decl":{"start":{"line":107,"column":29},"end":{"line":107,"column":30}},"loc":{"start":{"line":107,"column":35},"end":{"line":107,"column":64}}},"6":{"name":"(anonymous_6)","decl":{"start":{"line":108,"column":27},"end":{"line":108,"column":28}},"loc":{"start":{"line":108,"column":33},"end":{"line":108,"column":62}}},"7":{"name":"(anonymous_7)","decl":{"start":{"line":109,"column":26},"end":{"line":109,"column":27}},"loc":{"start":{"line":109,"column":32},"end":{"line":109,"column":61}}},"8":{"name":"(anonymous_8)","decl":{"start":{"line":110,"column":30},"end":{"line":110,"column":31}},"loc":{"start":{"line":110,"column":36},"end":{"line":110,"column":65}}},"9":{"name":"(anonymous_9)","decl":{"start":{"line":209,"column":1},"end":{"line":209,"column":6}},"loc":{"start":{"line":209,"column":60},"end":{"line":515,"column":2}}},"10":{"name":"(anonymous_10)","decl":{"start":{"line":231,"column":27},"end":{"line":231,"column":28}},"loc":{"start":{"line":231,"column":33},"end":{"line":234,"column":5}}},"11":{"name":"(anonymous_11)","decl":{"start":{"line":266,"column":29},"end":{"line":266,"column":30}},"loc":{"start":{"line":266,"column":35},"end":{"line":269,"column":7}}},"12":{"name":"(anonymous_12)","decl":{"start":{"line":300,"column":55},"end":{"line":300,"column":56}},"loc":{"start":{"line":300,"column":68},"end":{"line":304,"column":8}}},"13":{"name":"(anonymous_13)","decl":{"start":{"line":363,"column":58},"end":{"line":363,"column":59}},"loc":{"start":{"line":363,"column":71},"end":{"line":368,"column":9}}},"14":{"name":"(anonymous_14)","decl":{"start":{"line":426,"column":40},"end":{"line":426,"column":41}},"loc":{"start":{"line":426,"column":53},"end":{"line":429,"column":10}}},"15":{"name":"(anonymous_15)","decl":{"start":{"line":520,"column":1},"end":{"line":520,"column":11}},"loc":{"start":{"line":520,"column":27},"end":{"line":522,"column":2}}},"16":{"name":"(anonymous_16)","decl":{"start":{"line":527,"column":1},"end":{"line":527,"column":15}},"loc":{"start":{"line":527,"column":31},"end":{"line":529,"column":2}}},"17":{"name":"(anonymous_17)","decl":{"start":{"line":534,"column":1},"end":{"line":534,"column":17}},"loc":{"start":{"line":534,"column":17},"end":{"line":536,"column":2}}},"18":{"name":"(anonymous_18)","decl":{"start":{"line":541,"column":9},"end":{"line":541,"column":26}},"loc":{"start":{"line":541,"column":116},"end":{"line":620,"column":2}}},"19":{"name":"(anonymous_19)","decl":{"start":{"line":546,"column":26},"end":{"line":546,"column":27}},"loc":{"start":{"line":546,"column":31},"end":{"line":546,"column":56}}},"20":{"name":"(anonymous_20)","decl":{"start":{"line":625,"column":9},"end":{"line":625,"column":28}},"loc":{"start":{"line":625,"column":58},"end":{"line":713,"column":2}}},"21":{"name":"(anonymous_21)","decl":{"start":{"line":678,"column":18},"end":{"line":678,"column":19}},"loc":{"start":{"line":678,"column":30},"end":{"line":678,"column":36}}},"22":{"name":"(anonymous_22)","decl":{"start":{"line":679,"column":20},"end":{"line":679,"column":21}},"loc":{"start":{"line":679,"column":32},"end":{"line":679,"column":38}}},"23":{"name":"(anonymous_23)","decl":{"start":{"line":680,"column":18},"end":{"line":680,"column":19}},"loc":{"start":{"line":680,"column":30},"end":{"line":680,"column":36}}},"24":{"name":"(anonymous_24)","decl":{"start":{"line":681,"column":17},"end":{"line":681,"column":18}},"loc":{"start":{"line":681,"column":29},"end":{"line":681,"column":35}}},"25":{"name":"(anonymous_25)","decl":{"start":{"line":682,"column":21},"end":{"line":682,"column":22}},"loc":{"start":{"line":682,"column":33},"end":{"line":682,"column":39}}},"26":{"name":"(anonymous_26)","decl":{"start":{"line":685,"column":23},"end":{"line":685,"column":24}},"loc":{"start":{"line":685,"column":35},"end":{"line":685,"column":84}}},"27":{"name":"(anonymous_27)","decl":{"start":{"line":711,"column":23},"end":{"line":711,"column":24}},"loc":{"start":{"line":711,"column":35},"end":{"line":711,"column":60}}},"28":{"name":"(anonymous_28)","decl":{"start":{"line":718,"column":1},"end":{"line":718,"column":13}},"loc":{"start":{"line":718,"column":29},"end":{"line":737,"column":2}}},"29":{"name":"(anonymous_29)","decl":{"start":{"line":743,"column":9},"end":{"line":743,"column":38}},"loc":{"start":{"line":743,"column":55},"end":{"line":815,"column":2}}},"30":{"name":"(anonymous_30)","decl":{"start":{"line":824,"column":9},"end":{"line":824,"column":14}},"loc":{"start":{"line":824,"column":69},"end":{"line":1018,"column":2}}},"31":{"name":"(anonymous_31)","decl":{"start":{"line":829,"column":26},"end":{"line":829,"column":31}},"loc":{"start":{"line":829,"column":97},"end":{"line":945,"column":3}}},"32":{"name":"(anonymous_32)","decl":{"start":{"line":838,"column":30},"end":{"line":838,"column":31}},"loc":{"start":{"line":838,"column":36},"end":{"line":843,"column":9}}},"33":{"name":"(anonymous_33)","decl":{"start":{"line":999,"column":46},
[...]
n":3}}},"23":{"name":"(anonymous_23)","decl":{"start":{"line":624,"column":13},"end":{"line":624,"column":16}},"loc":{"start":{"line":624,"column":19},"end":{"line":624,"column":35}}},"24":{"name":"(anonymous_24)","decl":{"start":{"line":630,"column":9},"end":{"line":630,"column":14}},"loc":{"start":{"line":630,"column":70},"end":{"line":648,"column":2}}},"25":{"name":"(anonymous_25)","decl":{"start":{"line":634,"column":39},"end":{"line":634,"column":40}},"loc":{"start":{"line":634,"column":44},"end":{"line":634,"column":66}}},"26":{"name":"(anonymous_26)","decl":{"start":{"line":653,"column":9},"end":{"line":653,"column":14}},"loc":{"start":{"line":653,"column":80},"end":{"line":704,"column":2}}},"27":{"name":"(anonymous_27)","decl":{"start":{"line":709,"column":9},"end":{"line":709,"column":14}},"loc":{"start":{"line":709,"column":56},"end":{"line":742,"column":2}}},"28":{"name":"(anonymous_28)","decl":{"start":{"line":747,"column":9},"end":{"line":747,"column":14}},"loc":{"start":{"line":747,"column":51},"end":{"line":778,"column":2}}},"29":{"name":"(anonymous_29)","decl":{"start":{"line":783,"column":9},"end":{"line":783,"column":14}},"loc":{"start":{"line":783,"column":49},"end":{"line":805,"column":2}}},"30":{"name":"(anonymous_30)","decl":{"start":{"line":807,"column":9},"end":{"line":807,"column":19}},"loc":{"start":{"line":807,"column":30},"end":{"line":809,"column":2}}},"31":{"name":"(anonymous_31)","decl":{"start":{"line":811,"column":1},"end":{"line":811,"column":6}},"loc":{"start":{"line":811,"column":14},"end":{"line":813,"column":2}}}},"branchMap":{"0":{"loc":{"start":{"line":24,"column":12},"end":{"line":24,"column":43}},"type":"cond-expr","locations":[{"start":{"line":24,"column":24},"end":{"line":24,"column":25}},{"start":{"line":24,"column":29},"end":{"line":24,"column":42}}]},"1":{"loc":{"start":{"line":359,"column":3},"end":{"line":362,"column":4}},"type":"if","locations":[{"start":{"line":359,"column":3},"end":{"line":362,"column":4}},{"start":{},"end":{}}]},"2":{"loc":{"start":{"line":359,"column":7},"end":{"line":359,"column":39}},"type":"binary-expr","locations":[{"start":{"line":359,"column":7},"end":{"line":359,"column":24}},{"start":{"line":359,"column":28},"end":{"line":359,"column":39}}]},"3":{"loc":{"start":{"line":378,"column":2},"end":{"line":380,"column":3}},"type":"if","locations":[{"start":{"line":378,"column":2},"end":{"line":380,"column":3}},{"start":{},"end":{}}]},"4":{"loc":{"start":{"line":378,"column":6},"end":{"line":378,"column":39}},"type":"binary-expr","locations":[{"start":{"line":378,"column":6},"end":{"line":378,"column":11}},{"start":{"line":378,"column":15},"end":{"line":378,"column":39}}]},"5":{"loc":{"start":{"line":383,"column":2},"end":{"line":385,"column":3}},"type":"if","locations":[{"start":{"line":383,"column":2},"end":{"line":385,"column":3}},{"start":{},"end":{}}]},"6":{"loc":{"start":{"line":383,"column":6},"end":{"line":383,"column":39}},"type":"binary-expr","locations":[{"start":{"line":383,"column":6},"end":{"line":383,"column":11}},{"start":{"line":383,"column":15},"end":{"line":383,"column":39}}]},"7":{"loc":{"start":{"line":387,"column":2},"end":{"line":391,"column":3}},"type":"if","locations":[{"start":{"line":387,"column":2},"end":{"line":391,"column":3}},{"start":{},"end":{}}]},"8":{"loc":{"start":{"line":387,"column":6},"end":{"line":387,"column":39}},"type":"binary-expr","locations":[{"start":{"line":387,"column":6},"end":{"line":387,"column":11}},{"start":{"line":387,"column":15},"end":{"line":387,"column":39}}]},"9":{"loc":{"start":{"line":399,"column":2},"end":{"line":399,"column":37}},"type":"if","locations":[{"start":{"line":399,"column":2},"end":{"line":399,"column":37}},{"start":{},"end":{}}]},"10":{"loc":{"start":{"line":428,"column":3},"end":{"line":459,"column":4}},"type":"if","locations":[{"start":{"line":428,"column":3},"end":{"line":459,"column":4}},{"start":{"line":449,"column":8},"end":{"line":459,"column":4}}]},"11":{"loc":{"start":{"line":430,"column":4},"end":{"line":434,"column":5}},"type":"if","locations":[{"start":{"line":430,"column":4},"end":{"line":434,"column":5}},{"start":{},"end":{}}]},"12":{"loc":{"start":{"line":449,"column":8},"end":{"line":459,"column":4}},"type":"if","locations":[{"start":{"line":449,"column":8},"end":{"line":459,"column":4}},{"start":{"line":457,"column":8},"end":{"line":459,"column":4}}]},"13":{"loc":{"start":{"line":449,"column":12},"end":{"line":449,"column":49}},"type":"binary-expr","locations":[{"start":{"line":449,"column":12},"end":{"line":449,"column":33}},{"start":{"line":449,"column":37},"end":{"line":449,"column":49}}]},"14":{"loc":{"start":{"line":452,"column":4},"end":{"line":454,"column":5}},"type":"if","locations":[{"start":{"line":452,"column":4},"end":{"line":454,"column":5}},{"start":{},"end":{}}]},"15":{"loc":{"start":{"line":457,"column":8},"end":{"line":459,"column":4}},"type":"if","locations":[{"start":{"line":457,"column":8},"end":{"line":459,"column":4}},{"start":{},"end":{}}]},"16":{"loc":{"start":{"line":457,"column":12},"end":{"line":457,"column":89}},"type":"binary-expr","locations":[{"start":{"line":457,"column":12},"end":{"line":457,"column":23}},{"start":{"line":457,"column":27},"end":{"line":457,"column":39}},{"start":{"line":457,"column":43},"end":{"line":457,"column":64}},{"start":{"line":457,"column":68},"end":{"line":457,"column":89}}]},"17":{"loc":{"start":{"line":463,"column":2},"end":{"line":467,"column":3}},"type":"if","locations":[{"start":{"line":463,"column":2},"end":{"line":467,"column":3}},{"start":{},"end":{}}]},"18":{"loc":{"start":{"line":474,"column":2},"end":{"line":474,"column":37}},"type":"if","locations":[{"start":{"line":474,"column":2},"end":{"line":474,"column":37}},{"start":{},"end":{}}]},"19":{"loc":{"start":{"line":478,"column":2},"end":{"line":481,"column":3}},"type":"if","locations":[{"start":{"line":478,"column":2},"end":{"line":481,"column":3}},{"start":{},"end":{}}]},"20":{"loc":{"start":{"line":492,"column":2},"end":{"line":492,"column":37}},"type":"if","locations":[{"start":{"line":492,"column":2},"end":{"line":492,"column":37}},{"start":{},"end":{}}]},"21":{"loc":{"start":{"line":497,"column":26},"end":{"line":497,"column":54}},"type":"cond-expr","locations":[{"start":{"line":497,"column":39},"end":{"line":497,"column":49}},{"start":{"line":497,"column":52},"end":{"line":497,"column":54}}]},"22":{"loc":{"start":{"line":516,"column":2},"end":{"line":525,"column":3}},"type":"if","locations":[{"start":{"line":516,"column":2},"end":{"line":525,"column":3}},{"start":{},"end":{}}]},"23":{"loc":{"start":{"line":528,"column":2},"end":{"line":533,"column":3}},"type":"if","locations":[{"start":{"line":528,"column":2},"end":{"line":533,"column":3}},{"start":{},"end":{}}]},"24":{"loc":{"start":{"line":536,"column":2},"end":{"line":547,"column":3}},"type":"if","locations":[{"start":{"line":536,"column":2},"end":{"line":547,"column":3}},{"start":{},"end":{}}]},"25":{"loc":{"start":{"line":550,"column":2},"end":{"line":552,"column":3}},"type":"if","locations":[{"start":{"line":550,"column":2},"end":{"line":552,"column":3}},{"start":{},"end":{}}]},"26":{"loc":{"start":{"line":550,"column":6},"end":{"line":550,"column":74}},"type":"binary-expr","locations":[{"start":{"line":550,"column":6},"end":{"line":550,"column":16}},{"start":{"line":550,"column":20},"end":{"line":550,"column":53}},{"start":{"line":550,"column":57},"end":{"line":550,"column":74}}]},"27":{"loc":{"start":{"line":572,"column":2},"end":{"line":578,"column":3}},"type":"if","locations":[{"start":{"line":572,"column":2},"end":{"line":578,"column":3}},{"start":{},"end":{}}]},"28":{"loc":{"start":{"line":575,"column":3},"end":{"line":577,"column":4}},"type":"if","locations":[{"start":{"line":575,"column":3},"end":{"line":577,"column":4}},{"start":{},"end":{}}]},"29":{"loc":{"start":{"line":586,"column":2},"end":{"line":586,"column":21}},"type":"if","locations":[{"start":{"line":586,"column":2},"end":{"line":586,"column":21}},{"start":{},"end":{}}]},"30":{"loc":{"start":{"line":613,"column":3},"end":{"line":616,"column":4}},"type":"if","locations":[{"start":{"line":613,"column":3},"end":{"line":616,"column":4}},{"start":{},"end":{}}]},"31":{"loc":{"start":{"line":613,"column":7},"end":{"line":613,"column":39}},"type":"binary-expr","locations":[{"start":{"line":613,"column":7},"end":{"line":613,"column":24}},{"start":{"line":613,"column":28},"end":{"line":613,"column":39}}]},"32":{"loc":{"start":{"line":632,"column":2},"end":{"line":632,"column":30}},"type":"if","locations":[{"start":{"line":632,"column":2},"end":{"line":632,"column":30}},{"start":{},"end":{}}]},"33":{"loc":{"start":{"line":635,"column":2},"end":{"line":635,"column":27}},"type":"if","locations":[{"start":{"line":635,"column":2},"end":{"line":635,"column":27}},{"start":{},"end":{}}]},"34":{"loc":{"start":{"line":658,"column":2},"end":{"line":660,"column":3}},"type":"if","locations":[{"start":{"line":658,"column":2},"end":{"line":660,"column":3}},{"start":{},"end":{}}]},"35":{"loc":{"start":{"line":658,"column":6},"end":{"line":658,"column":39}},"type":"binary-expr","locations":[{"start":{"line":658,"column":6},"end":{"line":658,"column":11}},{"start":{"line":658,"column":15},"end":{"line":658,"column":39}}]},"36":{"loc":{"start":{"line":662,"column":2},"end":{"line":664,"column":3}},"type":"if","locations":[{"start":{"line":662,"column":2},"end":{"line":664,"column":3}},{"start":{},"end":{}}]},"37":{"loc":{"start":{"line":662,"column":6},"end":{"line":662,"column":39}},"type":"binary-expr","locations":[{"start":{"line":662,"column":6},"end":{"line":662,"column":11}},{"start":{"line":662,"column":15},"end":{"line":662,"column":39}}]},"38":{"loc":{"start":{"line":666,"column":2},"end":{"line":666,"column":39}},"type":"if","locations":[{"start":{"line":666,"column":2},"end":{"line":666,"column":39}},{"start":{},"end":{}}]},"39":{"loc":{"start":{"line":677,"column":3},"end":{"line":680,"column":4}},"type":"if","locations":[{"start":{"line":677,"column":3},"end":{"line":680,"column":4}},{"start":{},"end":{}}]},"40":{"loc":{"start":{"line":683,"column":2},"end":{"line":683,"column":37}},"type":"if","locations":[{"start":{"line":683,"column":2},"end":{"line":683,"column":37}},{"start":{},"end":{}}]},"41":{"loc":{"start":{"line":688,"column":3},"end":{"line":691,"column":4}},"type":"if","locations":[{"start":{"line":688,"column":3},"end":{"line":691,"column":4}},{"start":{},"end":{}}]},"42":{"loc":{"start":{"line":711,"column":2},"end":{"line":711,"column":41}},"type":"if","locations":[{"start":{"line":711,"column":2},"end":{"line":711,"column":41}},{"start":{},"end":{}}]},"43":{"loc":{"start":{"line":711,"column":6},"end":{"line":711,"column":32}},"type":"binary-expr","locations":[{"start":{"line":711,"column":6},"end":{"line":711,"column":14}},{"start":{"line":711,"column":18},"end":{"line":711,"column":32}}]},"44":{"loc":{"start":{"line":753,"column":2},"end":{"line":758,"column":3}},"type":"if","locations":[{"start":{"line":753,"column":2},"end":{"line":758,"column":3}},{"start":{},"end":{}}]},"45":{"loc":{"start":{"line":755,"column":3},"end":{"line":757,"column":4}},"type":"if","locations":[{"start":{"line":755,"column":3},"end":{"line":757,"column":4}},{"start":{},"end":{}}]},"46":{"loc":{"start":{"line":761,"column":2},"end":{"line":763,"column":3}},"type":"if","locations":[{"start":{"line":761,"column":2},"end":{"line":763,"column":3}},{"start":{},"end":{}}]},"47":{"loc":{"start":{"line":761,"column":6},"end":{"line":761,"column":39}},"type":"binary-expr","locations":[{"start":{"line":761,"column":6},"end":{"line":761,"column":11}},{"start":{"line":761,"column":15},"end":{"line":761,"column":39}}]},"48":{"loc":{"start":{"line":765,"column":2},"end":{"line":771,"column":3}},"type":"if","locations":[{"start":{"line":765,"column":2},"end":{"line":771,"column":3}},{"start":{},"end":{}}]},"49":{"loc":{"start":{"line":792,"column":2},"end":{"line":798,"column":3}},"type":"if","locations":[{"start":{"line":792,"column":2},"end":{"line":798,"column":3}},{"start":{"line":795,"column":9},"end":{"line":798,"column":3}}]},"50":{"loc":{"start":{"line":792,"column":6},"end":{"line":792,"column":74}},"type":"binary-expr","locations":[{"start":{"line":792,"column":6},"end":{"line":792,"column":39}},{"start":{"line":792,"column":43},"end":{"line":792,"column":74}}]},"51":{"loc":{"start":{"line":802,"column":2},"end":{"line":804,"column":3}},"type":"if","locations":[{"start":{"line":802,"column":2},"end":{"line":804,"column":3}},{"start":{},"end":{}}]},"52":{"loc":{"start":{"line":803,"column":51},"end":{"line":803,"column":79}},"type":"binary-expr","locations":[{"start":{"line":803,"column":51},"end":{"line":803,"column":73}},{"start":{"line":803,"column":77},"end":{"line":803,"column":79}}]}},"s":{"0":0,"1":0,"2":0,"3":0,"4":0,"5":0,"6":0,"7":0,"8":0,"9":0,"10":0,"11":0,"12":0,"13":0,"14":0,"15":0,"16":0,"17":0,"18":0,"19":0,"20":0,"21":0,"22":0,"23":0,"24":0,"25":0,"26":0,"27":0,"28":0,"29":0,"30":0,"31":0,"32":0,"33":0,"34":0,"35":0,"36":0,"37":0,"38":0,"39":0,"40":0,"41":0,"42":0,"43":0,"44":0,"45":0,"46":0,"47":0,"48":0,"49":0,"50":0,"51":0,"52":0,"53":0,"54":0,"55":0,"56":0,"57":0,"58":0,"59":0,"60":0,"61":0,"62":0,"63":0,"64":0,"65":0,"66":0,"67":0,"68":0,"69":0,"70":0,"71":0,"72":0,"73":0,"74":0,"75":0,"76":0,"77":0,"78":0,"79":0,"80":0,"81":0,"82":0,"83":0,"84":0,"85":0,"86":0,"87":0,"88":0,"89":0,"90":0,"91":0,"92":0,"93":0,"94":0,"95":0,"96":0,"97":0,"98":0,"99":0,"100":0,"101":0,"102":0,"103":0,"104":0,"105":0,"106":0,"107":0,"108":0,"109":0,"110":0,"111":0,"112":0,"113":0,"114":0,"115":0,"116":0,"117":0,"118":0,"119":0,"120":0,"121":0,"122":0,"123":0,"124":0,"125":0,"126":0,"127":0,"128":0,"129":0,"130":0,"131":0,"132":0,"133":0,"134":0,"135":0,"136":0,"137":0,"138":0,"139":0,"140":0,"141":0,"142":0,"143":0,"144":0,"145":0,"146":0,"147":0,"148":0,"149":0,"150":0,"151":0,"152":0,"153":0,"154":0,"155":0,"156":0,"157":0,"158":0,"159":0,"160":0,"161":0,"162":0,"163":0,"164":0,"165":0,"166":0,"167":0,"168":0,"169":0,"170":0,"171":0,"172":0,"173":0,"174":0,"175":0,"176":0,"177":0,"178":0,"179":0,"180":0,"181":0,"182":0,"183":0,"184":0,"185":0,"186":0,"187":0,"188":0,"189":0,"190":0,"191":0,"192":0,"193":0,"194":0,"195":0,"196":0,"197":0,"198":0,"199":0,"200":0,"201":0,"202":0,"203":0,"204":0,"205":0,"206":0,"207":0,"208":0,"209":0,"210":0,"211":0,"212":0,"213":0,"214":0,"215":0,"216":0,"217":0,"218":0,"219":0,"220":0,"221":0,"222":0,"223":0,"224":0,"225":0,"226":0,"227":0},"f":{"0":0,"1":0,"2":0,"3":0,"4":0,"5":0,"6":0,"7":0,"8":0,"9":0,"10":0,"11":0,"12":0,"13":0,"14":0,"15":0,"16":0,"17":0,"18":0,"19":0,"20":0,"21":0,"22":0,"23":0,"24":0,"25":0,"26":0,"27":0,"28":0,"29":0,"30":0,"31":0},"b":{"0":[0,0],"1":[0,0],"2":[0,0],"3":[0,0],"4":[0,0],"5":[0,0],"6":[0,0],"7":[0,0],"8":[0,0],"9":[0,0],"10":[0,0],"11":[0,0],"12":[0,0],"13":[0,0],"14":[0,0],"15":[0,0],"16":[0,0,0,0],"17":[0,0],"18":[0,0],"19":[0,0],"20":[0,0],"21":[0,0],"22":[0,0],"23":[0,0],"24":[0,0],"25":[0,0],"26":[0,0,0],"27":[0,0],"28":[0,0],"29":[0,0],"30":[0,0],"31":[0,0],"32":[0,0],"33":[0,0],"34":[0,0],"35":[0,0],"36":[0,0],"37":[0,0],"38":[0,0],"39":[0,0],"40":[0,0],"41":[0,0],"42":[0,0],"43":[0,0],"44":[0,0],"45":[0,0],"46":[0,0],"47":[0,0],"48":[0,0],"49":[0,0],"50":[0,0],"51":[0,0],"52":[0,0]}}
,"/Users/vincent/lifewiki/src/views/confirmation-dialog.ts": {"path":"/Users/vincent/lifewiki/src/views/confirmation-dialog.ts","statementMap":{"0":{"start":{"line":35,"column":0},"end":{"line":35,"column":16}},"1":{"start":{"line":86,"column":0},"end":{"line":86,"column":16}},"2":{"start":{"line":118,"column":0},"end":{"line":118,"column":16}},"3":{"start":{"line":132,"column":0},"end":{"line":132,"column":16}},"4":{"start":{"line":28,"column":2},"end":{"line":28,"column":79}},"5":{"start":{"line":36,"column":36},"end":{"line":36,"column":38}},"6":{"start":{"line":39,"column":2},"end":{"line":48,"column":3}},"7":{"start":{"line":40,"column":4},"end":{"line":47,"column":7}},"8":{"start":{"line":51,"column":60},"end":{"line":51,"column":114}},"9":{"start":{"line":53,"column":2},"end":{"line":78,"column":3}},"10":{"start":{"line":54,"column":21},"end":{"line":54,"column":48}},"11":{"start":{"line":56,"column":4},"end":{"line":77,"column":5}},"12":{"start":{"line":58,"column":6},"end":{"line":76,"column":7}},"13":{"start":{"line":59,"column":24},"end":{"line":62,"column":69}},"14":{"start":{"line":65,"column":27},"end":{"line":65,"column":54}},"15":{"start":{"line":66,"column":8},"end":{"line":75,"column":9}},"16":{"start":{"line":67,"column":10},"end":{"line":74,"column":13}},"17":{"start":{"line":80,"column":2},"end":{"line":80,"column":15}},"18":{"start":{"line":87,"column":2},"end":{"line":112,"column":4}},"19":{"start":{"line":119,"column":45},"end":{"line":125,"column":4}},"20":{"start":{"line":126,"column":2},"end":{"line":126,"column":22}},"21":{"start":{"line":133,"column":45},"end":{"line":139,"column":4}},"22":{"start":{"line":140,"column":2},"end":{"line":140,"column":22}}},"fnMap":{"0":{"name":"generateConfirmId","decl":{"start":{"line":27,"column":9},"end":{"line":27,"column":26}},"loc":{"start":{"line":27,"column":26},"end":{"line":29,"column":1}}},"1":{"name":"generateConfirmationItems","decl":{"start":{"line":35,"column":16},"end":{"line":35,"column":41}},"loc":{"start":{"line":35,"column":64},"end":{"line":81,"column":1}}},"2":{"name":"createEntityFromConfirmation","decl":{"start":{"line":86,"column":16},"end":{"line":86,"column":44}},"loc":{"start":{"line":86,"column":67},"end":{"line":113,"column":1}}},"3":{"name":"getEntityTypeLabel","decl":{"start":{"line":118,"column":16},"end":{"line":118,"column":34}},"loc":{"start":{"line":118,"column":51},"end":{"line":127,"column":1}}},"4":{"name":"getEntityTypeEmoji","decl":{"start":{"line":132,"column":16},"end":{"line":132,"column":34}},"loc":{"start":{"line":132,"column":51},"end":{"line":141,"column":1}}}},"branchMap":{"0":{"loc":{"start":{"line":39,"column":2},"end":{"line":48,"column":3}},"type":"if","locations":[{"start":{"line":39,"column":2},"end":{"line":48,"column":3}},{"start":{},"end":{}}]},"1":{"loc":{"start":{"line":58,"column":6},"end":{"line":76,"column":7}},"type":"if","locations":[{"start":{"line":58,"column":6},"end":{"line":76,"column":7}},{"start":{},"end":{}}]},"2":{"loc":{"start":{"line":58,"column":10},"end":{"line":58,"column":48}},"type":"binary-expr","locations":[{"start":{"line":58,"column":10},"end":{"line":58,"column":26}},{"start":{"line":58,"column":30},"end":{"line":58,"column":48}}]},"3":{"loc":{"start":{"line":59,"column":24},"end":{"line":62,"column":69}},"type":"cond-expr","locations":[{"start":{"line":59,"column":50},"end":{"line":59,"column":58}},{"start":{"line":60,"column":24},"end":{"line":62,"column":69}}]},"4":{"loc":{"start":{"line":60,"column":24},"end":{"line":62,"column":69}},"type":"cond-expr","locations":[{"start":{"line":60,"column":52},"end":{"line":60,"column":61}},{"start":{"line":61,"column":24},"end":{"line":62,"column":69}}]},"5":{"loc":{"start":{"line":61,"column":24},"end":{"line":62,"column":69}},"type":"cond-expr","locations":[{"start":{"line":61,"column":50},"end":{"line":61,"column":57}},{"start":{"line":62,"column":24},"end":{"line":62,"column":69}}]},"6":{"loc":{"start":{"line":62,"column":24},"end":{"line":62,"column":69}},"type":"cond-expr","locations":[{"start":{"line":62,"column":49},"end":{"line":62,"column":55}},{"start":{"line":62,"column":58},"end":{"line":62,"column":69}}]},"7":{"loc":{"start":{"line":66,"column":8},"end":{"line":75,"column":9}},"type":"if","locations":[{"start":{"line":66,"column":8},"end":{"line":75,"column":9}},{"start":{},"end":{}}]}},"s":{"0":1,"1":1,"2":1,"3":1,"4":8,"5":9,"6":9,"7":1,"8":9,"9":9,"10":45,"11":45,"12":9,"13":8,"14":8,"15":8,"16":7,"17":9,"18":3,"19":0,"20":0,"21":0,"22":0},"f":{"0":8,"1":9,"2":3,"3":0,"4":0},"b":{"0":[1,8],"1":[8,1],"2":[9,8],"3":[4,4],"4":[1,3],"5":[1,2],"6":[1,1],"7":[7,1]}}
}
