TN:
SF:src/main.ts
FN:26,(anonymous_0)
FN:30,(anonymous_1)
FN:73,(anonymous_2)
FN:74,(anonymous_3)
FN:79,(anonymous_4)
FN:86,(anonymous_5)
FN:94,(anonymous_6)
FN:107,(anonymous_7)
FN:118,(anonymous_8)
FN:123,(anonymous_9)
FN:127,(anonymous_10)
FN:143,(anonymous_11)
FN:145,(anonymous_12)
FN:148,(anonymous_13)
FN:158,(anonymous_14)
FN:164,(anonymous_15)
FN:195,(anonymous_16)
FN:201,(anonymous_17)
FN:205,(anonymous_18)
FN:209,(anonymous_19)
FN:213,(anonymous_20)
FN:217,(anonymous_21)
FN:221,(anonymous_22)
FN:225,(anonymous_23)
FNF:24
FNH:0
FNDA:0,(anonymous_0)
FNDA:0,(anonymous_1)
FNDA:0,(anonymous_2)
FNDA:0,(anonymous_3)
FNDA:0,(anonymous_4)
FNDA:0,(anonymous_5)
FNDA:0,(anonymous_6)
FNDA:0,(anonymous_7)
FNDA:0,(anonymous_8)
FNDA:0,(anonymous_9)
FNDA:0,(anonymous_10)
FNDA:0,(anonymous_11)
FNDA:0,(anonymous_12)
FNDA:0,(anonymous_13)
FNDA:0,(anonymous_14)
FNDA:0,(anonymous_15)
FNDA:0,(anonymous_16)
FNDA:0,(anonymous_17)
FNDA:0,(anonymous_18)
FNDA:0,(anonymous_19)
FNDA:0,(anonymous_20)
FNDA:0,(anonymous_21)
FNDA:0,(anonymous_22)
FNDA:0,(anonymous_23)
DA:1,0
DA:2,0
DA:3,0
DA:4,0
DA:5,0
DA:6,0
DA:7,0
DA:8,0
DA:9,0
DA:10,0
DA:14,0
DA:27,0
DA:31,0
DA:34,0
DA:36,0
DA:38,0
DA:41,0
DA:42,0
DA:43,0
DA:46,0
DA:47,0
DA:48,0
DA:49,0
DA:50,0
DA:51,0
DA:52,0
DA:56,0
DA:57,0
DA:58,0
DA:61,0
DA:62,0
DA:63,0
DA:69,0
DA:70,0
DA:73,0
DA:74,0
DA:75,0
DA:76,0
DA:79,0
DA:80,0
DA:83,0
DA:87,0
DA:91,0
DA:95,0
DA:99,0
DA:100,0
DA:102,0
DA:103,0
DA:108,0
DA:110,0
DA:111,0
DA:112,0
DA:114,0
DA:119,0
DA:120,0
DA:124,0
DA:128,0
DA:129,0
DA:130,0
DA:131,0
DA:134,0
DA:135,0
DA:136,0
DA:138,0
DA:139,0
DA:144,0
DA:146,0
DA:149,0
DA:159,0
DA:165,0
DA:168,0
DA:169,0
DA:170,0
DA:172,0
DA:173,0
DA:177,0
DA:181,0
DA:182,0
DA:183,0
DA:185,0
DA:186,0
DA:187,0
DA:196,0
DA:197,0
DA:202,0
DA:206,0
DA:210,0
DA:214,0
DA:218,0
DA:222,0
DA:226,0
LF:91
LH:0
BRDA:36,0,0,0
BRDA:36,0,1,0
BRDA:61,1,0,0
BRDA:61,1,1,0
BRDA:110,2,0,0
BRDA:110,2,1,0
BRDA:111,3,0,0
BRDA:111,3,1,0
BRDA:128,4,0,0
BRDA:128,4,1,0
BRDA:128,5,0,0
BRDA:128,5,1,0
BRDA:169,6,0,0
BRDA:169,6,1,0
BRDA:182,7,0,0
BRDA:182,7,1,0
BRDA:186,8,0,0
BRDA:186,8,1,0
BRDA:196,9,0,0
BRDA:196,9,1,0
BRF:20
BRH:0
end_of_record
TN:
SF:src/settings.ts
FN:41,(anonymous_0)
FN:46,(anonymous_1)
FN:56,(anonymous_2)
FN:63,(anonymous_3)
FN:90,(anonymous_4)
FN:93,(anonymous_5)
FN:103,(anonymous_6)
FN:106,(anonymous_7)
FN:115,(anonymous_8)
FN:118,(anonymous_9)
FN:128,(anonymous_10)
FN:130,(anonymous_11)
FN:191,(anonymous_12)
FN:193,(anonymous_13)
FN:203,(anonymous_14)
FN:205,(anonymous_15)
FN:215,(anonymous_16)
FN:217,(anonymous_17)
FN:225,createAIProvider
FNF:19
FNH:0
FNDA:0,(anonymous_0)
FNDA:0,(anonymous_1)
FNDA:0,(anonymous_2)
FNDA:0,(anonymous_3)
FNDA:0,(anonymous_4)
FNDA:0,(anonymous_5)
FNDA:0,(anonymous_6)
FNDA:0,(anonymous_7)
FNDA:0,(anonymous_8)
FNDA:0,(anonymous_9)
FNDA:0,(anonymous_10)
FNDA:0,(anonymous_11)
FNDA:0,(anonymous_12)
FNDA:0,(anonymous_13)
FNDA:0,(anonymous_14)
FNDA:0,(anonymous_15)
FNDA:0,(anonymous_16)
FNDA:0,(anonymous_17)
FNDA:0,createAIProvider
DA:1,0
DA:2,0
DA:3,0
DA:4,0
DA:5,0
DA:6,0
DA:21,0
DA:36,0
DA:38,0
DA:39,0
DA:42,0
DA:43,0
DA:47,0
DA:48,0
DA:50,0
DA:53,0
DA:57,0
DA:58,0
DA:59,0
DA:60,0
DA:61,0
DA:62,0
DA:64,0
DA:65,0
DA:67,0
DA:68,0
DA:70,0
DA:71,0
DA:73,0
DA:74,0
DA:76,0
DA:77,0
DA:79,0
DA:80,0
DA:82,0
DA:87,0
DA:91,0
DA:94,0
DA:95,0
DA:97,0
DA:101,0
DA:104,0
DA:107,0
DA:108,0
DA:113,0
DA:116,0
DA:119,0
DA:120,0
DA:125,0
DA:129,0
DA:130,0
DA:131,0
DA:132,0
DA:133,0
DA:135,0
DA:136,0
DA:138,0
DA:143,0
DA:145,0
DA:149,0
DA:151,0
DA:156,0
DA:158,0
DA:163,0
DA:165,0
DA:170,0
DA:172,0
DA:173,0
DA:175,0
DA:178,0
DA:180,0
DA:185,0
DA:188,0
DA:192,0
DA:194,0
DA:195,0
DA:200,0
DA:204,0
DA:206,0
DA:207,0
DA:212,0
DA:216,0
DA:218,0
DA:219,0
DA:225,0
DA:226,0
DA:228,0
DA:234,0
DA:239,0
DA:245,0
DA:251,0
DA:257,0
LF:92
LH:0
BRDA:65,0,0,0
BRDA:65,0,1,0
BRDA:65,0,2,0
BRDA:65,0,3,0
BRDA:65,0,4,0
BRDA:136,1,0,0
BRDA:136,1,1,0
BRDA:136,1,2,0
BRDA:136,1,3,0
BRDA:136,1,4,0
BRDA:136,1,5,0
BRDA:226,2,0,0
BRDA:226,2,1,0
BRDA:226,2,2,0
BRDA:226,2,3,0
BRDA:226,2,4,0
BRDA:226,2,5,0
BRF:17
BRH:0
end_of_record
TN:
SF:src/ai/agent-config.ts
FN:320,loadAgentConfig
FN:321,(anonymous_1)
FNF:2
FNH:2
FNDA:7,loadAgentConfig
FNDA:35,(anonymous_1)
DA:14,2
DA:16,2
DA:45,2
DA:122,2
DA:225,2
DA:273,2
DA:320,2
DA:321,7
DA:322,35
DA:323,35
DA:324,35
DA:327,35
DA:328,7
DA:334,28
DA:337,7
DA:345,7
LF:16
LH:16
BRDA:327,0,0,7
BRDA:327,0,1,28
BRDA:327,1,0,35
BRDA:327,1,1,7
BRF:4
BRH:4
end_of_record
TN:
SF:src/ai/analyzer.ts
FN:14,(anonymous_0)
FN:22,(anonymous_1)
FN:35,(anonymous_2)
FN:36,(anonymous_3)
FN:77,(anonymous_4)
FN:97,(anonymous_5)
FN:111,(anonymous_6)
FNF:7
FNH:0
FNDA:0,(anonymous_0)
FNDA:0,(anonymous_1)
FNDA:0,(anonymous_2)
FNDA:0,(anonymous_3)
FNDA:0,(anonymous_4)
FNDA:0,(anonymous_5)
FNDA:0,(anonymous_6)
DA:10,0
DA:15,0
DA:16,0
DA:24,0
DA:27,0
DA:29,0
DA:36,0
DA:37,0
DA:39,0
DA:40,0
DA:42,0
DA:49,0
DA:50,0
DA:59,0
DA:62,0
DA:78,0
DA:81,0
DA:82,0
DA:83,0
DA:84,0
DA:90,0
DA:91,0
DA:94,0
DA:98,0
DA:105,0
DA:112,0
DA:114,0
DA:115,0
DA:116,0
DA:117,0
DA:142,0
DA:147,0
LF:32
LH:0
BRDA:49,0,0,0
BRDA:49,0,1,0
BRDA:83,1,0,0
BRDA:83,1,1,0
BRDA:83,2,0,0
BRDA:83,2,1,0
BRDA:90,3,0,0
BRDA:90,3,1,0
BRDA:105,4,0,0
BRDA:105,4,1,0
BRDA:116,5,0,0
BRDA:116,5,1,0
BRF:12
BRH:0
end_of_record
TN:
SF:src/ai/claude-provider.ts
FN:53,(anonymous_0)
FN:64,(anonymous_1)
FN:69,(anonymous_2)
FN:70,(anonymous_3)
FN:76,(anonymous_4)
FN:137,(anonymous_5)
FN:174,(anonymous_6)
FN:192,(anonymous_7)
FN:200,(anonymous_8)
FN:208,(anonymous_9)
FN:216,(anonymous_10)
FN:224,(anonymous_11)
FN:250,(anonymous_12)
FN:254,(anonymous_13)
FN:255,(anonymous_14)
FNF:15
FNH:0
FNDA:0,(anonymous_0)
FNDA:0,(anonymous_1)
FNDA:0,(anonymous_2)
FNDA:0,(anonymous_3)
FNDA:0,(anonymous_4)
FNDA:0,(anonymous_5)
FNDA:0,(anonymous_6)
FNDA:0,(anonymous_7)
FNDA:0,(anonymous_8)
FNDA:0,(anonymous_9)
FNDA:0,(anonymous_10)
FNDA:0,(anonymous_11)
FNDA:0,(anonymous_12)
FNDA:0,(anonymous_13)
FNDA:0,(anonymous_14)
DA:6,0
DA:41,0
DA:42,0
DA:43,0
DA:44,0
DA:46,0
DA:54,0
DA:55,0
DA:57,0
DA:58,0
DA:59,0
DA:60,0
DA:61,0
DA:65,0
DA:68,0
DA:69,0
DA:70,0
DA:76,0
DA:77,0
DA:78,0
DA:84,0
DA:90,0
DA:92,0
DA:104,0
DA:105,0
DA:106,0
DA:107,0
DA:108,0
DA:110,0
DA:113,0
DA:115,0
DA:116,0
DA:119,0
DA:121,0
DA:130,0
DA:131,0
DA:133,0
DA:138,0
DA:139,0
DA:141,0
DA:166,0
DA:171,0
DA:175,0
DA:176,0
DA:183,0
DA:184,0
DA:186,0
DA:187,0
DA:188,0
DA:189,0
DA:190,0
DA:191,0
DA:192,0
DA:200,0
DA:208,0
DA:216,0
DA:224,0
DA:233,0
DA:234,0
DA:237,0
DA:240,0
DA:251,0
DA:255,0
DA:256,0
DA:257,0
DA:258,0
LF:66
LH:0
BRDA:54,0,0,0
BRDA:54,0,1,0
BRDA:58,1,0,0
BRDA:58,1,1,0
BRDA:59,2,0,0
BRDA:59,2,1,0
BRDA:60,3,0,0
BRDA:60,3,1,0
BRDA:61,4,0,0
BRDA:61,4,1,0
BRDA:71,5,0,0
BRDA:71,5,1,0
BRDA:77,6,0,0
BRDA:77,6,1,0
BRDA:104,7,0,0
BRDA:104,7,1,0
BRDA:104,8,0,0
BRDA:104,8,1,0
BRDA:108,9,0,0
BRDA:108,9,1,0
BRDA:115,10,0,0
BRDA:115,10,1,0
BRDA:119,11,0,0
BRDA:119,11,1,0
BRDA:124,12,0,0
BRDA:124,12,1,0
BRDA:125,13,0,0
BRDA:125,13,1,0
BRDA:126,14,0,0
BRDA:126,14,1,0
BRDA:126,15,0,0
BRDA:126,15,1,0
BRDA:130,16,0,0
BRDA:130,16,1,0
BRDA:188,17,0,0
BRDA:188,17,1,0
BRDA:190,18,0,0
BRDA:190,18,1,0
BRDA:192,19,0,0
BRDA:192,19,1,0
BRDA:195,20,0,0
BRDA:195,20,1,0
BRDA:196,21,0,0
BRDA:196,21,1,0
BRDA:200,22,0,0
BRDA:200,22,1,0
BRDA:203,23,0,0
BRDA:203,23,1,0
BRDA:204,24,0,0
BRDA:204,24,1,0
BRDA:208,25,0,0
BRDA:208,25,1,0
BRDA:211,26,0,0
BRDA:211,26,1,0
BRDA:212,27,0,0
BRDA:212,27,1,0
BRDA:216,28,0,0
BRDA:216,28,1,0
BRDA:219,29,0,0
BRDA:219,29,1,0
BRDA:220,30,0,0
BRDA:220,30,1,0
BRDA:224,31,0,0
BRDA:224,31,1,0
BRDA:227,32,0,0
BRDA:227,32,1,0
BRDA:228,33,0,0
BRDA:228,33,1,0
BRDA:233,34,0,0
BRDA:233,34,1,0
BRDA:234,35,0,0
BRDA:234,35,1,0
BRDA:257,36,0,0
BRDA:257,36,1,0
BRF:74
BRH:0
end_of_record
TN:
SF:src/ai/conversation-flow.ts
FN:55,(anonymous_0)
FN:64,(anonymous_1)
FN:73,(anonymous_2)
FN:80,(anonymous_3)
FN:106,(anonymous_4)
FN:107,(anonymous_5)
FN:108,(anonymous_6)
FN:109,(anonymous_7)
FN:110,(anonymous_8)
FN:209,(anonymous_9)
FN:231,(anonymous_10)
FN:266,(anonymous_11)
FN:300,(anonymous_12)
FN:363,(anonymous_13)
FN:426,(anonymous_14)
FN:520,(anonymous_15)
FN:527,(anonymous_16)
FN:534,(anonymous_17)
FN:541,(anonymous_18)
FN:546,(anonymous_19)
FN:625,(anonymous_20)
FN:678,(anonymous_21)
FN:679,(anonymous_22)
FN:680,(anonymous_23)
FN:681,(anonymous_24)
FN:682,(anonymous_25)
FN:685,(anonymous_26)
FN:711,(anonymous_27)
FN:718,(anonymous_28)
FN:743,(anonymous_29)
FN:824,(anonymous_30)
FN:829,(anonymous_31)
FN:838,(anonymous_32)
FN:999,(anonymous_33)
FN:1011,(anonymous_34)
FNF:35
FNH:10
FNDA:9,(anonymous_0)
FNDA:0,(anonymous_1)
FNDA:0,(anonymous_2)
FNDA:7,(anonymous_3)
FNDA:0,(anonymous_4)
FNDA:0,(anonymous_5)
FNDA:0,(anonymous_6)
FNDA:0,(anonymous_7)
FNDA:0,(anonymous_8)
FNDA:4,(anonymous_9)
FNDA:10,(anonymous_10)
FNDA:0,(anonymous_11)
FNDA:0,(anonymous_12)
FNDA:0,(anonymous_13)
FNDA:0,(anonymous_14)
FNDA:4,(anonymous_15)
FNDA:0,(anonymous_16)
FNDA:0,(anonymous_17)
FNDA:7,(anonymous_18)
FNDA:0,(anonymous_19)
FNDA:3,(anonymous_20)
FNDA:0,(anonymous_21)
FNDA:0,(anonymous_22)
FNDA:0,(anonymous_23)
FNDA:0,(anonymous_24)
FNDA:0,(anonymous_25)
FNDA:0,(anonymous_26)
FNDA:10,(anonymous_27)
FNDA:0,(anonymous_28)
FNDA:9,(anonymous_29)
FNDA:9,(anonymous_30)
FNDA:0,(anonymous_31)
FNDA:0,(anonymous_32)
FNDA:0,(anonymous_33)
FNDA:0,(anonymous_34)
DA:6,1
DA:8,1
DA:10,1
DA:48,1
DA:51,9
DA:52,9
DA:53,9
DA:56,9
DA:57,9
DA:58,9
DA:65,0
DA:66,0
DA:74,0
DA:82,7
DA:85,7
DA:88,7
DA:94,7
DA:95,7
DA:96,0
DA:97,0
DA:105,0
DA:106,0
DA:107,0
DA:108,0
DA:109,0
DA:110,0
DA:112,0
DA:114,0
DA:119,7
DA:122,7
DA:123,7
DA:127,7
DA:130,7
DA:139,6
DA:141,6
DA:142,0
DA:145,0
DA:151,0
DA:158,0
DA:160,0
DA:170,6
DA:173,6
DA:176,6
DA:186,6
DA:189,6
DA:194,6
DA:199,1
DA:210,4
DA:212,4
DA:213,1
DA:220,3
DA:226,3
DA:229,3
DA:231,10
DA:238,3
DA:239,3
DA:242,3
DA:250,3
DA:253,3
DA:254,3
DA:255,0
DA:258,0
DA:264,0
DA:266,0
DA:274,0
DA:276,0
DA:284,0
DA:288,3
DA:295,3
DA:296,3
DA:297,0
DA:298,0
DA:299,0
DA:300,0
DA:306,0
DA:308,0
DA:313,3
DA:314,3
DA:315,0
DA:317,0
DA:318,0
DA:319,0
DA:321,0
DA:322,0
DA:325,0
DA:327,0
DA:328,0
DA:329,0
DA:330,0
DA:331,0
DA:332,0
DA:335,0
DA:336,0
DA:339,0
DA:340,0
DA:345,0
DA:346,0
DA:347,0
DA:348,0
DA:349,0
DA:350,0
DA:351,0
DA:352,0
DA:358,0
DA:359,0
DA:360,0
DA:361,0
DA:362,0
DA:363,0
DA:369,0
DA:372,0
DA:378,3
DA:379,3
DA:380,0
DA:381,0
DA:382,0
DA:383,0
DA:385,0
DA:386,0
DA:388,0
DA:389,0
DA:390,0
DA:391,0
DA:392,0
DA:393,0
DA:394,0
DA:396,0
DA:397,0
DA:400,0
DA:401,0
DA:405,0
DA:406,0
DA:407,0
DA:408,0
DA:409,0
DA:410,0
DA:411,0
DA:412,0
DA:418,0
DA:419,0
DA:420,0
DA:421,0
DA:422,0
DA:423,0
DA:426,0
DA:431,0
DA:434,0
DA:440,3
DA:441,3
DA:442,0
DA:443,0
DA:444,0
DA:445,0
DA:447,0
DA:448,0
DA:450,0
DA:451,0
DA:452,0
DA:453,0
DA:454,0
DA:455,0
DA:456,0
DA:458,0
DA:459,0
DA:462,0
DA:463,0
DA:467,0
DA:468,0
DA:469,0
DA:470,0
DA:471,0
DA:472,0
DA:473,0
DA:474,0
DA:480,0
DA:481,0
DA:482,0
DA:483,0
DA:484,0
DA:489,0
DA:491,0
DA:497,3
DA:500,3
DA:505,3
DA:507,3
DA:509,0
DA:521,4
DA:528,0
DA:535,0
DA:542,7
DA:545,7
DA:546,0
DA:550,7
DA:551,0
DA:611,7
DA:626,3
DA:627,3
DA:630,3
DA:631,3
DA:632,3
DA:633,3
DA:634,3
DA:636,3
DA:646,3
DA:647,0
DA:678,0
DA:679,0
DA:680,0
DA:681,0
DA:682,0
DA:685,0
DA:704,3
DA:711,10
DA:719,0
DA:720,0
DA:722,0
DA:731,0
DA:732,0
DA:733,0
DA:736,0
DA:744,9
DA:746,9
DA:748,9
DA:749,54
DA:750,54
DA:752,54
DA:753,0
DA:754,0
DA:755,0
DA:756,0
DA:759,0
DA:760,0
DA:763,0
DA:765,0
DA:766,0
DA:767,0
DA:768,0
DA:769,0
DA:770,0
DA:772,0
DA:773,0
DA:776,0
DA:777,0
DA:782,0
DA:783,0
DA:784,0
DA:785,0
DA:786,0
DA:787,0
DA:788,0
DA:789,0
DA:795,0
DA:797,0
DA:800,0
DA:801,0
DA:802,0
DA:805,0
DA:810,0
DA:814,9
DA:825,9
DA:826,9
DA:829,9
DA:830,0
DA:832,0
DA:834,0
DA:835,0
DA:836,0
DA:837,0
DA:838,0
DA:846,0
DA:850,0
DA:851,0
DA:852,0
DA:853,0
DA:854,0
DA:864,0
DA:866,0
DA:870,0
DA:871,0
DA:872,0
DA:873,0
DA:874,0
DA:878,0
DA:880,0
DA:884,0
DA:885,0
DA:891,0
DA:893,0
DA:897,0
DA:898,0
DA:919,0
DA:921,0
DA:925,0
DA:926,0
DA:927,0
DA:928,0
DA:929,0
DA:934,0
DA:935,0
DA:937,0
DA:939,0
DA:943,0
DA:948,9
DA:951,9
DA:953,9
DA:954,0
DA:955,0
DA:956,0
DA:958,0
DA:963,9
DA:965,9
DA:967,0
DA:968,0
DA:970,0
DA:971,0
DA:972,0
DA:979,9
DA:981,9
DA:982,0
DA:983,0
DA:985,0
DA:986,0
DA:987,0
DA:989,0
DA:992,0
DA:996,9
DA:997,9
DA:999,0
DA:1000,0
DA:1001,0
DA:1008,0
DA:1011,0
DA:1012,0
DA:1013,0
DA:1017,9
LF:335
LH:91
BRDA:55,0,0,9
BRDA:65,1,0,0
BRDA:65,1,1,0
BRDA:95,2,0,0
BRDA:95,2,1,7
BRDA:141,3,0,0
BRDA:141,3,1,6
BRDA:212,4,0,1
BRDA:212,4,1,3
BRDA:254,5,0,0
BRDA:254,5,1,3
BRDA:296,6,0,0
BRDA:296,6,1,3
BRDA:299,7,0,0
BRDA:299,7,1,0
BRDA:299,8,0,0
BRDA:299,8,1,0
BRDA:302,9,0,0
BRDA:302,9,1,0
BRDA:302,9,2,0
BRDA:303,10,0,0
BRDA:303,10,1,0
BRDA:314,11,0,0
BRDA:314,11,1,3
BRDA:325,12,0,0
BRDA:325,12,1,0
BRDA:330,13,0,0
BRDA:330,13,1,0
BRDA:335,14,0,0
BRDA:335,14,1,0
BRDA:339,15,0,0
BRDA:339,15,1,0
BRDA:345,16,0,0
BRDA:345,16,1,0
BRDA:346,17,0,0
BRDA:346,17,1,0
BRDA:346,18,0,0
BRDA:346,18,1,0
BRDA:348,19,0,0
BRDA:348,19,1,0
BRDA:348,20,0,0
BRDA:348,20,1,0
BRDA:350,21,0,0
BRDA:350,21,1,0
BRDA:358,22,0,0
BRDA:358,22,1,0
BRDA:362,23,0,0
BRDA:362,23,1,0
BRDA:362,24,0,0
BRDA:362,24,1,0
BRDA:365,25,0,0
BRDA:365,25,1,0
BRDA:366,26,0,0
BRDA:366,26,1,0
BRDA:367,27,0,0
BRDA:367,27,1,0
BRDA:379,28,0,0
BRDA:379,28,1,3
BRDA:388,29,0,0
BRDA:388,29,1,0
BRDA:392,30,0,0
BRDA:392,30,1,0
BRDA:396,31,0,0
BRDA:396,31,1,0
BRDA:400,32,0,0
BRDA:400,32,1,0
BRDA:405,33,0,0
BRDA:405,33,1,0
BRDA:406,34,0,0
BRDA:406,34,1,0
BRDA:406,35,0,0
BRDA:406,35,1,0
BRDA:408,36,0,0
BRDA:408,36,1,0
BRDA:408,37,0,0
BRDA:408,37,1,0
BRDA:410,38,0,0
BRDA:410,38,1,0
BRDA:418,39,0,0
BRDA:418,39,1,0
BRDA:422,40,0,0
BRDA:422,40,1,0
BRDA:422,41,0,0
BRDA:422,41,1,0
BRDA:425,42,0,0
BRDA:425,42,1,0
BRDA:441,43,0,0
BRDA:441,43,1,3
BRDA:450,44,0,0
BRDA:450,44,1,0
BRDA:454,45,0,0
BRDA:454,45,1,0
BRDA:458,46,0,0
BRDA:458,46,1,0
BRDA:462,47,0,0
BRDA:462,47,1,0
BRDA:467,48,0,0
BRDA:467,48,1,0
BRDA:468,49,0,0
BRDA:468,49,1,0
BRDA:468,50,0,0
BRDA:468,50,1,0
BRDA:470,51,0,0
BRDA:470,51,1,0
BRDA:470,52,0,0
BRDA:470,52,1,0
BRDA:472,53,0,0
BRDA:472,53,1,0
BRDA:480,54,0,0
BRDA:480,54,1,0
BRDA:541,55,0,0
BRDA:545,56,0,0
BRDA:545,56,1,7
BRDA:550,57,0,0
BRDA:550,57,1,7
BRDA:626,58,0,3
BRDA:626,58,1,0
BRDA:627,59,0,3
BRDA:627,59,1,0
BRDA:630,60,0,3
BRDA:630,60,1,1
BRDA:631,61,0,3
BRDA:631,61,1,1
BRDA:632,62,0,3
BRDA:632,62,1,1
BRDA:633,63,0,3
BRDA:633,63,1,1
BRDA:634,64,0,3
BRDA:634,64,1,1
BRDA:646,65,0,0
BRDA:646,65,1,3
BRDA:674,66,0,0
BRDA:674,66,1,0
BRDA:675,67,0,0
BRDA:675,67,1,0
BRDA:678,68,0,0
BRDA:678,68,1,0
BRDA:679,69,0,0
BRDA:679,69,1,0
BRDA:680,70,0,0
BRDA:680,70,1,0
BRDA:681,71,0,0
BRDA:681,71,1,0
BRDA:682,72,0,0
BRDA:682,72,1,0
BRDA:685,73,0,0
BRDA:685,73,1,0
BRDA:707,74,0,3
BRDA:707,74,1,0
BRDA:708,75,0,3
BRDA:708,75,1,0
BRDA:720,76,0,0
BRDA:720,76,1,0
BRDA:732,77,0,0
BRDA:732,77,1,0
BRDA:732,78,0,0
BRDA:732,78,1,0
BRDA:763,79,0,0
BRDA:763,79,1,0
BRDA:768,80,0,0
BRDA:768,80,1,0
BRDA:772,81,0,0
BRDA:772,81,1,0
BRDA:776,82,0,0
BRDA:776,82,1,0
BRDA:782,83,0,0
BRDA:782,83,1,0
BRDA:783,84,0,0
BRDA:783,84,1,0
BRDA:783,85,0,0
BRDA:783,85,1,0
BRDA:785,86,0,0
BRDA:785,86,1,0
BRDA:785,87,0,0
BRDA:785,87,1,0
BRDA:787,88,0,0
BRDA:787,88,1,0
BRDA:795,89,0,0
BRDA:795,89,1,0
BRDA:801,90,0,0
BRDA:801,90,1,0
BRDA:832,91,0,0
BRDA:832,91,1,0
BRDA:832,91,2,0
BRDA:832,91,3,0
BRDA:832,91,4,0
BRDA:832,91,5,0
BRDA:832,91,6,0
BRDA:835,92,0,0
BRDA:835,92,1,0
BRDA:851,93,0,0
BRDA:851,93,1,0
BRDA:853,94,0,0
BRDA:853,94,1,0
BRDA:871,95,0,0
BRDA:871,95,1,0
BRDA:873,96,0,0
BRDA:873,96,1,0
BRDA:884,97,0,0
BRDA:884,97,1,0
BRDA:884,98,0,0
BRDA:884,98,1,0
BRDA:884,98,2,0
BRDA:897,99,0,0
BRDA:897,99,1,0
BRDA:897,100,0,0
BRDA:897,100,1,0
BRDA:899,101,0,0
BRDA:899,101,1,0
BRDA:904,102,0,0
BRDA:904,102,1,0
BRDA:914,103,0,0
BRDA:914,103,1,0
BRDA:917,104,0,0
BRDA:917,104,1,0
BRDA:925,105,0,0
BRDA:925,105,1,0
BRDA:925,106,0,0
BRDA:925,106,1,0
BRDA:925,106,2,0
BRDA:927,107,0,0
BRDA:927,107,1,0
BRDA:928,108,0,0
BRDA:928,108,1,0
BRDA:931,109,0,0
BRDA:931,109,1,0
BRDA:932,110,0,0
BRDA:932,110,1,0
BRDA:967,111,0,0
BRDA:967,111,1,0
BRDA:997,112,0,0
BRDA:997,112,1,9
BRF:232
BRH:28
end_of_record
TN:
SF:src/ai/dashscope.ts
FN:63,(anonymous_0)
FN:75,(anonymous_1)
FN:84,(anonymous_2)
FN:139,(anonymous_3)
FN:195,(anonymous_4)
FN:203,(anonymous_5)
FN:211,(anonymous_6)
FN:219,(anonymous_7)
FN:227,(anonymous_8)
FN:255,(anonymous_9)
FN:259,(anonymous_10)
FN:260,(anonymous_11)
FNF:12
FNH:8
FNDA:17,(anonymous_0)
FNDA:10,(anonymous_1)
FNDA:13,(anonymous_2)
FNDA:4,(anonymous_3)
FNDA:3,(anonymous_4)
FNDA:2,(anonymous_5)
FNDA:0,(anonymous_6)
FNDA:0,(anonymous_7)
FNDA:0,(anonymous_8)
FNDA:0,(anonymous_9)
FNDA:4,(anonymous_10)
FNDA:124,(anonymous_11)
DA:6,1
DA:51,1
DA:52,1
DA:53,1
DA:55,1
DA:64,17
DA:65,17
DA:66,17
DA:67,17
DA:68,17
DA:69,17
DA:76,10
DA:77,1
DA:80,9
DA:82,9
DA:84,13
DA:92,9
DA:94,9
DA:105,8
DA:106,1
DA:107,1
DA:108,1
DA:109,1
DA:111,1
DA:114,7
DA:116,7
DA:117,0
DA:120,7
DA:129,2
DA:130,2
DA:132,0
DA:140,4
DA:141,4
DA:143,4
DA:168,4
DA:174,4
DA:187,4
DA:189,4
DA:190,4
DA:191,4
DA:192,4
DA:195,3
DA:203,2
DA:211,0
DA:219,0
DA:227,0
DA:241,0
DA:245,4
DA:256,0
DA:260,4
DA:261,124
DA:262,124
DA:263,124
LF:53
LH:46
BRDA:65,0,0,17
BRDA:65,0,1,15
BRDA:66,1,0,17
BRDA:66,1,1,16
BRDA:67,2,0,17
BRDA:67,2,1,16
BRDA:68,3,0,17
BRDA:68,3,1,16
BRDA:69,4,0,17
BRDA:69,4,1,16
BRDA:76,5,0,1
BRDA:76,5,1,9
BRDA:105,6,0,1
BRDA:105,6,1,7
BRDA:105,7,0,8
BRDA:105,7,1,8
BRDA:109,8,0,1
BRDA:109,8,1,0
BRDA:116,9,0,0
BRDA:116,9,1,7
BRDA:121,10,0,7
BRDA:121,10,1,1
BRDA:123,11,0,7
BRDA:123,11,1,1
BRDA:124,12,0,7
BRDA:124,12,1,1
BRDA:125,13,0,7
BRDA:125,13,1,1
BRDA:129,14,0,2
BRDA:129,14,1,0
BRDA:190,15,0,4
BRDA:190,15,1,0
BRDA:193,16,0,4
BRDA:193,16,1,0
BRDA:195,17,0,4
BRDA:195,17,1,0
BRDA:198,18,0,3
BRDA:198,18,1,0
BRDA:199,19,0,3
BRDA:199,19,1,0
BRDA:203,20,0,4
BRDA:203,20,1,0
BRDA:206,21,0,2
BRDA:206,21,1,0
BRDA:207,22,0,2
BRDA:207,22,1,0
BRDA:211,23,0,4
BRDA:211,23,1,0
BRDA:214,24,0,0
BRDA:214,24,1,0
BRDA:215,25,0,0
BRDA:215,25,1,0
BRDA:219,26,0,4
BRDA:219,26,1,0
BRDA:222,27,0,0
BRDA:222,27,1,0
BRDA:223,28,0,0
BRDA:223,28,1,0
BRDA:227,29,0,4
BRDA:227,29,1,0
BRDA:230,30,0,0
BRDA:230,30,1,0
BRDA:231,31,0,0
BRDA:231,31,1,0
BRDA:236,32,0,4
BRDA:236,32,1,0
BRDA:237,33,0,4
BRDA:237,33,1,0
BRDA:262,34,0,120
BRDA:262,34,1,4
BRF:70
BRH:42
end_of_record
TN:
SF:src/ai/minimax.ts
FN:54,(anonymous_0)
FN:64,(anonymous_1)
FN:69,(anonymous_2)
FN:121,(anonymous_3)
FN:162,(anonymous_4)
FN:192,(anonymous_5)
FN:196,(anonymous_6)
FN:197,(anonymous_7)
FNF:8
FNH:0
FNDA:0,(anonymous_0)
FNDA:0,(anonymous_1)
FNDA:0,(anonymous_2)
FNDA:0,(anonymous_3)
FNDA:0,(anonymous_4)
FNDA:0,(anonymous_5)
FNDA:0,(anonymous_6)
FNDA:0,(anonymous_7)
DA:6,0
DA:44,0
DA:45,0
DA:46,0
DA:48,0
DA:55,0
DA:56,0
DA:58,0
DA:59,0
DA:60,0
DA:61,0
DA:65,0
DA:67,0
DA:69,0
DA:77,0
DA:79,0
DA:90,0
DA:91,0
DA:92,0
DA:93,0
DA:94,0
DA:96,0
DA:99,0
DA:101,0
DA:102,0
DA:105,0
DA:114,0
DA:115,0
DA:117,0
DA:122,0
DA:123,0
DA:125,0
DA:154,0
DA:159,0
DA:165,0
DA:176,0
DA:193,0
DA:197,0
DA:198,0
DA:199,0
DA:200,0
LF:41
LH:0
BRDA:55,0,0,0
BRDA:55,0,1,0
BRDA:59,1,0,0
BRDA:59,1,1,0
BRDA:60,2,0,0
BRDA:60,2,1,0
BRDA:61,3,0,0
BRDA:61,3,1,0
BRDA:90,4,0,0
BRDA:90,4,1,0
BRDA:90,5,0,0
BRDA:90,5,1,0
BRDA:94,6,0,0
BRDA:94,6,1,0
BRDA:101,7,0,0
BRDA:101,7,1,0
BRDA:106,8,0,0
BRDA:106,8,1,0
BRDA:108,9,0,0
BRDA:108,9,1,0
BRDA:109,10,0,0
BRDA:109,10,1,0
BRDA:110,11,0,0
BRDA:110,11,1,0
BRDA:114,12,0,0
BRDA:114,12,1,0
BRDA:199,13,0,0
BRDA:199,13,1,0
BRF:28
BRH:0
end_of_record
TN:
SF:src/ai/ollama.ts
FN:38,(anonymous_0)
FN:44,(anonymous_1)
FN:49,(anonymous_2)
FN:90,(anonymous_3)
FN:127,(anonymous_4)
FN:145,(anonymous_5)
FN:153,(anonymous_6)
FN:161,(anonymous_7)
FN:169,(anonymous_8)
FN:177,(anonymous_9)
FN:203,(anonymous_10)
FN:207,(anonymous_11)
FN:208,(anonymous_12)
FNF:13
FNH:10
FNDA:13,(anonymous_0)
FNDA:8,(anonymous_1)
FNDA:11,(anonymous_2)
FNDA:3,(anonymous_3)
FNDA:3,(anonymous_4)
FNDA:2,(anonymous_5)
FNDA:1,(anonymous_6)
FNDA:0,(anonymous_7)
FNDA:0,(anonymous_8)
FNDA:0,(anonymous_9)
FNDA:1,(anonymous_10)
FNDA:3,(anonymous_11)
FNDA:93,(anonymous_12)
DA:6,1
DA:29,1
DA:30,1
DA:31,1
DA:33,1
DA:39,13
DA:40,13
DA:41,13
DA:45,8
DA:47,8
DA:49,11
DA:56,8
DA:58,8
DA:68,7
DA:69,1
DA:72,6
DA:74,6
DA:83,2
DA:84,2
DA:86,0
DA:91,3
DA:92,3
DA:94,3
DA:119,3
DA:124,3
DA:128,3
DA:129,3
DA:136,3
DA:137,3
DA:139,3
DA:140,3
DA:141,3
DA:142,2
DA:143,2
DA:144,2
DA:145,2
DA:153,1
DA:161,0
DA:169,0
DA:177,0
DA:186,2
DA:187,2
DA:190,0
DA:193,3
DA:204,1
DA:208,3
DA:209,93
DA:210,93
DA:211,93
LF:49
LH:44
BRDA:38,0,0,2
BRDA:39,1,0,13
BRDA:39,1,1,4
BRDA:40,2,0,13
BRDA:40,2,1,5
BRDA:41,3,0,13
BRDA:41,3,1,12
BRDA:68,4,0,1
BRDA:68,4,1,6
BRDA:68,5,0,7
BRDA:68,5,1,7
BRDA:75,6,0,6
BRDA:75,6,1,1
BRDA:83,7,0,2
BRDA:83,7,1,0
BRDA:141,8,0,2
BRDA:141,8,1,1
BRDA:143,9,0,2
BRDA:143,9,1,0
BRDA:145,10,0,2
BRDA:145,10,1,0
BRDA:146,11,0,2
BRDA:146,11,1,2
BRDA:148,12,0,2
BRDA:148,12,1,0
BRDA:149,13,0,2
BRDA:149,13,1,0
BRDA:153,14,0,2
BRDA:153,14,1,0
BRDA:154,15,0,1
BRDA:154,15,1,1
BRDA:156,16,0,1
BRDA:156,16,1,0
BRDA:157,17,0,1
BRDA:157,17,1,0
BRDA:161,18,0,2
BRDA:161,18,1,0
BRDA:162,19,0,0
BRDA:162,19,1,0
BRDA:164,20,0,0
BRDA:164,20,1,0
BRDA:165,21,0,0
BRDA:165,21,1,0
BRDA:169,22,0,2
BRDA:169,22,1,0
BRDA:170,23,0,0
BRDA:170,23,1,0
BRDA:172,24,0,0
BRDA:172,24,1,0
BRDA:173,25,0,0
BRDA:173,25,1,0
BRDA:177,26,0,2
BRDA:177,26,1,0
BRDA:178,27,0,0
BRDA:178,27,1,0
BRDA:180,28,0,0
BRDA:180,28,1,0
BRDA:181,29,0,0
BRDA:181,29,1,0
BRDA:186,30,0,2
BRDA:186,30,1,0
BRDA:187,31,0,2
BRDA:187,31,1,0
BRDA:210,32,0,90
BRDA:210,32,1,3
BRF:65
BRH:34
end_of_record
TN:
SF:src/ai/openai-provider.ts
FN:54,(anonymous_0)
FN:64,(anonymous_1)
FN:69,(anonymous_2)
FN:121,(anonymous_3)
FN:158,(anonymous_4)
FN:176,(anonymous_5)
FN:184,(anonymous_6)
FN:192,(anonymous_7)
FN:200,(anonymous_8)
FN:208,(anonymous_9)
FN:234,(anonymous_10)
FN:238,(anonymous_11)
FN:239,(anonymous_12)
FNF:13
FNH:10
FNDA:13,(anonymous_0)
FNDA:8,(anonymous_1)
FNDA:11,(anonymous_2)
FNDA:2,(anonymous_3)
FNDA:2,(anonymous_4)
FNDA:2,(anonymous_5)
FNDA:1,(anonymous_6)
FNDA:0,(anonymous_7)
FNDA:0,(anonymous_8)
FNDA:0,(anonymous_9)
FNDA:1,(anonymous_10)
FNDA:2,(anonymous_11)
FNDA:62,(anonymous_12)
DA:6,1
DA:44,1
DA:45,1
DA:46,1
DA:48,1
DA:55,13
DA:56,1
DA:58,12
DA:59,12
DA:60,12
DA:61,12
DA:65,8
DA:67,8
DA:69,11
DA:77,8
DA:79,8
DA:90,7
DA:91,2
DA:92,2
DA:93,2
DA:94,2
DA:96,2
DA:99,5
DA:101,5
DA:102,0
DA:105,5
DA:114,3
DA:115,3
DA:117,0
DA:122,2
DA:123,2
DA:125,2
DA:150,2
DA:155,2
DA:159,2
DA:160,2
DA:167,2
DA:168,2
DA:170,2
DA:171,2
DA:172,2
DA:173,2
DA:174,2
DA:175,2
DA:176,2
DA:184,1
DA:192,0
DA:200,0
DA:208,0
DA:217,2
DA:218,2
DA:221,0
DA:224,2
DA:235,1
DA:239,2
DA:240,62
DA:241,62
DA:242,62
LF:58
LH:52
BRDA:55,0,0,1
BRDA:55,0,1,12
BRDA:59,1,0,12
BRDA:59,1,1,11
BRDA:60,2,0,12
BRDA:60,2,1,11
BRDA:61,3,0,12
BRDA:61,3,1,12
BRDA:90,4,0,2
BRDA:90,4,1,5
BRDA:90,5,0,7
BRDA:90,5,1,7
BRDA:94,6,0,2
BRDA:94,6,1,1
BRDA:101,7,0,0
BRDA:101,7,1,5
BRDA:106,8,0,5
BRDA:106,8,1,0
BRDA:108,9,0,5
BRDA:108,9,1,0
BRDA:109,10,0,5
BRDA:109,10,1,0
BRDA:110,11,0,5
BRDA:110,11,1,0
BRDA:114,12,0,3
BRDA:114,12,1,0
BRDA:172,13,0,2
BRDA:172,13,1,0
BRDA:174,14,0,2
BRDA:174,14,1,0
BRDA:176,15,0,2
BRDA:176,15,1,0
BRDA:179,16,0,2
BRDA:179,16,1,0
BRDA:180,17,0,2
BRDA:180,17,1,0
BRDA:184,18,0,2
BRDA:184,18,1,0
BRDA:187,19,0,1
BRDA:187,19,1,0
BRDA:188,20,0,1
BRDA:188,20,1,0
BRDA:192,21,0,2
BRDA:192,21,1,0
BRDA:195,22,0,0
BRDA:195,22,1,0
BRDA:196,23,0,0
BRDA:196,23,1,0
BRDA:200,24,0,2
BRDA:200,24,1,0
BRDA:203,25,0,0
BRDA:203,25,1,0
BRDA:204,26,0,0
BRDA:204,26,1,0
BRDA:208,27,0,2
BRDA:208,27,1,0
BRDA:211,28,0,0
BRDA:211,28,1,0
BRDA:212,29,0,0
BRDA:212,29,1,0
BRDA:217,30,0,2
BRDA:217,30,1,0
BRDA:218,31,0,2
BRDA:218,31,1,0
BRDA:241,32,0,60
BRDA:241,32,1,2
BRF:66
BRH:35
end_of_record
TN:
SF:src/ai/openclaw.ts
FN:34,uuid
FN:35,(anonymous_1)
FN:50,(anonymous_2)
FN:57,(anonymous_3)
FN:58,(anonymous_4)
FN:62,(anonymous_5)
FN:66,(anonymous_6)
FN:73,(anonymous_7)
FN:77,(anonymous_8)
FN:83,(anonymous_9)
FN:93,(anonymous_10)
FN:100,(anonymous_11)
FN:105,(anonymous_12)
FN:112,(anonymous_13)
FN:142,(anonymous_14)
FN:151,(anonymous_15)
FN:158,(anonymous_16)
FN:166,(anonymous_17)
FN:186,(anonymous_18)
FN:187,(anonymous_19)
FN:204,(anonymous_20)
FN:213,(anonymous_21)
FN:224,(anonymous_22)
FN:229,(anonymous_23)
FN:239,(anonymous_24)
FN:244,(anonymous_25)
FN:264,(anonymous_26)
FN:274,(anonymous_27)
FN:285,(anonymous_28)
FN:306,(anonymous_29)
FN:317,(anonymous_30)
FN:324,(anonymous_31)
FN:331,(anonymous_32)
FN:338,(anonymous_33)
FN:345,(anonymous_34)
FN:372,(anonymous_35)
FNF:36
FNH:0
FNDA:0,uuid
FNDA:0,(anonymous_1)
FNDA:0,(anonymous_2)
FNDA:0,(anonymous_3)
FNDA:0,(anonymous_4)
FNDA:0,(anonymous_5)
FNDA:0,(anonymous_6)
FNDA:0,(anonymous_7)
FNDA:0,(anonymous_8)
FNDA:0,(anonymous_9)
FNDA:0,(anonymous_10)
FNDA:0,(anonymous_11)
FNDA:0,(anonymous_12)
FNDA:0,(anonymous_13)
FNDA:0,(anonymous_14)
FNDA:0,(anonymous_15)
FNDA:0,(anonymous_16)
FNDA:0,(anonymous_17)
FNDA:0,(anonymous_18)
FNDA:0,(anonymous_19)
FNDA:0,(anonymous_20)
FNDA:0,(anonymous_21)
FNDA:0,(anonymous_22)
FNDA:0,(anonymous_23)
FNDA:0,(anonymous_24)
FNDA:0,(anonymous_25)
FNDA:0,(anonymous_26)
FNDA:0,(anonymous_27)
FNDA:0,(anonymous_28)
FNDA:0,(anonymous_29)
FNDA:0,(anonymous_30)
FNDA:0,(anonymous_31)
FNDA:0,(anonymous_32)
FNDA:0,(anonymous_33)
FNDA:0,(anonymous_34)
FNDA:0,(anonymous_35)
DA:35,0
DA:36,0
DA:37,0
DA:38,0
DA:42,0
DA:43,0
DA:45,0
DA:46,0
DA:47,0
DA:48,0
DA:51,0
DA:58,0
DA:59,0
DA:60,0
DA:62,0
DA:63,0
DA:66,0
DA:67,0
DA:68,0
DA:69,0
DA:70,0
DA:73,0
DA:74,0
DA:77,0
DA:78,0
DA:79,0
DA:80,0
DA:83,0
DA:84,0
DA:85,0
DA:88,0
DA:94,0
DA:95,0
DA:96,0
DA:105,0
DA:106,0
DA:107,0
DA:108,0
DA:112,0
DA:113,0
DA:114,0
DA:116,0
DA:120,0
DA:142,0
DA:143,0
DA:144,0
DA:145,0
DA:146,0
DA:149,0
DA:151,0
DA:154,0
DA:159,0
DA:160,0
DA:162,0
DA:168,0
DA:169,0
DA:170,0
DA:171,0
DA:172,0
DA:173,0
DA:175,0
DA:181,0
DA:182,0
DA:187,0
DA:188,0
DA:189,0
DA:190,0
DA:193,0
DA:194,0
DA:196,0
DA:204,0
DA:205,0
DA:206,0
DA:207,0
DA:214,0
DA:216,0
DA:217,0
DA:218,0
DA:219,0
DA:221,0
DA:225,0
DA:226,0
DA:229,0
DA:230,0
DA:231,0
DA:232,0
DA:235,0
DA:238,0
DA:239,0
DA:240,0
DA:241,0
DA:242,0
DA:244,0
DA:245,0
DA:247,0
DA:250,0
DA:252,0
DA:264,0
DA:265,0
DA:266,0
DA:267,0
DA:268,0
DA:276,0
DA:279,0
DA:282,0
DA:286,0
DA:307,0
DA:309,0
DA:310,0
DA:311,0
DA:312,0
DA:317,0
DA:324,0
DA:331,0
DA:338,0
DA:345,0
DA:358,0
DA:362,0
DA:373,0
LF:119
LH:0
BRDA:37,0,0,0
BRDA:37,0,1,0
BRDA:50,1,0,0
BRDA:52,2,0,0
BRDA:52,2,1,0
BRDA:53,3,0,0
BRDA:53,3,1,0
BRDA:94,4,0,0
BRDA:94,4,1,0
BRDA:106,5,0,0
BRDA:106,5,1,0
BRDA:114,6,0,0
BRDA:114,6,1,0
BRDA:144,7,0,0
BRDA:144,7,1,0
BRDA:144,8,0,0
BRDA:144,8,1,0
BRDA:159,9,0,0
BRDA:159,9,1,0
BRDA:159,10,0,0
BRDA:159,10,1,0
BRDA:168,11,0,0
BRDA:168,11,1,0
BRDA:168,12,0,0
BRDA:168,12,1,0
BRDA:170,13,0,0
BRDA:170,13,1,0
BRDA:172,14,0,0
BRDA:172,14,1,0
BRDA:175,15,0,0
BRDA:175,15,1,0
BRDA:181,16,0,0
BRDA:181,16,1,0
BRDA:181,17,0,0
BRDA:181,17,1,0
BRDA:181,17,2,0
BRDA:188,18,0,0
BRDA:188,18,1,0
BRDA:188,19,0,0
BRDA:188,19,1,0
BRDA:205,20,0,0
BRDA:205,20,1,0
BRDA:213,21,0,0
BRDA:214,22,0,0
BRDA:214,22,1,0
BRDA:217,23,0,0
BRDA:217,23,1,0
BRDA:225,24,0,0
BRDA:225,24,1,0
BRDA:230,25,0,0
BRDA:230,25,1,0
BRDA:230,26,0,0
BRDA:230,26,1,0
BRDA:241,27,0,0
BRDA:241,27,1,0
BRDA:241,28,0,0
BRDA:241,28,1,0
BRDA:244,29,0,0
BRDA:244,29,1,0
BRDA:245,30,0,0
BRDA:245,30,1,0
BRDA:266,31,0,0
BRDA:266,31,1,0
BRDA:310,32,0,0
BRDA:310,32,1,0
BRDA:315,33,0,0
BRDA:315,33,1,0
BRDA:317,34,0,0
BRDA:317,34,1,0
BRDA:320,35,0,0
BRDA:320,35,1,0
BRDA:321,36,0,0
BRDA:321,36,1,0
BRDA:322,37,0,0
BRDA:322,37,1,0
BRDA:324,38,0,0
BRDA:324,38,1,0
BRDA:327,39,0,0
BRDA:327,39,1,0
BRDA:328,40,0,0
BRDA:328,40,1,0
BRDA:329,41,0,0
BRDA:329,41,1,0
BRDA:331,42,0,0
BRDA:331,42,1,0
BRDA:334,43,0,0
BRDA:334,43,1,0
BRDA:335,44,0,0
BRDA:335,44,1,0
BRDA:338,45,0,0
BRDA:338,45,1,0
BRDA:341,46,0,0
BRDA:341,46,1,0
BRDA:342,47,0,0
BRDA:342,47,1,0
BRDA:345,48,0,0
BRDA:345,48,1,0
BRDA:348,49,0,0
BRDA:348,49,1,0
BRDA:349,50,0,0
BRDA:349,50,1,0
BRDA:353,51,0,0
BRDA:353,51,1,0
BRDA:354,52,0,0
BRDA:354,52,1,0
BRF:105
BRH:0
end_of_record
TN:
SF:src/ai/session-manager.ts
FN:8,(anonymous_0)
FN:15,(anonymous_1)
FN:38,(anonymous_2)
FN:45,(anonymous_3)
FN:58,(anonymous_4)
FN:71,(anonymous_5)
FN:84,(anonymous_6)
FN:97,(anonymous_7)
FN:104,(anonymous_8)
FN:112,(anonymous_9)
FN:119,(anonymous_10)
FN:126,(anonymous_11)
FN:134,(anonymous_12)
FNF:13
FNH:13
FNDA:34,(anonymous_0)
FNDA:31,(anonymous_1)
FNDA:33,(anonymous_2)
FNDA:26,(anonymous_3)
FNDA:7,(anonymous_4)
FNDA:8,(anonymous_5)
FNDA:7,(anonymous_6)
FNDA:2,(anonymous_7)
FNDA:1,(anonymous_8)
FNDA:4,(anonymous_9)
FNDA:3,(anonymous_10)
FNDA:2,(anonymous_11)
FNDA:2,(anonymous_12)
DA:6,2
DA:8,2
DA:9,34
DA:10,34
DA:16,31
DA:18,31
DA:19,30
DA:20,30
DA:29,30
DA:32,31
DA:39,33
DA:46,26
DA:47,26
DA:49,25
DA:50,25
DA:52,25
DA:59,7
DA:60,7
DA:62,6
DA:63,6
DA:65,6
DA:72,8
DA:73,8
DA:75,7
DA:76,7
DA:78,7
DA:85,7
DA:86,7
DA:88,7
DA:89,7
DA:91,7
DA:98,2
DA:105,1
DA:106,1
DA:113,4
DA:120,3
DA:127,2
DA:128,1
DA:135,2
LF:39
LH:39
BRDA:18,0,0,30
BRDA:18,0,1,1
BRDA:47,1,0,1
BRDA:47,1,1,25
BRDA:60,2,0,1
BRDA:60,2,1,6
BRDA:73,3,0,1
BRDA:73,3,1,7
BRDA:86,4,0,0
BRDA:86,4,1,7
BRDA:127,5,0,1
BRDA:127,5,1,1
BRDA:128,6,0,1
BRDA:128,6,1,0
BRF:14
BRH:12
end_of_record
TN:
SF:src/ai/langgraph/adapter.ts
FN:24,(anonymous_0)
FN:32,(anonymous_1)
FN:33,(anonymous_2)
FN:48,(anonymous_3)
FN:58,(anonymous_4)
FN:91,(anonymous_5)
FN:102,(anonymous_6)
FN:116,(anonymous_7)
FNF:8
FNH:0
FNDA:0,(anonymous_0)
FNDA:0,(anonymous_1)
FNDA:0,(anonymous_2)
FNDA:0,(anonymous_3)
FNDA:0,(anonymous_4)
FNDA:0,(anonymous_5)
FNDA:0,(anonymous_6)
FNDA:0,(anonymous_7)
DA:8,0
DA:10,0
DA:16,0
DA:25,0
DA:26,0
DA:33,0
DA:34,0
DA:35,0
DA:36,0
DA:37,0
DA:38,0
DA:39,0
DA:41,0
DA:49,0
DA:50,0
DA:52,0
DA:63,0
DA:64,0
DA:65,0
DA:66,0
DA:68,0
DA:84,0
DA:97,0
DA:98,0
DA:99,0
DA:103,0
DA:117,0
LF:27
LH:0
BRDA:34,0,0,0
BRDA:34,0,1,0
BRDA:36,1,0,0
BRDA:36,1,1,0
BRDA:38,2,0,0
BRDA:38,2,1,0
BRDA:49,3,0,0
BRDA:49,3,1,0
BRDA:107,4,0,0
BRDA:107,4,1,0
BRDA:108,5,0,0
BRDA:108,5,1,0
BRF:12
BRH:0
end_of_record
TN:
SF:src/ai/langgraph/agent.ts
FN:42,(anonymous_0)
FN:52,(anonymous_1)
FN:59,(anonymous_2)
FN:73,(anonymous_3)
FN:112,(anonymous_4)
FN:165,(anonymous_5)
FN:205,(anonymous_6)
FN:209,(anonymous_7)
FN:223,(anonymous_8)
FN:234,(anonymous_9)
FN:244,(anonymous_10)
FN:251,(anonymous_11)
FN:259,createLangGraphAgent
FNF:13
FNH:0
FNDA:0,(anonymous_0)
FNDA:0,(anonymous_1)
FNDA:0,(anonymous_2)
FNDA:0,(anonymous_3)
FNDA:0,(anonymous_4)
FNDA:0,(anonymous_5)
FNDA:0,(anonymous_6)
FNDA:0,(anonymous_7)
FNDA:0,(anonymous_8)
FNDA:0,(anonymous_9)
FNDA:0,(anonymous_10)
FNDA:0,(anonymous_11)
FNDA:0,createLangGraphAgent
DA:13,0
DA:14,0
DA:15,0
DA:35,0
DA:40,0
DA:43,0
DA:44,0
DA:45,0
DA:46,0
DA:53,0
DA:60,0
DA:61,0
DA:62,0
DA:78,0
DA:80,0
DA:81,0
DA:84,0
DA:87,0
DA:89,0
DA:94,0
DA:130,0
DA:132,0
DA:134,0
DA:139,0
DA:142,0
DA:144,0
DA:155,0
DA:160,0
DA:161,0
DA:164,0
DA:165,0
DA:172,0
DA:173,0
DA:176,0
DA:177,0
DA:180,0
DA:181,0
DA:184,0
DA:186,0
DA:206,0
DA:209,0
DA:224,0
DA:225,0
DA:227,0
DA:228,0
DA:235,0
DA:236,0
DA:238,0
DA:245,0
DA:252,0
DA:259,0
DA:265,0
LF:52
LH:0
BRDA:91,0,0,0
BRDA:91,0,1,0
BRDA:132,1,0,0
BRDA:132,1,1,0
BRDA:160,2,0,0
BRDA:160,2,1,0
BRDA:164,3,0,0
BRDA:164,3,1,0
BRDA:172,4,0,0
BRDA:172,4,1,0
BRDA:176,5,0,0
BRDA:176,5,1,0
BRDA:180,6,0,0
BRDA:180,6,1,0
BRDA:210,7,0,0
BRDA:210,7,1,0
BRDA:210,8,0,0
BRDA:210,8,1,0
BRDA:211,9,0,0
BRDA:211,9,1,0
BRDA:225,10,0,0
BRDA:225,10,1,0
BRDA:236,11,0,0
BRDA:236,11,1,0
BRF:24
BRH:0
end_of_record
TN:
SF:src/ai/langgraph/graph.ts
FN:152,createInitialState
FN:183,(anonymous_1)
FN:198,(anonymous_2)
FN:205,(anonymous_3)
FN:212,(anonymous_4)
FN:224,(anonymous_5)
FN:233,(anonymous_6)
FN:266,(anonymous_7)
FN:283,(anonymous_8)
FN:331,(anonymous_9)
FN:336,(anonymous_10)
FN:337,(anonymous_11)
FN:347,buildAnalysisMachine
FNF:13
FNH:0
FNDA:0,createInitialState
FNDA:0,(anonymous_1)
FNDA:0,(anonymous_2)
FNDA:0,(anonymous_3)
FNDA:0,(anonymous_4)
FNDA:0,(anonymous_5)
FNDA:0,(anonymous_6)
FNDA:0,(anonymous_7)
FNDA:0,(anonymous_8)
FNDA:0,(anonymous_9)
FNDA:0,(anonymous_10)
FNDA:0,(anonymous_11)
FNDA:0,buildAnalysisMachine
DA:11,0
DA:14,0
DA:17,0
DA:120,0
DA:152,0
DA:153,0
DA:177,0
DA:189,0
DA:190,0
DA:191,0
DA:192,0
DA:199,0
DA:206,0
DA:213,0
DA:214,0
DA:215,0
DA:217,0
DA:218,0
DA:225,0
DA:226,0
DA:234,0
DA:236,0
DA:239,0
DA:241,0
DA:243,0
DA:246,0
DA:249,0
DA:252,0
DA:253,0
DA:254,0
DA:255,0
DA:258,0
DA:259,0
DA:268,0
DA:274,0
DA:277,0
DA:284,0
DA:285,0
DA:288,0
DA:290,0
DA:292,0
DA:293,0
DA:295,0
DA:296,0
DA:298,0
DA:299,0
DA:301,0
DA:302,0
DA:304,0
DA:305,0
DA:307,0
DA:308,0
DA:310,0
DA:311,0
DA:313,0
DA:316,0
DA:319,0
DA:332,0
DA:333,0
DA:334,0
DA:335,0
DA:336,0
DA:337,0
DA:340,0
DA:347,0
DA:354,0
DA:355,0
LF:67
LH:0
BRDA:214,0,0,0
BRDA:214,0,1,0
BRDA:214,1,0,0
BRDA:214,1,1,0
BRDA:241,2,0,0
BRDA:241,2,1,0
BRDA:241,3,0,0
BRDA:241,3,1,0
BRDA:290,4,0,0
BRDA:290,4,1,0
BRDA:290,4,2,0
BRDA:290,4,3,0
BRDA:290,4,4,0
BRDA:290,4,5,0
BRDA:290,4,6,0
BRDA:290,4,7,0
BRDA:322,5,0,0
BRDA:322,5,1,0
BRDA:332,6,0,0
BRDA:332,6,1,0
BRDA:334,7,0,0
BRDA:334,7,1,0
BRF:22
BRH:0
end_of_record
TN:
SF:src/ai/langgraph/types.ts
FN:10,(anonymous_0)
FNF:1
FNH:0
FNDA:0,(anonymous_0)
DA:6,0
DA:10,0
DA:85,0
DA:89,0
DA:96,0
DA:101,0
DA:107,0
DA:114,0
DA:119,0
LF:9
LH:0
BRF:0
BRH:0
end_of_record
TN:
SF:src/ai/langgraph/tools/entity-tools.ts
FN:61,(anonymous_0)
FN:69,(anonymous_1)
FN:95,(anonymous_2)
FN:134,(anonymous_3)
FN:153,(anonymous_4)
FN:170,(anonymous_5)
FN:192,(anonymous_6)
FN:198,(anonymous_7)
FN:214,(anonymous_8)
FNF:9
FNH:0
FNDA:0,(anonymous_0)
FNDA:0,(anonymous_1)
FNDA:0,(anonymous_2)
FNDA:0,(anonymous_3)
FNDA:0,(anonymous_4)
FNDA:0,(anonymous_5)
FNDA:0,(anonymous_6)
FNDA:0,(anonymous_7)
FNDA:0,(anonymous_8)
DA:6,0
DA:11,0
DA:15,0
DA:22,0
DA:27,0
DA:33,0
DA:40,0
DA:45,0
DA:60,0
DA:62,0
DA:63,0
DA:70,0
DA:71,0
DA:72,0
DA:73,0
DA:86,0
DA:88,0
DA:96,0
DA:97,0
DA:118,0
DA:127,0
DA:135,0
DA:136,0
DA:137,0
DA:138,0
DA:140,0
DA:141,0
DA:142,0
DA:144,0
DA:146,0
DA:154,0
DA:155,0
DA:161,0
DA:163,0
DA:171,0
DA:172,0
DA:173,0
DA:174,0
DA:176,0
DA:177,0
DA:182,0
DA:183,0
DA:185,0
DA:193,0
DA:194,0
DA:195,0
DA:198,0
DA:207,0
DA:215,0
DA:216,0
DA:217,0
DA:218,0
DA:225,0
DA:227,0
LF:54
LH:0
BRDA:72,0,0,0
BRDA:72,0,1,0
BRDA:103,1,0,0
BRDA:103,1,1,0
BRDA:113,2,0,0
BRDA:113,2,1,0
BRDA:116,3,0,0
BRDA:116,3,1,0
BRDA:141,4,0,0
BRDA:141,4,1,0
BRDA:159,5,0,0
BRDA:159,5,1,0
BRDA:173,6,0,0
BRDA:173,6,1,0
BRDA:176,7,0,0
BRDA:176,7,1,0
BRDA:180,8,0,0
BRDA:180,8,1,0
BRDA:217,9,0,0
BRDA:217,9,1,0
BRF:20
BRH:0
end_of_record
TN:
SF:src/entities/manager.ts
FN:25,(anonymous_0)
FN:33,(anonymous_1)
FN:42,(anonymous_2)
FN:60,(anonymous_3)
FN:71,(anonymous_4)
FN:117,(anonymous_5)
FN:139,(anonymous_6)
FN:153,(anonymous_7)
FN:169,(anonymous_8)
FN:180,(anonymous_9)
FN:187,(anonymous_10)
FN:198,(anonymous_11)
FN:205,(anonymous_12)
FN:259,(anonymous_13)
FN:284,(anonymous_14)
FN:298,(anonymous_15)
FN:312,(anonymous_16)
FN:329,(anonymous_17)
FN:330,(anonymous_18)
FN:367,(anonymous_19)
FN:377,(anonymous_20)
FN:384,(anonymous_21)
FN:422,(anonymous_22)
FN:459,(anonymous_23)
FN:494,(anonymous_24)
FN:526,(anonymous_25)
FN:564,(anonymous_26)
FN:600,(anonymous_27)
FN:614,(anonymous_28)
FNF:29
FNH:0
FNDA:0,(anonymous_0)
FNDA:0,(anonymous_1)
FNDA:0,(anonymous_2)
FNDA:0,(anonymous_3)
FNDA:0,(anonymous_4)
FNDA:0,(anonymous_5)
FNDA:0,(anonymous_6)
FNDA:0,(anonymous_7)
FNDA:0,(anonymous_8)
FNDA:0,(anonymous_9)
FNDA:0,(anonymous_10)
FNDA:0,(anonymous_11)
FNDA:0,(anonymous_12)
FNDA:0,(anonymous_13)
FNDA:0,(anonymous_14)
FNDA:0,(anonymous_15)
FNDA:0,(anonymous_16)
FNDA:0,(anonymous_17)
FNDA:0,(anonymous_18)
FNDA:0,(anonymous_19)
FNDA:0,(anonymous_20)
FNDA:0,(anonymous_21)
FNDA:0,(anonymous_22)
FNDA:0,(anonymous_23)
FNDA:0,(anonymous_24)
FNDA:0,(anonymous_25)
FNDA:0,(anonymous_26)
FNDA:0,(anonymous_27)
FNDA:0,(anonymous_28)
DA:6,0
DA:9,0
DA:17,0
DA:19,0
DA:21,0
DA:22,0
DA:23,0
DA:26,0
DA:27,0
DA:34,0
DA:35,0
DA:43,0
DA:46,0
DA:47,0
DA:48,0
DA:49,0
DA:53,0
DA:54,0
DA:61,0
DA:62,0
DA:63,0
DA:72,0
DA:73,0
DA:74,0
DA:77,0
DA:78,0
DA:80,0
DA:81,0
DA:85,0
DA:87,0
DA:106,0
DA:107,0
DA:109,0
DA:110,0
DA:118,0
DA:120,0
DA:133,0
DA:141,0
DA:142,0
DA:143,0
DA:144,0
DA:145,0
DA:147,0
DA:154,0
DA:155,0
DA:157,0
DA:158,0
DA:159,0
DA:163,0
DA:164,0
DA:165,0
DA:169,0
DA:170,0
DA:174,0
DA:181,0
DA:183,0
DA:184,0
DA:185,0
DA:187,0
DA:188,0
DA:192,0
DA:199,0
DA:206,0
DA:208,0
DA:209,0
DA:211,0
DA:212,0
DA:214,0
DA:216,0
DA:217,0
DA:218,0
DA:219,0
DA:221,0
DA:225,0
DA:226,0
DA:227,0
DA:230,0
DA:232,0
DA:239,0
DA:240,0
DA:242,0
DA:243,0
DA:244,0
DA:246,0
DA:247,0
DA:251,0
DA:253,0
DA:260,0
DA:261,0
DA:262,0
DA:265,0
DA:272,0
DA:273,0
DA:276,0
DA:278,0
DA:285,0
DA:286,0
DA:288,0
DA:289,0
DA:299,0
DA:300,0
DA:302,0
DA:313,0
DA:316,0
DA:317,0
DA:318,0
DA:319,0
DA:320,0
DA:321,0
DA:322,0
DA:325,0
DA:326,0
DA:329,0
DA:330,0
DA:333,0
DA:334,0
DA:338,0
DA:339,0
DA:340,0
DA:341,0
DA:342,0
DA:343,0
DA:348,0
DA:349,0
DA:350,0
DA:351,0
DA:352,0
DA:353,0
DA:354,0
DA:355,0
DA:361,0
DA:362,0
DA:363,0
DA:364,0
DA:365,0
DA:366,0
DA:367,0
DA:369,0
DA:374,0
DA:378,0
DA:385,0
DA:387,0
DA:388,0
DA:391,0
DA:392,0
DA:393,0
DA:394,0
DA:398,0
DA:400,0
DA:401,0
DA:403,0
DA:404,0
DA:406,0
DA:407,0
DA:409,0
DA:410,0
DA:412,0
DA:413,0
DA:416,0
DA:423,0
DA:424,0
DA:426,0
DA:427,0
DA:428,0
DA:429,0
DA:430,0
DA:431,0
DA:433,0
DA:434,0
DA:435,0
DA:437,0
DA:438,0
DA:439,0
DA:441,0
DA:442,0
DA:443,0
DA:444,0
DA:447,0
DA:449,0
DA:450,0
DA:451,0
DA:453,0
DA:460,0
DA:461,0
DA:463,0
DA:464,0
DA:465,0
DA:467,0
DA:468,0
DA:469,0
DA:471,0
DA:472,0
DA:473,0
DA:474,0
DA:475,0
DA:478,0
DA:479,0
DA:480,0
DA:482,0
DA:484,0
DA:485,0
DA:486,0
DA:488,0
DA:495,0
DA:496,0
DA:498,0
DA:499,0
DA:500,0
DA:501,0
DA:502,0
DA:504,0
DA:505,0
DA:506,0
DA:507,0
DA:510,0
DA:511,0
DA:512,0
DA:514,0
DA:515,0
DA:516,0
DA:520,0
DA:527,0
DA:529,0
DA:530,0
DA:531,0
DA:533,0
DA:535,0
DA:536,0
DA:537,0
DA:539,0
DA:540,0
DA:541,0
DA:546,0
DA:548,0
DA:549,0
DA:550,0
DA:552,0
DA:553,0
DA:554,0
DA:558,0
DA:565,0
DA:566,0
DA:568,0
DA:569,0
DA:570,0
DA:572,0
DA:573,0
DA:574,0
DA:575,0
DA:578,0
DA:579,0
DA:580,0
DA:582,0
DA:583,0
DA:584,0
DA:585,0
DA:586,0
DA:587,0
DA:588,0
DA:594,0
DA:601,0
DA:602,0
DA:603,0
DA:604,0
DA:605,0
DA:608,0
DA:615,0
DA:616,0
DA:617,0
DA:618,0
DA:621,0
LF:271
LH:0
BRDA:34,0,0,0
BRDA:34,0,1,0
BRDA:48,1,0,0
BRDA:48,1,1,0
BRDA:62,2,0,0
BRDA:62,2,1,0
BRDA:62,3,0,0
BRDA:62,3,1,0
BRDA:77,4,0,0
BRDA:77,4,1,0
BRDA:78,5,0,0
BRDA:78,5,1,0
BRDA:80,6,0,0
BRDA:80,6,1,0
BRDA:90,7,0,0
BRDA:90,7,1,0
BRDA:91,8,0,0
BRDA:91,8,1,0
BRDA:91,8,2,0
BRDA:92,9,0,0
BRDA:92,9,1,0
BRDA:93,10,0,0
BRDA:93,10,1,0
BRDA:94,11,0,0
BRDA:94,11,1,0
BRDA:95,12,0,0
BRDA:95,12,1,0
BRDA:96,13,0,0
BRDA:96,13,1,0
BRDA:97,14,0,0
BRDA:97,14,1,0
BRDA:98,15,0,0
BRDA:98,15,1,0
BRDA:99,16,0,0
BRDA:99,16,1,0
BRDA:100,17,0,0
BRDA:100,17,1,0
BRDA:101,18,0,0
BRDA:101,18,1,0
BRDA:102,19,0,0
BRDA:102,19,1,0
BRDA:118,20,0,0
BRDA:118,20,1,0
BRDA:133,21,0,0
BRDA:133,21,1,0
BRDA:158,22,0,0
BRDA:158,22,1,0
BRDA:158,23,0,0
BRDA:158,23,1,0
BRDA:163,24,0,0
BRDA:163,24,1,0
BRDA:169,25,0,0
BRDA:169,25,1,0
BRDA:184,26,0,0
BRDA:184,26,1,0
BRDA:187,27,0,0
BRDA:187,27,1,0
BRDA:199,28,0,0
BRDA:199,28,1,0
BRDA:212,29,0,0
BRDA:212,29,1,0
BRDA:214,30,0,0
BRDA:214,30,1,0
BRDA:261,31,0,0
BRDA:261,31,1,0
BRDA:286,32,0,0
BRDA:286,32,1,0
BRDA:322,33,0,0
BRDA:322,33,1,0
BRDA:333,34,0,0
BRDA:333,34,1,0
BRDA:338,35,0,0
BRDA:338,35,1,0
BRDA:341,36,0,0
BRDA:341,36,1,0
BRDA:348,37,0,0
BRDA:348,37,1,0
BRDA:354,38,0,0
BRDA:354,38,1,0
BRDA:361,39,0,0
BRDA:361,39,1,0
BRDA:364,40,0,0
BRDA:364,40,1,0
BRDA:366,41,0,0
BRDA:366,41,1,0
BRDA:366,42,0,0
BRDA:366,42,1,0
BRDA:391,43,0,0
BRDA:391,43,1,0
BRDA:398,44,0,0
BRDA:398,44,1,0
BRDA:398,44,2,0
BRDA:398,44,3,0
BRDA:398,44,4,0
BRDA:424,45,0,0
BRDA:424,45,1,0
BRDA:427,46,0,0
BRDA:427,46,1,0
BRDA:428,47,0,0
BRDA:428,47,1,0
BRDA:429,48,0,0
BRDA:429,48,1,0
BRDA:430,49,0,0
BRDA:430,49,1,0
BRDA:438,50,0,0
BRDA:438,50,1,0
BRDA:443,51,0,0
BRDA:443,51,1,0
BRDA:461,52,0,0
BRDA:461,52,1,0
BRDA:464,53,0,0
BRDA:464,53,1,0
BRDA:472,54,0,0
BRDA:472,54,1,0
BRDA:472,55,0,0
BRDA:472,55,1,0
BRDA:474,56,0,0
BRDA:474,56,1,0
BRDA:496,57,0,0
BRDA:496,57,1,0
BRDA:499,58,0,0
BRDA:499,58,1,0
BRDA:500,59,0,0
BRDA:500,59,1,0
BRDA:501,60,0,0
BRDA:501,60,1,0
BRDA:504,61,0,0
BRDA:504,61,1,0
BRDA:511,62,0,0
BRDA:511,62,1,0
BRDA:530,63,0,0
BRDA:530,63,1,0
BRDA:535,64,0,0
BRDA:535,64,1,0
BRDA:537,65,0,0
BRDA:537,65,1,0
BRDA:540,66,0,0
BRDA:540,66,1,0
BRDA:549,67,0,0
BRDA:549,67,1,0
BRDA:566,68,0,0
BRDA:566,68,1,0
BRDA:569,69,0,0
BRDA:569,69,1,0
BRDA:572,70,0,0
BRDA:572,70,1,0
BRDA:582,71,0,0
BRDA:582,71,1,0
BRDA:585,72,0,0
BRDA:585,72,1,0
BRDA:587,73,0,0
BRDA:587,73,1,0
BRDA:604,74,0,0
BRDA:604,74,1,0
BRDA:617,75,0,0
BRDA:617,75,1,0
BRF:156
BRH:0
end_of_record
TN:
SF:src/entities/types.ts
FN:109,(anonymous_0)
FNF:1
FNH:1
FNDA:3,(anonymous_0)
DA:109,3
DA:110,3
DA:111,3
DA:112,3
DA:113,3
DA:114,3
DA:115,3
LF:7
LH:7
BRDA:109,0,0,3
BRDA:109,0,1,3
BRF:2
BRH:2
end_of_record
TN:
SF:src/skills/analyzer.ts
FN:11,analyzeBlockWithSkills
FN:26,enrichWithExistingEntities
FN:31,(anonymous_2)
FN:69,createNewEntitiesWithSkills
FNF:4
FNH:0
FNDA:0,analyzeBlockWithSkills
FNDA:0,enrichWithExistingEntities
FNDA:0,(anonymous_2)
FNDA:0,createNewEntitiesWithSkills
DA:11,0
DA:18,0
DA:21,0
DA:23,0
DA:31,0
DA:32,0
DA:34,0
DA:35,0
DA:37,0
DA:44,0
DA:45,0
DA:54,0
DA:57,0
DA:69,0
DA:74,0
DA:76,0
DA:77,0
DA:78,0
DA:79,0
DA:104,0
DA:109,0
LF:21
LH:0
BRDA:44,0,0,0
BRDA:44,0,1,0
BRDA:78,1,0,0
BRDA:78,1,1,0
BRF:4
BRH:0
end_of_record
TN:
SF:src/skills/index.ts
FN:20,createSkillExecutor
FN:22,(anonymous_1)
FN:34,(anonymous_2)
FN:37,(anonymous_3)
FN:40,(anonymous_4)
FNF:5
FNH:0
FNDA:0,createSkillExecutor
FNDA:0,(anonymous_1)
FNDA:0,(anonymous_2)
FNDA:0,(anonymous_3)
FNDA:0,(anonymous_4)
DA:10,0
DA:11,0
DA:20,0
DA:21,0
DA:23,0
DA:24,0
DA:35,0
DA:38,0
DA:41,0
LF:9
LH:0
BRDA:34,0,0,0
BRF:1
BRH:0
end_of_record
TN:
SF:src/skills/vault.ts
FN:20,searchVault
FN:40,searchEntities
FN:46,searchDiary
FN:66,createEntityWithSkill
FN:90,(anonymous_4)
FN:98,updateEntityWithSkill
FNF:6
FNH:0
FNDA:0,searchVault
FNDA:0,searchEntities
FNDA:0,searchDiary
FNDA:0,createEntityWithSkill
FNDA:0,(anonymous_4)
FNDA:0,updateEntityWithSkill
DA:8,0
DA:10,0
DA:12,0
DA:20,0
DA:24,0
DA:30,0
DA:33,0
DA:34,0
DA:37,0
DA:42,0
DA:43,0
DA:47,0
DA:48,0
DA:49,0
DA:51,0
DA:52,0
DA:53,0
DA:54,0
DA:55,0
DA:63,0
DA:66,0
DA:73,0
DA:74,0
DA:78,0
DA:90,0
DA:95,0
DA:98,0
DA:104,0
LF:28
LH:0
BRDA:20,0,0,0
BRDA:30,1,0,0
BRDA:30,1,1,0
BRDA:33,2,0,0
BRDA:33,2,1,0
BRDA:52,3,0,0
BRDA:52,3,1,0
BRDA:54,4,0,0
BRDA:54,4,1,0
BRDA:73,5,0,0
BRDA:73,5,1,0
BRDA:81,6,0,0
BRDA:81,6,1,0
BRDA:82,7,0,0
BRDA:82,7,1,0
BRDA:83,8,0,0
BRDA:83,8,1,0
BRDA:84,9,0,0
BRDA:84,9,1,0
BRDA:85,10,0,0
BRDA:85,10,1,0
BRDA:90,11,0,0
BRDA:90,11,1,0
BRDA:91,12,0,0
BRDA:91,12,1,0
BRDA:92,13,0,0
BRDA:92,13,1,0
BRF:27
BRH:0
end_of_record
TN:
SF:src/vault/vault.ts
FN:15,isTFile
FN:37,(anonymous_1)
FN:44,(anonymous_2)
FN:55,(anonymous_3)
FN:70,(anonymous_4)
FN:76,(anonymous_5)
FN:90,(anonymous_6)
FN:100,(anonymous_7)
FN:107,(anonymous_8)
FN:108,(anonymous_9)
FN:115,(anonymous_10)
FN:125,(anonymous_11)
FN:129,(anonymous_12)
FN:133,(anonymous_13)
FN:137,(anonymous_14)
FN:148,(anonymous_15)
FN:173,(anonymous_16)
FN:194,(anonymous_17)
FN:202,(anonymous_18)
FN:234,(anonymous_19)
FN:236,(anonymous_20)
FN:241,(anonymous_21)
FN:248,(anonymous_22)
FN:254,(anonymous_23)
FN:281,(anonymous_24)
FN:294,(anonymous_25)
FN:302,(anonymous_26)
FN:320,(anonymous_27)
FN:334,(anonymous_28)
FN:340,(anonymous_29)
FN:343,(anonymous_30)
FN:375,(anonymous_31)
FN:388,(anonymous_32)
FNF:33
FNH:16
FNDA:3,isTFile
FNDA:16,(anonymous_1)
FNDA:2,(anonymous_2)
FNDA:1,(anonymous_3)
FNDA:1,(anonymous_4)
FNDA:1,(anonymous_5)
FNDA:1,(anonymous_6)
FNDA:2,(anonymous_7)
FNDA:0,(anonymous_8)
FNDA:2,(anonymous_9)
FNDA:0,(anonymous_10)
FNDA:1,(anonymous_11)
FNDA:1,(anonymous_12)
FNDA:0,(anonymous_13)
FNDA:3,(anonymous_14)
FNDA:1,(anonymous_15)
FNDA:1,(anonymous_16)
FNDA:2,(anonymous_17)
FNDA:2,(anonymous_18)
FNDA:0,(anonymous_19)
FNDA:0,(anonymous_20)
FNDA:0,(anonymous_21)
FNDA:0,(anonymous_22)
FNDA:0,(anonymous_23)
FNDA:0,(anonymous_24)
FNDA:0,(anonymous_25)
FNDA:0,(anonymous_26)
FNDA:0,(anonymous_27)
FNDA:0,(anonymous_28)
FNDA:0,(anonymous_29)
FNDA:0,(anonymous_30)
FNDA:0,(anonymous_31)
FNDA:0,(anonymous_32)
DA:5,1
DA:6,1
DA:16,3
DA:28,1
DA:36,1
DA:38,16
DA:39,16
DA:40,16
DA:41,16
DA:45,2
DA:46,2
DA:48,2
DA:49,1
DA:52,1
DA:56,1
DA:57,1
DA:59,1
DA:60,0
DA:63,1
DA:64,1
DA:65,1
DA:67,1
DA:71,1
DA:72,1
DA:73,1
DA:77,1
DA:78,1
DA:79,1
DA:81,1
DA:82,1
DA:85,1
DA:87,1
DA:91,1
DA:92,1
DA:95,1
DA:97,1
DA:102,2
DA:107,0
DA:108,2
DA:115,0
DA:122,2
DA:126,1
DA:130,1
DA:134,0
DA:138,3
DA:139,1
DA:145,2
DA:149,1
DA:152,1
DA:153,1
DA:160,1
DA:163,1
DA:170,1
DA:174,1
DA:175,1
DA:176,1
DA:177,1
DA:179,1
DA:180,2
DA:181,2
DA:182,2
DA:183,1
DA:191,1
DA:195,2
DA:199,2
DA:203,2
DA:205,2
DA:206,2
DA:207,2
DA:223,1
DA:225,1
DA:229,2
DA:235,0
DA:236,0
DA:238,0
DA:239,0
DA:241,0
DA:242,0
DA:243,0
DA:244,0
DA:249,0
DA:250,0
DA:252,0
DA:254,0
DA:256,0
DA:257,0
DA:258,0
DA:260,0
DA:261,0
DA:262,0
DA:264,0
DA:265,0
DA:266,0
DA:270,0
DA:278,0
DA:282,0
DA:283,0
DA:285,0
DA:291,0
DA:295,0
DA:296,0
DA:298,0
DA:301,0
DA:302,0
DA:305,0
DA:306,0
DA:315,0
DA:317,0
DA:319,0
DA:320,0
DA:323,0
DA:324,0
DA:339,0
DA:340,0
DA:342,0
DA:343,0
DA:344,0
DA:345,0
DA:347,0
DA:348,0
DA:351,0
DA:352,0
DA:354,0
DA:355,0
DA:356,0
DA:357,0
DA:360,0
DA:361,0
DA:362,0
DA:363,0
DA:368,0
DA:379,0
DA:380,0
DA:382,0
DA:389,0
DA:399,0
DA:402,0
DA:403,0
DA:406,0
LF:139
LH:68
BRDA:16,0,0,3
BRDA:16,0,1,2
BRDA:16,0,2,2
BRDA:48,1,0,1
BRDA:48,1,1,1
BRDA:59,2,0,0
BRDA:59,2,1,1
BRDA:71,3,0,1
BRDA:71,3,1,0
BRDA:72,4,0,1
BRDA:72,4,1,0
BRDA:138,5,0,1
BRDA:138,5,1,2
BRDA:152,6,0,1
BRDA:152,6,1,0
BRDA:160,7,0,1
BRDA:160,7,1,0
BRDA:160,8,0,1
BRDA:160,8,1,0
BRDA:160,8,2,0
BRDA:180,9,0,2
BRDA:180,9,1,0
BRDA:182,10,0,1
BRDA:182,10,1,1
BRDA:195,11,0,1
BRDA:195,11,1,1
BRDA:244,12,0,0
BRDA:244,12,1,0
BRDA:252,13,0,0
BRDA:252,13,1,0
BRDA:260,14,0,0
BRDA:260,14,1,0
BRDA:260,15,0,0
BRDA:260,15,1,0
BRDA:265,16,0,0
BRDA:265,16,1,0
BRDA:283,17,0,0
BRDA:283,17,1,0
BRDA:294,18,0,0
BRDA:298,19,0,0
BRDA:298,19,1,0
BRDA:298,20,0,0
BRDA:298,20,1,0
BRDA:302,21,0,0
BRDA:302,21,1,0
BRDA:305,22,0,0
BRDA:305,22,1,0
BRDA:315,23,0,0
BRDA:315,23,1,0
BRDA:317,24,0,0
BRDA:317,24,1,0
BRDA:320,25,0,0
BRDA:320,25,1,0
BRDA:323,26,0,0
BRDA:323,26,1,0
BRDA:342,27,0,0
BRDA:342,27,1,0
BRDA:344,28,0,0
BRDA:344,28,1,0
BRDA:356,29,0,0
BRDA:356,29,1,0
BRDA:361,30,0,0
BRDA:361,30,1,0
BRDA:362,31,0,0
BRDA:362,31,1,0
BRDA:363,32,0,0
BRDA:363,32,1,0
BRDA:388,33,0,0
BRDA:403,34,0,0
BRDA:403,34,1,0
BRF:70
BRH:18
end_of_record
TN:
SF:src/views/ai-analysis-panel.ts
FN:25,(anonymous_0)
FN:30,(anonymous_1)
FN:34,(anonymous_2)
FN:38,(anonymous_3)
FN:146,(anonymous_4)
FN:151,(anonymous_5)
FN:159,(anonymous_6)
FN:170,(anonymous_7)
FN:180,(anonymous_8)
FN:189,(anonymous_9)
FN:201,(anonymous_10)
FN:218,(anonymous_11)
FN:235,(anonymous_12)
FN:249,(anonymous_13)
FN:262,(anonymous_14)
FN:282,(anonymous_15)
FN:290,(anonymous_16)
FN:304,(anonymous_17)
FN:322,(anonymous_18)
FN:399,(anonymous_19)
FN:488,(anonymous_20)
FN:538,(anonymous_21)
FN:572,(anonymous_22)
FN:591,(anonymous_23)
FN:609,(anonymous_24)
FN:678,(anonymous_25)
FN:683,(anonymous_26)
FN:692,(anonymous_27)
FN:710,(anonymous_28)
FN:764,(anonymous_29)
FNF:30
FNH:0
FNDA:0,(anonymous_0)
FNDA:0,(anonymous_1)
FNDA:0,(anonymous_2)
FNDA:0,(anonymous_3)
FNDA:0,(anonymous_4)
FNDA:0,(anonymous_5)
FNDA:0,(anonymous_6)
FNDA:0,(anonymous_7)
FNDA:0,(anonymous_8)
FNDA:0,(anonymous_9)
FNDA:0,(anonymous_10)
FNDA:0,(anonymous_11)
FNDA:0,(anonymous_12)
FNDA:0,(anonymous_13)
FNDA:0,(anonymous_14)
FNDA:0,(anonymous_15)
FNDA:0,(anonymous_16)
FNDA:0,(anonymous_17)
FNDA:0,(anonymous_18)
FNDA:0,(anonymous_19)
FNDA:0,(anonymous_20)
FNDA:0,(anonymous_21)
FNDA:0,(anonymous_22)
FNDA:0,(anonymous_23)
FNDA:0,(anonymous_24)
FNDA:0,(anonymous_25)
FNDA:0,(anonymous_26)
FNDA:0,(anonymous_27)
FNDA:0,(anonymous_28)
FNDA:0,(anonymous_29)
DA:8,0
DA:12,0
DA:14,0
DA:16,0
DA:17,0
DA:18,0
DA:19,0
DA:20,0
DA:21,0
DA:22,0
DA:23,0
DA:26,0
DA:27,0
DA:31,0
DA:35,0
DA:39,0
DA:40,0
DA:42,0
DA:48,0
DA:52,0
DA:55,0
DA:56,0
DA:59,0
DA:65,0
DA:71,0
DA:76,0
DA:81,0
DA:86,0
DA:92,0
DA:98,0
DA:104,0
DA:110,0
DA:115,0
DA:122,0
DA:123,0
DA:124,0
DA:128,0
DA:137,0
DA:143,0
DA:146,0
DA:147,0
DA:151,0
DA:152,0
DA:153,0
DA:154,0
DA:159,0
DA:160,0
DA:161,0
DA:162,0
DA:167,0
DA:171,0
DA:173,0
DA:174,0
DA:181,0
DA:182,0
DA:184,0
DA:185,0
DA:190,0
DA:191,0
DA:193,0
DA:194,0
DA:202,0
DA:205,0
DA:206,0
DA:209,0
DA:212,0
DA:219,0
DA:220,0
DA:223,0
DA:224,0
DA:227,0
DA:228,0
DA:236,0
DA:238,0
DA:241,0
DA:242,0
DA:250,0
DA:253,0
DA:254,0
DA:257,0
DA:258,0
DA:263,0
DA:266,0
DA:268,0
DA:280,0
DA:281,0
DA:282,0
DA:283,0
DA:284,0
DA:286,0
DA:290,0
DA:292,0
DA:298,0
DA:306,0
DA:308,0
DA:309,0
DA:311,0
DA:317,0
DA:323,0
DA:325,0
DA:326,0
DA:328,0
DA:329,0
DA:330,0
DA:333,0
DA:336,0
DA:337,0
DA:342,0
DA:345,0
DA:346,0
DA:347,0
DA:349,0
DA:350,0
DA:353,0
DA:356,0
DA:357,0
DA:358,0
DA:359,0
DA:363,0
DA:364,0
DA:368,0
DA:369,0
DA:373,0
DA:374,0
DA:378,0
DA:379,0
DA:382,0
DA:383,0
DA:384,0
DA:385,0
DA:388,0
DA:389,0
DA:392,0
DA:400,0
DA:401,0
DA:402,0
DA:403,0
DA:405,0
DA:407,0
DA:408,0
DA:410,0
DA:414,0
DA:416,0
DA:417,0
DA:418,0
DA:420,0
DA:422,0
DA:423,0
DA:424,0
DA:427,0
DA:428,0
DA:431,0
DA:433,0
DA:434,0
DA:435,0
DA:438,0
DA:440,0
DA:441,0
DA:442,0
DA:443,0
DA:445,0
DA:448,0
DA:450,0
DA:451,0
DA:454,0
DA:456,0
DA:478,0
DA:480,0
DA:493,0
DA:494,0
DA:496,0
DA:497,0
DA:498,0
DA:499,0
DA:500,0
DA:501,0
DA:504,0
DA:508,0
DA:510,0
DA:511,0
DA:512,0
DA:513,0
DA:514,0
DA:515,0
DA:521,0
DA:522,0
DA:523,0
DA:527,0
DA:528,0
DA:530,0
DA:543,0
DA:544,0
DA:546,0
DA:547,0
DA:549,0
DA:550,0
DA:551,0
DA:552,0
DA:556,0
DA:557,0
DA:558,0
DA:559,0
DA:563,0
DA:564,0
DA:571,0
DA:572,0
DA:575,0
DA:576,0
DA:580,0
DA:583,0
DA:592,0
DA:594,0
DA:603,0
DA:614,0
DA:616,0
DA:617,0
DA:630,0
DA:635,0
DA:640,0
DA:644,0
DA:661,0
DA:678,0
DA:679,0
DA:680,0
DA:683,0
DA:684,0
DA:693,0
DA:704,0
DA:711,0
DA:712,0
DA:714,0
DA:726,0
DA:727,0
DA:729,0
DA:730,0
DA:757,0
DA:759,0
DA:760,0
LF:238
LH:0
BRDA:152,0,0,0
BRDA:152,0,1,0
BRDA:152,1,0,0
BRDA:152,1,1,0
BRDA:161,2,0,0
BRDA:161,2,1,0
BRDA:171,3,0,0
BRDA:171,3,1,0
BRDA:171,4,0,0
BRDA:171,4,1,0
BRDA:176,5,0,0
BRDA:176,5,1,0
BRDA:176,6,0,0
BRDA:176,6,1,0
BRDA:176,7,0,0
BRDA:176,7,1,0
BRDA:181,8,0,0
BRDA:181,8,1,0
BRDA:184,9,0,0
BRDA:184,9,1,0
BRDA:190,10,0,0
BRDA:190,10,1,0
BRDA:193,11,0,0
BRDA:193,11,1,0
BRDA:223,12,0,0
BRDA:223,12,1,0
BRDA:227,13,0,0
BRDA:227,13,1,0
BRDA:236,14,0,0
BRDA:236,14,1,0
BRDA:250,15,0,0
BRDA:250,15,1,0
BRDA:257,16,0,0
BRDA:257,16,1,0
BRDA:263,17,0,0
BRDA:263,17,1,0
BRDA:272,18,0,0
BRDA:272,18,1,0
BRDA:280,19,0,0
BRDA:280,19,1,0
BRDA:309,20,0,0
BRDA:309,20,1,0
BRDA:323,21,0,0
BRDA:323,21,1,0
BRDA:323,22,0,0
BRDA:323,22,1,0
BRDA:323,22,2,0
BRDA:326,23,0,0
BRDA:326,23,1,0
BRDA:345,24,0,0
BRDA:345,24,1,0
BRDA:345,25,0,0
BRDA:345,25,1,0
BRDA:356,26,0,0
BRDA:356,26,1,0
BRDA:356,27,0,0
BRDA:356,27,1,0
BRDA:363,28,0,0
BRDA:363,28,1,0
BRDA:368,29,0,0
BRDA:368,29,1,0
BRDA:368,30,0,0
BRDA:368,30,1,0
BRDA:373,31,0,0
BRDA:373,31,1,0
BRDA:373,32,0,0
BRDA:373,32,1,0
BRDA:378,33,0,0
BRDA:378,33,1,0
BRDA:378,34,0,0
BRDA:378,34,1,0
BRDA:382,35,0,0
BRDA:382,35,1,0
BRDA:384,36,0,0
BRDA:384,36,1,0
BRDA:402,37,0,0
BRDA:402,37,1,0
BRDA:403,38,0,0
BRDA:403,38,1,0
BRDA:414,39,0,0
BRDA:414,39,1,0
BRDA:416,40,0,0
BRDA:416,40,1,0
BRDA:420,41,0,0
BRDA:420,41,1,0
BRDA:422,42,0,0
BRDA:422,42,1,0
BRDA:427,43,0,0
BRDA:427,43,1,0
BRDA:428,44,0,0
BRDA:428,44,1,0
BRDA:431,45,0,0
BRDA:431,45,1,0
BRDA:433,46,0,0
BRDA:433,46,1,0
BRDA:434,47,0,0
BRDA:434,47,1,0
BRDA:438,48,0,0
BRDA:438,48,1,0
BRDA:440,49,0,0
BRDA:440,49,1,0
BRDA:442,50,0,0
BRDA:442,50,1,0
BRDA:442,51,0,0
BRDA:442,51,1,0
BRDA:448,52,0,0
BRDA:448,52,1,0
BRDA:450,53,0,0
BRDA:450,53,1,0
BRDA:454,54,0,0
BRDA:454,54,1,0
BRDA:472,55,0,0
BRDA:472,55,1,0
BRDA:473,56,0,0
BRDA:473,56,1,0
BRDA:494,57,0,0
BRDA:494,57,1,0
BRDA:499,58,0,0
BRDA:499,58,1,0
BRDA:511,59,0,0
BRDA:511,59,1,0
BRDA:514,60,0,0
BRDA:514,60,1,0
BRDA:519,61,0,0
BRDA:519,61,1,0
BRDA:522,62,0,0
BRDA:522,62,1,0
BRDA:544,63,0,0
BRDA:544,63,1,0
BRDA:550,64,0,0
BRDA:550,64,1,0
BRDA:557,65,0,0
BRDA:557,65,1,0
BRDA:563,66,0,0
BRDA:563,66,1,0
BRDA:572,67,0,0
BRDA:572,67,1,0
BRDA:575,68,0,0
BRDA:575,68,1,0
BRDA:592,69,0,0
BRDA:592,69,1,0
BRDA:603,70,0,0
BRDA:603,70,1,0
BRDA:614,71,0,0
BRDA:614,71,1,0
BRDA:636,72,0,0
BRDA:636,72,1,0
BRDA:704,73,0,0
BRDA:704,73,1,0
BRDA:712,74,0,0
BRDA:712,74,1,0
BRDA:726,75,0,0
BRDA:726,75,1,0
BRDA:736,76,0,0
BRDA:736,76,1,0
BRDA:746,77,0,0
BRDA:746,77,1,0
BRDA:747,78,0,0
BRDA:747,78,1,0
BRF:159
BRH:0
end_of_record
TN:
SF:src/views/analysis-panel.ts
FN:39,toDisplayItem
FN:56,generateAnalysisSummary
FN:119,getSectionTitle
FN:136,getEntityEmoji
FNF:4
FNH:2
FNDA:18,toDisplayItem
FNDA:11,generateAnalysisSummary
FNDA:0,getSectionTitle
FNDA:0,getEntityEmoji
DA:40,18
DA:56,1
DA:57,11
DA:69,11
DA:70,13
DA:71,13
DA:72,13
DA:73,13
DA:74,13
DA:78,11
DA:79,2
DA:80,2
DA:81,2
DA:82,2
DA:83,2
DA:87,11
DA:88,1
DA:89,1
DA:90,1
DA:91,1
DA:92,1
DA:96,11
DA:97,1
DA:98,1
DA:99,1
DA:100,1
DA:101,1
DA:105,11
DA:106,1
DA:107,1
DA:108,1
DA:109,1
DA:110,1
DA:113,11
DA:119,1
DA:120,0
DA:130,0
DA:136,1
DA:137,0
DA:144,0
LF:40
LH:36
BRDA:48,0,0,4
BRDA:48,0,1,14
BRDA:73,1,0,4
BRDA:73,1,1,9
BRDA:74,2,0,10
BRDA:74,2,1,3
BRDA:82,3,0,0
BRDA:82,3,1,2
BRDA:83,4,0,2
BRDA:83,4,1,0
BRDA:91,5,0,0
BRDA:91,5,1,1
BRDA:92,6,0,1
BRDA:92,6,1,0
BRDA:100,7,0,0
BRDA:100,7,1,1
BRDA:101,8,0,1
BRDA:101,8,1,0
BRDA:109,9,0,0
BRDA:109,9,1,1
BRDA:110,10,0,1
BRDA:110,10,1,0
BRDA:130,11,0,0
BRDA:130,11,1,0
BRDA:144,12,0,0
BRDA:144,12,1,0
BRF:26
BRH:14
end_of_record
TN:
SF:src/views/block-editor.ts
FN:21,uuid
FN:22,(anonymous_1)
FN:49,(anonymous_2)
FN:55,(anonymous_3)
FN:59,(anonymous_4)
FN:63,(anonymous_5)
FN:110,(anonymous_6)
FN:331,(anonymous_7)
FN:351,(anonymous_8)
FN:358,(anonymous_9)
FN:372,(anonymous_10)
FN:398,(anonymous_11)
FN:416,(anonymous_12)
FN:473,(anonymous_13)
FN:491,(anonymous_14)
FN:521,(anonymous_15)
FN:555,(anonymous_16)
FN:563,(anonymous_17)
FN:571,(anonymous_18)
FN:584,(anonymous_19)
FN:585,(anonymous_20)
FN:606,(anonymous_21)
FN:612,(anonymous_22)
FN:624,(anonymous_23)
FN:630,(anonymous_24)
FN:634,(anonymous_25)
FN:653,(anonymous_26)
FN:709,(anonymous_27)
FN:747,(anonymous_28)
FN:783,(anonymous_29)
FN:807,(anonymous_30)
FN:811,(anonymous_31)
FNF:32
FNH:0
FNDA:0,uuid
FNDA:0,(anonymous_1)
FNDA:0,(anonymous_2)
FNDA:0,(anonymous_3)
FNDA:0,(anonymous_4)
FNDA:0,(anonymous_5)
FNDA:0,(anonymous_6)
FNDA:0,(anonymous_7)
FNDA:0,(anonymous_8)
FNDA:0,(anonymous_9)
FNDA:0,(anonymous_10)
FNDA:0,(anonymous_11)
FNDA:0,(anonymous_12)
FNDA:0,(anonymous_13)
FNDA:0,(anonymous_14)
FNDA:0,(anonymous_15)
FNDA:0,(anonymous_16)
FNDA:0,(anonymous_17)
FNDA:0,(anonymous_18)
FNDA:0,(anonymous_19)
FNDA:0,(anonymous_20)
FNDA:0,(anonymous_21)
FNDA:0,(anonymous_22)
FNDA:0,(anonymous_23)
FNDA:0,(anonymous_24)
FNDA:0,(anonymous_25)
FNDA:0,(anonymous_26)
FNDA:0,(anonymous_27)
FNDA:0,(anonymous_28)
FNDA:0,(anonymous_29)
FNDA:0,(anonymous_30)
FNDA:0,(anonymous_31)
DA:12,0
DA:16,0
DA:19,0
DA:22,0
DA:23,0
DA:24,0
DA:25,0
DA:38,0
DA:40,0
DA:41,0
DA:43,0
DA:44,0
DA:45,0
DA:46,0
DA:47,0
DA:50,0
DA:51,0
DA:52,0
DA:56,0
DA:60,0
DA:64,0
DA:65,0
DA:68,0
DA:73,0
DA:76,0
DA:81,0
DA:87,0
DA:93,0
DA:99,0
DA:104,0
DA:107,0
DA:111,0
DA:112,0
DA:328,0
DA:332,0
DA:336,0
DA:345,0
DA:351,0
DA:352,0
DA:353,0
DA:354,0
DA:358,0
DA:359,0
DA:360,0
DA:361,0
DA:365,0
DA:374,0
DA:375,0
DA:378,0
DA:379,0
DA:383,0
DA:384,0
DA:387,0
DA:389,0
DA:390,0
DA:393,0
DA:394,0
DA:395,0
DA:399,0
DA:401,0
DA:402,0
DA:417,0
DA:418,0
DA:420,0
DA:421,0
DA:422,0
DA:424,0
DA:426,0
DA:428,0
DA:430,0
DA:431,0
DA:432,0
DA:433,0
DA:437,0
DA:445,0
DA:446,0
DA:449,0
DA:451,0
DA:452,0
DA:453,0
DA:457,0
DA:458,0
DA:463,0
DA:464,0
DA:465,0
DA:466,0
DA:474,0
DA:476,0
DA:478,0
DA:479,0
DA:480,0
DA:483,0
DA:484,0
DA:492,0
DA:494,0
DA:496,0
DA:502,0
DA:506,0
DA:510,0
DA:516,0
DA:517,0
DA:521,0
DA:522,0
DA:523,0
DA:528,0
DA:529,0
DA:536,0
DA:537,0
DA:541,0
DA:542,0
DA:550,0
DA:551,0
DA:555,0
DA:556,0
DA:565,0
DA:567,0
DA:568,0
DA:571,0
DA:572,0
DA:573,0
DA:574,0
DA:575,0
DA:576,0
DA:585,0
DA:586,0
DA:589,0
DA:590,0
DA:592,0
DA:600,0
DA:606,0
DA:607,0
DA:608,0
DA:612,0
DA:613,0
DA:614,0
DA:615,0
DA:620,0
DA:621,0
DA:624,0
DA:631,0
DA:632,0
DA:634,0
DA:635,0
DA:638,0
DA:641,0
DA:644,0
DA:647,0
DA:655,0
DA:656,0
DA:658,0
DA:659,0
DA:662,0
DA:663,0
DA:666,0
DA:669,0
DA:670,0
DA:673,0
DA:674,0
DA:676,0
DA:677,0
DA:678,0
DA:679,0
DA:683,0
DA:686,0
DA:687,0
DA:688,0
DA:689,0
DA:690,0
DA:695,0
DA:696,0
DA:697,0
DA:700,0
DA:703,0
DA:710,0
DA:711,0
DA:713,0
DA:715,0
DA:716,0
DA:718,0
DA:728,0
DA:729,0
DA:730,0
DA:733,0
DA:736,0
DA:739,0
DA:741,0
DA:749,0
DA:750,0
DA:753,0
DA:754,0
DA:755,0
DA:756,0
DA:761,0
DA:762,0
DA:765,0
DA:767,0
DA:768,0
DA:769,0
DA:770,0
DA:774,0
DA:776,0
DA:777,0
DA:784,0
DA:787,0
DA:792,0
DA:793,0
DA:794,0
DA:796,0
DA:797,0
DA:801,0
DA:802,0
DA:803,0
DA:808,0
LF:213
LH:0
BRDA:24,0,0,0
BRDA:24,0,1,0
BRDA:359,1,0,0
BRDA:359,1,1,0
BRDA:359,2,0,0
BRDA:359,2,1,0
BRDA:378,3,0,0
BRDA:378,3,1,0
BRDA:378,4,0,0
BRDA:378,4,1,0
BRDA:383,5,0,0
BRDA:383,5,1,0
BRDA:383,6,0,0
BRDA:383,6,1,0
BRDA:387,7,0,0
BRDA:387,7,1,0
BRDA:387,8,0,0
BRDA:387,8,1,0
BRDA:399,9,0,0
BRDA:399,9,1,0
BRDA:428,10,0,0
BRDA:428,10,1,0
BRDA:430,11,0,0
BRDA:430,11,1,0
BRDA:449,12,0,0
BRDA:449,12,1,0
BRDA:449,13,0,0
BRDA:449,13,1,0
BRDA:452,14,0,0
BRDA:452,14,1,0
BRDA:457,15,0,0
BRDA:457,15,1,0
BRDA:457,16,0,0
BRDA:457,16,1,0
BRDA:457,16,2,0
BRDA:457,16,3,0
BRDA:463,17,0,0
BRDA:463,17,1,0
BRDA:474,18,0,0
BRDA:474,18,1,0
BRDA:478,19,0,0
BRDA:478,19,1,0
BRDA:492,20,0,0
BRDA:492,20,1,0
BRDA:497,21,0,0
BRDA:497,21,1,0
BRDA:516,22,0,0
BRDA:516,22,1,0
BRDA:528,23,0,0
BRDA:528,23,1,0
BRDA:536,24,0,0
BRDA:536,24,1,0
BRDA:550,25,0,0
BRDA:550,25,1,0
BRDA:550,26,0,0
BRDA:550,26,1,0
BRDA:550,26,2,0
BRDA:572,27,0,0
BRDA:572,27,1,0
BRDA:575,28,0,0
BRDA:575,28,1,0
BRDA:586,29,0,0
BRDA:586,29,1,0
BRDA:613,30,0,0
BRDA:613,30,1,0
BRDA:613,31,0,0
BRDA:613,31,1,0
BRDA:632,32,0,0
BRDA:632,32,1,0
BRDA:635,33,0,0
BRDA:635,33,1,0
BRDA:658,34,0,0
BRDA:658,34,1,0
BRDA:658,35,0,0
BRDA:658,35,1,0
BRDA:662,36,0,0
BRDA:662,36,1,0
BRDA:662,37,0,0
BRDA:662,37,1,0
BRDA:666,38,0,0
BRDA:666,38,1,0
BRDA:677,39,0,0
BRDA:677,39,1,0
BRDA:683,40,0,0
BRDA:683,40,1,0
BRDA:688,41,0,0
BRDA:688,41,1,0
BRDA:711,42,0,0
BRDA:711,42,1,0
BRDA:711,43,0,0
BRDA:711,43,1,0
BRDA:753,44,0,0
BRDA:753,44,1,0
BRDA:755,45,0,0
BRDA:755,45,1,0
BRDA:761,46,0,0
BRDA:761,46,1,0
BRDA:761,47,0,0
BRDA:761,47,1,0
BRDA:765,48,0,0
BRDA:765,48,1,0
BRDA:792,49,0,0
BRDA:792,49,1,0
BRDA:792,50,0,0
BRDA:792,50,1,0
BRDA:802,51,0,0
BRDA:802,51,1,0
BRDA:803,52,0,0
BRDA:803,52,1,0
BRF:109
BRH:0
end_of_record
TN:
SF:src/views/confirmation-dialog.ts
FN:27,generateConfirmId
FN:35,generateConfirmationItems
FN:86,createEntityFromConfirmation
FN:118,getEntityTypeLabel
FN:132,getEntityTypeEmoji
FNF:5
FNH:3
FNDA:8,generateConfirmId
FNDA:9,generateConfirmationItems
FNDA:3,createEntityFromConfirmation
FNDA:0,getEntityTypeLabel
FNDA:0,getEntityTypeEmoji
DA:28,8
DA:35,1
DA:36,9
DA:39,9
DA:40,1
DA:51,9
DA:53,9
DA:54,45
DA:56,45
DA:58,9
DA:59,8
DA:65,8
DA:66,8
DA:67,7
DA:80,9
DA:86,1
DA:87,3
DA:118,1
DA:119,0
DA:126,0
DA:132,1
DA:133,0
DA:140,0
LF:23
LH:19
BRDA:39,0,0,1
BRDA:39,0,1,8
BRDA:58,1,0,8
BRDA:58,1,1,1
BRDA:58,2,0,9
BRDA:58,2,1,8
BRDA:59,3,0,4
BRDA:59,3,1,4
BRDA:60,4,0,1
BRDA:60,4,1,3
BRDA:61,5,0,1
BRDA:61,5,1,2
BRDA:62,6,0,1
BRDA:62,6,1,1
BRDA:66,7,0,7
BRDA:66,7,1,1
BRF:16
BRH:16
end_of_record
