TN:
SF:src/main.ts
FN:14,(anonymous_0)
FN:18,(anonymous_1)
FN:23,(anonymous_2)
FN:36,(anonymous_3)
FN:40,(anonymous_4)
FN:48,(anonymous_5)
FN:59,(anonymous_6)
FN:64,(anonymous_7)
FN:83,(anonymous_8)
FN:85,(anonymous_9)
FN:94,(anonymous_10)
FN:98,(anonymous_11)
FN:102,(anonymous_12)
FNF:13
FNH:0
FNDA:0,(anonymous_0)
FNDA:0,(anonymous_1)
FNDA:0,(anonymous_2)
FNDA:0,(anonymous_3)
FNDA:0,(anonymous_4)
FNDA:0,(anonymous_5)
FNDA:0,(anonymous_6)
FNDA:0,(anonymous_7)
FNDA:0,(anonymous_8)
FNDA:0,(anonymous_9)
FNDA:0,(anonymous_10)
FNDA:0,(anonymous_11)
FNDA:0,(anonymous_12)
DA:1,0
DA:4,0
DA:5,0
DA:6,0
DA:7,0
DA:9,0
DA:15,0
DA:19,0
DA:22,0
DA:23,0
DA:24,0
DA:28,0
DA:31,0
DA:34,0
DA:36,0
DA:40,0
DA:41,0
DA:45,0
DA:49,0
DA:54,0
DA:56,0
DA:60,0
DA:61,0
DA:65,0
DA:68,0
DA:69,0
DA:70,0
DA:71,0
DA:75,0
DA:76,0
DA:80,0
DA:85,0
DA:86,0
DA:88,0
DA:95,0
DA:99,0
DA:103,0
LF:37
LH:0
BRDA:69,0,0,0
BRDA:69,0,1,0
BRDA:86,1,0,0
BRDA:86,1,1,0
BRDA:86,2,0,0
BRDA:86,2,1,0
BRF:6
BRH:0
end_of_record
TN:
SF:src/ai/analyzer.ts
FN:14,(anonymous_0)
FN:22,(anonymous_1)
FN:35,(anonymous_2)
FN:36,(anonymous_3)
FN:77,(anonymous_4)
FN:97,(anonymous_5)
FN:111,(anonymous_6)
FNF:7
FNH:0
FNDA:0,(anonymous_0)
FNDA:0,(anonymous_1)
FNDA:0,(anonymous_2)
FNDA:0,(anonymous_3)
FNDA:0,(anonymous_4)
FNDA:0,(anonymous_5)
FNDA:0,(anonymous_6)
DA:10,0
DA:15,0
DA:16,0
DA:24,0
DA:27,0
DA:29,0
DA:36,0
DA:37,0
DA:39,0
DA:40,0
DA:42,0
DA:49,0
DA:50,0
DA:59,0
DA:62,0
DA:78,0
DA:81,0
DA:82,0
DA:83,0
DA:84,0
DA:90,0
DA:91,0
DA:94,0
DA:98,0
DA:105,0
DA:112,0
DA:114,0
DA:115,0
DA:116,0
DA:117,0
DA:142,0
DA:147,0
LF:32
LH:0
BRDA:49,0,0,0
BRDA:49,0,1,0
BRDA:83,1,0,0
BRDA:83,1,1,0
BRDA:83,2,0,0
BRDA:83,2,1,0
BRDA:90,3,0,0
BRDA:90,3,1,0
BRDA:105,4,0,0
BRDA:105,4,1,0
BRDA:116,5,0,0
BRDA:116,5,1,0
BRF:12
BRH:0
end_of_record
TN:
SF:src/ai/dashscope.ts
FN:62,(anonymous_0)
FN:74,(anonymous_1)
FN:83,(anonymous_2)
FN:92,(anonymous_3)
FN:108,(anonymous_4)
FN:143,(anonymous_5)
FN:199,(anonymous_6)
FN:207,(anonymous_7)
FN:215,(anonymous_8)
FN:223,(anonymous_9)
FN:231,(anonymous_10)
FN:259,(anonymous_11)
FN:260,(anonymous_12)
FNF:13
FNH:8
FNDA:17,(anonymous_0)
FNDA:10,(anonymous_1)
FNDA:13,(anonymous_2)
FNDA:0,(anonymous_3)
FNDA:0,(anonymous_4)
FNDA:4,(anonymous_5)
FNDA:3,(anonymous_6)
FNDA:2,(anonymous_7)
FNDA:0,(anonymous_8)
FNDA:0,(anonymous_9)
FNDA:0,(anonymous_10)
FNDA:4,(anonymous_11)
FNDA:124,(anonymous_12)
DA:50,1
DA:51,1
DA:52,1
DA:54,1
DA:63,17
DA:64,17
DA:65,17
DA:66,17
DA:67,17
DA:68,17
DA:75,10
DA:76,1
DA:79,9
DA:81,9
DA:83,13
DA:91,9
DA:92,9
DA:94,9
DA:95,9
DA:105,8
DA:107,8
DA:108,1
DA:109,1
DA:112,7
DA:114,7
DA:115,0
DA:118,7
DA:127,2
DA:129,2
DA:130,2
DA:131,0
DA:133,2
DA:136,0
DA:144,4
DA:145,4
DA:147,4
DA:172,4
DA:178,4
DA:191,4
DA:193,4
DA:194,4
DA:195,4
DA:196,4
DA:199,3
DA:207,2
DA:215,0
DA:223,0
DA:231,0
DA:245,0
DA:249,4
DA:260,4
DA:261,124
DA:262,124
DA:263,124
LF:54
LH:47
BRDA:64,0,0,17
BRDA:64,0,1,15
BRDA:65,1,0,17
BRDA:65,1,1,16
BRDA:66,2,0,17
BRDA:66,2,1,16
BRDA:67,3,0,17
BRDA:67,3,1,16
BRDA:68,4,0,17
BRDA:68,4,1,16
BRDA:75,5,0,1
BRDA:75,5,1,9
BRDA:107,6,0,1
BRDA:107,6,1,7
BRDA:109,7,0,1
BRDA:109,7,1,0
BRDA:114,8,0,0
BRDA:114,8,1,7
BRDA:119,9,0,7
BRDA:119,9,1,1
BRDA:121,10,0,7
BRDA:121,10,1,1
BRDA:122,11,0,7
BRDA:122,11,1,1
BRDA:123,12,0,7
BRDA:123,12,1,1
BRDA:129,13,0,2
BRDA:129,13,1,0
BRDA:130,14,0,0
BRDA:130,14,1,2
BRDA:194,15,0,4
BRDA:194,15,1,0
BRDA:197,16,0,4
BRDA:197,16,1,0
BRDA:199,17,0,4
BRDA:199,17,1,0
BRDA:202,18,0,3
BRDA:202,18,1,0
BRDA:203,19,0,3
BRDA:203,19,1,0
BRDA:207,20,0,4
BRDA:207,20,1,0
BRDA:210,21,0,2
BRDA:210,21,1,0
BRDA:211,22,0,2
BRDA:211,22,1,0
BRDA:215,23,0,4
BRDA:215,23,1,0
BRDA:218,24,0,0
BRDA:218,24,1,0
BRDA:219,25,0,0
BRDA:219,25,1,0
BRDA:223,26,0,4
BRDA:223,26,1,0
BRDA:226,27,0,0
BRDA:226,27,1,0
BRDA:227,28,0,0
BRDA:227,28,1,0
BRDA:231,29,0,4
BRDA:231,29,1,0
BRDA:234,30,0,0
BRDA:234,30,1,0
BRDA:235,31,0,0
BRDA:235,31,1,0
BRDA:240,32,0,4
BRDA:240,32,1,0
BRDA:241,33,0,4
BRDA:241,33,1,0
BRDA:262,34,0,120
BRDA:262,34,1,4
BRF:70
BRH:41
end_of_record
TN:
SF:src/ai/openclaw.ts
FN:34,uuid
FN:35,(anonymous_1)
FN:50,(anonymous_2)
FN:57,(anonymous_3)
FN:58,(anonymous_4)
FN:62,(anonymous_5)
FN:66,(anonymous_6)
FN:73,(anonymous_7)
FN:77,(anonymous_8)
FN:83,(anonymous_9)
FN:93,(anonymous_10)
FN:100,(anonymous_11)
FN:105,(anonymous_12)
FN:112,(anonymous_13)
FN:142,(anonymous_14)
FN:151,(anonymous_15)
FN:158,(anonymous_16)
FN:166,(anonymous_17)
FN:186,(anonymous_18)
FN:187,(anonymous_19)
FN:204,(anonymous_20)
FN:213,(anonymous_21)
FN:224,(anonymous_22)
FN:229,(anonymous_23)
FN:239,(anonymous_24)
FN:244,(anonymous_25)
FN:264,(anonymous_26)
FN:274,(anonymous_27)
FN:285,(anonymous_28)
FN:306,(anonymous_29)
FN:317,(anonymous_30)
FN:324,(anonymous_31)
FN:331,(anonymous_32)
FN:338,(anonymous_33)
FN:345,(anonymous_34)
FN:372,(anonymous_35)
FNF:36
FNH:0
FNDA:0,uuid
FNDA:0,(anonymous_1)
FNDA:0,(anonymous_2)
FNDA:0,(anonymous_3)
FNDA:0,(anonymous_4)
FNDA:0,(anonymous_5)
FNDA:0,(anonymous_6)
FNDA:0,(anonymous_7)
FNDA:0,(anonymous_8)
FNDA:0,(anonymous_9)
FNDA:0,(anonymous_10)
FNDA:0,(anonymous_11)
FNDA:0,(anonymous_12)
FNDA:0,(anonymous_13)
FNDA:0,(anonymous_14)
FNDA:0,(anonymous_15)
FNDA:0,(anonymous_16)
FNDA:0,(anonymous_17)
FNDA:0,(anonymous_18)
FNDA:0,(anonymous_19)
FNDA:0,(anonymous_20)
FNDA:0,(anonymous_21)
FNDA:0,(anonymous_22)
FNDA:0,(anonymous_23)
FNDA:0,(anonymous_24)
FNDA:0,(anonymous_25)
FNDA:0,(anonymous_26)
FNDA:0,(anonymous_27)
FNDA:0,(anonymous_28)
FNDA:0,(anonymous_29)
FNDA:0,(anonymous_30)
FNDA:0,(anonymous_31)
FNDA:0,(anonymous_32)
FNDA:0,(anonymous_33)
FNDA:0,(anonymous_34)
FNDA:0,(anonymous_35)
DA:35,0
DA:36,0
DA:37,0
DA:38,0
DA:42,0
DA:43,0
DA:45,0
DA:46,0
DA:47,0
DA:48,0
DA:51,0
DA:58,0
DA:59,0
DA:60,0
DA:62,0
DA:63,0
DA:66,0
DA:67,0
DA:68,0
DA:69,0
DA:70,0
DA:73,0
DA:74,0
DA:77,0
DA:78,0
DA:79,0
DA:80,0
DA:83,0
DA:84,0
DA:85,0
DA:88,0
DA:94,0
DA:95,0
DA:96,0
DA:105,0
DA:106,0
DA:107,0
DA:108,0
DA:112,0
DA:113,0
DA:114,0
DA:116,0
DA:120,0
DA:142,0
DA:143,0
DA:144,0
DA:145,0
DA:146,0
DA:149,0
DA:151,0
DA:154,0
DA:159,0
DA:160,0
DA:162,0
DA:168,0
DA:169,0
DA:170,0
DA:171,0
DA:172,0
DA:173,0
DA:175,0
DA:181,0
DA:182,0
DA:187,0
DA:188,0
DA:189,0
DA:190,0
DA:193,0
DA:194,0
DA:196,0
DA:204,0
DA:205,0
DA:206,0
DA:207,0
DA:214,0
DA:216,0
DA:217,0
DA:218,0
DA:219,0
DA:221,0
DA:225,0
DA:226,0
DA:229,0
DA:230,0
DA:231,0
DA:232,0
DA:235,0
DA:238,0
DA:239,0
DA:240,0
DA:241,0
DA:242,0
DA:244,0
DA:245,0
DA:247,0
DA:250,0
DA:252,0
DA:264,0
DA:265,0
DA:266,0
DA:267,0
DA:268,0
DA:276,0
DA:279,0
DA:282,0
DA:286,0
DA:307,0
DA:309,0
DA:310,0
DA:311,0
DA:312,0
DA:317,0
DA:324,0
DA:331,0
DA:338,0
DA:345,0
DA:358,0
DA:362,0
DA:373,0
LF:119
LH:0
BRDA:37,0,0,0
BRDA:37,0,1,0
BRDA:50,1,0,0
BRDA:52,2,0,0
BRDA:52,2,1,0
BRDA:53,3,0,0
BRDA:53,3,1,0
BRDA:94,4,0,0
BRDA:94,4,1,0
BRDA:106,5,0,0
BRDA:106,5,1,0
BRDA:114,6,0,0
BRDA:114,6,1,0
BRDA:144,7,0,0
BRDA:144,7,1,0
BRDA:144,8,0,0
BRDA:144,8,1,0
BRDA:159,9,0,0
BRDA:159,9,1,0
BRDA:159,10,0,0
BRDA:159,10,1,0
BRDA:168,11,0,0
BRDA:168,11,1,0
BRDA:168,12,0,0
BRDA:168,12,1,0
BRDA:170,13,0,0
BRDA:170,13,1,0
BRDA:172,14,0,0
BRDA:172,14,1,0
BRDA:175,15,0,0
BRDA:175,15,1,0
BRDA:181,16,0,0
BRDA:181,16,1,0
BRDA:181,17,0,0
BRDA:181,17,1,0
BRDA:181,17,2,0
BRDA:188,18,0,0
BRDA:188,18,1,0
BRDA:188,19,0,0
BRDA:188,19,1,0
BRDA:205,20,0,0
BRDA:205,20,1,0
BRDA:213,21,0,0
BRDA:214,22,0,0
BRDA:214,22,1,0
BRDA:217,23,0,0
BRDA:217,23,1,0
BRDA:225,24,0,0
BRDA:225,24,1,0
BRDA:230,25,0,0
BRDA:230,25,1,0
BRDA:230,26,0,0
BRDA:230,26,1,0
BRDA:241,27,0,0
BRDA:241,27,1,0
BRDA:241,28,0,0
BRDA:241,28,1,0
BRDA:244,29,0,0
BRDA:244,29,1,0
BRDA:245,30,0,0
BRDA:245,30,1,0
BRDA:266,31,0,0
BRDA:266,31,1,0
BRDA:310,32,0,0
BRDA:310,32,1,0
BRDA:315,33,0,0
BRDA:315,33,1,0
BRDA:317,34,0,0
BRDA:317,34,1,0
BRDA:320,35,0,0
BRDA:320,35,1,0
BRDA:321,36,0,0
BRDA:321,36,1,0
BRDA:322,37,0,0
BRDA:322,37,1,0
BRDA:324,38,0,0
BRDA:324,38,1,0
BRDA:327,39,0,0
BRDA:327,39,1,0
BRDA:328,40,0,0
BRDA:328,40,1,0
BRDA:329,41,0,0
BRDA:329,41,1,0
BRDA:331,42,0,0
BRDA:331,42,1,0
BRDA:334,43,0,0
BRDA:334,43,1,0
BRDA:335,44,0,0
BRDA:335,44,1,0
BRDA:338,45,0,0
BRDA:338,45,1,0
BRDA:341,46,0,0
BRDA:341,46,1,0
BRDA:342,47,0,0
BRDA:342,47,1,0
BRDA:345,48,0,0
BRDA:345,48,1,0
BRDA:348,49,0,0
BRDA:348,49,1,0
BRDA:349,50,0,0
BRDA:349,50,1,0
BRDA:353,51,0,0
BRDA:353,51,1,0
BRDA:354,52,0,0
BRDA:354,52,1,0
BRF:105
BRH:0
end_of_record
TN:
SF:src/entities/manager.ts
FN:24,(anonymous_0)
FN:32,(anonymous_1)
FN:55,(anonymous_2)
FN:66,(anonymous_3)
FN:112,(anonymous_4)
FN:134,(anonymous_5)
FN:148,(anonymous_6)
FN:164,(anonymous_7)
FN:175,(anonymous_8)
FN:182,(anonymous_9)
FN:193,(anonymous_10)
FN:200,(anonymous_11)
FN:233,(anonymous_12)
FN:258,(anonymous_13)
FN:272,(anonymous_14)
FN:286,(anonymous_15)
FN:303,(anonymous_16)
FN:304,(anonymous_17)
FN:341,(anonymous_18)
FN:351,(anonymous_19)
FN:358,(anonymous_20)
FN:380,(anonymous_21)
FN:393,(anonymous_22)
FNF:23
FNH:0
FNDA:0,(anonymous_0)
FNDA:0,(anonymous_1)
FNDA:0,(anonymous_2)
FNDA:0,(anonymous_3)
FNDA:0,(anonymous_4)
FNDA:0,(anonymous_5)
FNDA:0,(anonymous_6)
FNDA:0,(anonymous_7)
FNDA:0,(anonymous_8)
FNDA:0,(anonymous_9)
FNDA:0,(anonymous_10)
FNDA:0,(anonymous_11)
FNDA:0,(anonymous_12)
FNDA:0,(anonymous_13)
FNDA:0,(anonymous_14)
FNDA:0,(anonymous_15)
FNDA:0,(anonymous_16)
FNDA:0,(anonymous_17)
FNDA:0,(anonymous_18)
FNDA:0,(anonymous_19)
FNDA:0,(anonymous_20)
FNDA:0,(anonymous_21)
FNDA:0,(anonymous_22)
DA:6,0
DA:9,0
DA:17,0
DA:19,0
DA:21,0
DA:22,0
DA:25,0
DA:26,0
DA:33,0
DA:34,0
DA:36,0
DA:37,0
DA:41,0
DA:42,0
DA:43,0
DA:44,0
DA:48,0
DA:49,0
DA:56,0
DA:57,0
DA:58,0
DA:67,0
DA:68,0
DA:69,0
DA:72,0
DA:73,0
DA:75,0
DA:76,0
DA:80,0
DA:82,0
DA:101,0
DA:102,0
DA:104,0
DA:105,0
DA:113,0
DA:115,0
DA:128,0
DA:136,0
DA:137,0
DA:138,0
DA:139,0
DA:140,0
DA:142,0
DA:149,0
DA:150,0
DA:152,0
DA:153,0
DA:154,0
DA:158,0
DA:159,0
DA:160,0
DA:164,0
DA:165,0
DA:169,0
DA:176,0
DA:178,0
DA:179,0
DA:180,0
DA:182,0
DA:183,0
DA:187,0
DA:194,0
DA:201,0
DA:203,0
DA:205,0
DA:208,0
DA:209,0
DA:212,0
DA:214,0
DA:221,0
DA:222,0
DA:225,0
DA:227,0
DA:234,0
DA:235,0
DA:236,0
DA:239,0
DA:246,0
DA:247,0
DA:250,0
DA:252,0
DA:259,0
DA:260,0
DA:262,0
DA:263,0
DA:273,0
DA:274,0
DA:276,0
DA:287,0
DA:290,0
DA:291,0
DA:292,0
DA:293,0
DA:294,0
DA:295,0
DA:296,0
DA:299,0
DA:300,0
DA:303,0
DA:304,0
DA:307,0
DA:308,0
DA:312,0
DA:313,0
DA:314,0
DA:315,0
DA:316,0
DA:317,0
DA:322,0
DA:323,0
DA:324,0
DA:325,0
DA:326,0
DA:327,0
DA:328,0
DA:329,0
DA:335,0
DA:336,0
DA:337,0
DA:338,0
DA:339,0
DA:340,0
DA:341,0
DA:343,0
DA:348,0
DA:352,0
DA:359,0
DA:361,0
DA:362,0
DA:365,0
DA:366,0
DA:367,0
DA:368,0
DA:374,0
DA:381,0
DA:382,0
DA:383,0
DA:384,0
DA:387,0
DA:394,0
DA:395,0
DA:396,0
DA:397,0
DA:400,0
LF:144
LH:0
BRDA:36,0,0,0
BRDA:36,0,1,0
BRDA:36,1,0,0
BRDA:36,1,1,0
BRDA:43,2,0,0
BRDA:43,2,1,0
BRDA:57,3,0,0
BRDA:57,3,1,0
BRDA:57,4,0,0
BRDA:57,4,1,0
BRDA:72,5,0,0
BRDA:72,5,1,0
BRDA:73,6,0,0
BRDA:73,6,1,0
BRDA:75,7,0,0
BRDA:75,7,1,0
BRDA:85,8,0,0
BRDA:85,8,1,0
BRDA:86,9,0,0
BRDA:86,9,1,0
BRDA:86,9,2,0
BRDA:87,10,0,0
BRDA:87,10,1,0
BRDA:88,11,0,0
BRDA:88,11,1,0
BRDA:89,12,0,0
BRDA:89,12,1,0
BRDA:90,13,0,0
BRDA:90,13,1,0
BRDA:91,14,0,0
BRDA:91,14,1,0
BRDA:92,15,0,0
BRDA:92,15,1,0
BRDA:93,16,0,0
BRDA:93,16,1,0
BRDA:94,17,0,0
BRDA:94,17,1,0
BRDA:95,18,0,0
BRDA:95,18,1,0
BRDA:96,19,0,0
BRDA:96,19,1,0
BRDA:97,20,0,0
BRDA:97,20,1,0
BRDA:113,21,0,0
BRDA:113,21,1,0
BRDA:128,22,0,0
BRDA:128,22,1,0
BRDA:153,23,0,0
BRDA:153,23,1,0
BRDA:153,24,0,0
BRDA:153,24,1,0
BRDA:158,25,0,0
BRDA:158,25,1,0
BRDA:164,26,0,0
BRDA:164,26,1,0
BRDA:179,27,0,0
BRDA:179,27,1,0
BRDA:182,28,0,0
BRDA:182,28,1,0
BRDA:194,29,0,0
BRDA:194,29,1,0
BRDA:203,30,0,0
BRDA:203,30,1,0
BRDA:235,31,0,0
BRDA:235,31,1,0
BRDA:260,32,0,0
BRDA:260,32,1,0
BRDA:296,33,0,0
BRDA:296,33,1,0
BRDA:307,34,0,0
BRDA:307,34,1,0
BRDA:312,35,0,0
BRDA:312,35,1,0
BRDA:315,36,0,0
BRDA:315,36,1,0
BRDA:322,37,0,0
BRDA:322,37,1,0
BRDA:328,38,0,0
BRDA:328,38,1,0
BRDA:335,39,0,0
BRDA:335,39,1,0
BRDA:338,40,0,0
BRDA:338,40,1,0
BRDA:340,41,0,0
BRDA:340,41,1,0
BRDA:340,42,0,0
BRDA:340,42,1,0
BRDA:365,43,0,0
BRDA:365,43,1,0
BRDA:383,44,0,0
BRDA:383,44,1,0
BRDA:396,45,0,0
BRDA:396,45,1,0
BRF:93
BRH:0
end_of_record
TN:
SF:src/vault/vault.ts
FN:14,isTFile
FN:19,(anonymous_1)
FN:21,(anonymous_2)
FN:32,(anonymous_3)
FN:47,(anonymous_4)
FN:53,(anonymous_5)
FN:64,(anonymous_6)
FN:71,(anonymous_7)
FN:72,(anonymous_8)
FN:79,(anonymous_9)
FN:89,(anonymous_10)
FN:99,(anonymous_11)
FN:116,(anonymous_12)
FN:143,(anonymous_13)
FN:150,(anonymous_14)
FNF:15
FNH:13
FNDA:3,isTFile
FNDA:5,(anonymous_1)
FNDA:2,(anonymous_2)
FNDA:1,(anonymous_3)
FNDA:1,(anonymous_4)
FNDA:1,(anonymous_5)
FNDA:1,(anonymous_6)
FNDA:0,(anonymous_7)
FNDA:1,(anonymous_8)
FNDA:0,(anonymous_9)
FNDA:1,(anonymous_10)
FNDA:2,(anonymous_11)
FNDA:1,(anonymous_12)
FNDA:1,(anonymous_13)
FNDA:1,(anonymous_14)
DA:4,1
DA:5,1
DA:15,3
DA:18,1
DA:19,5
DA:22,2
DA:23,2
DA:25,2
DA:26,1
DA:29,1
DA:33,1
DA:34,1
DA:36,1
DA:37,0
DA:40,1
DA:41,1
DA:42,1
DA:44,1
DA:48,1
DA:49,1
DA:50,1
DA:54,1
DA:55,1
DA:56,1
DA:58,1
DA:59,1
DA:61,1
DA:66,1
DA:71,0
DA:72,1
DA:79,0
DA:86,1
DA:90,1
DA:91,1
DA:94,1
DA:96,1
DA:98,2
DA:99,2
DA:102,2
DA:104,2
DA:105,2
DA:106,1
DA:107,1
DA:108,1
DA:113,1
DA:118,1
DA:119,1
DA:122,1
DA:123,1
DA:125,1
DA:126,13
DA:127,13
DA:128,13
DA:129,13
DA:130,13
DA:134,1
DA:136,1
DA:143,1
DA:150,1
LF:59
LH:56
BRDA:15,0,0,3
BRDA:15,0,1,2
BRDA:15,0,2,2
BRDA:25,1,0,1
BRDA:25,1,1,1
BRDA:36,2,0,0
BRDA:36,2,1,1
BRDA:48,3,0,1
BRDA:48,3,1,0
BRDA:49,4,0,1
BRDA:49,4,1,0
BRDA:102,5,0,0
BRDA:102,5,1,2
BRDA:105,6,0,1
BRDA:105,6,1,1
BRDA:107,7,0,1
BRDA:107,7,1,0
BRDA:119,8,0,0
BRDA:119,8,1,1
BRDA:127,9,0,0
BRDA:127,9,1,13
BRDA:139,10,0,1
BRDA:139,10,1,0
BRDA:140,11,0,1
BRDA:140,11,1,0
BRDA:140,11,2,0
BRDA:141,12,0,1
BRDA:141,12,1,0
BRDA:141,12,2,0
BRDA:141,12,3,0
BRDA:143,13,0,1
BRDA:143,13,1,0
BRDA:144,14,0,1
BRDA:144,14,1,0
BRDA:145,15,0,1
BRDA:145,15,1,0
BRDA:146,16,0,1
BRDA:146,16,1,0
BRDA:147,17,0,1
BRDA:147,17,1,0
BRDA:148,18,0,1
BRDA:148,18,1,0
BRDA:149,19,0,1
BRDA:149,19,1,0
BRDA:150,20,0,1
BRDA:150,20,1,0
BRF:46
BRH:25
end_of_record
TN:
SF:src/views/block-editor.ts
FN:12,uuid
FN:13,(anonymous_1)
FN:28,(anonymous_2)
FN:34,(anonymous_3)
FN:38,(anonymous_4)
FN:42,(anonymous_5)
FN:68,(anonymous_6)
FN:87,(anonymous_7)
FN:132,(anonymous_8)
FN:139,(anonymous_9)
FN:151,(anonymous_10)
FN:165,(anonymous_11)
FN:174,(anonymous_12)
FN:229,(anonymous_13)
FN:240,(anonymous_14)
FN:294,(anonymous_15)
FN:306,(anonymous_16)
FN:314,(anonymous_17)
FN:319,(anonymous_18)
FN:342,(anonymous_19)
FN:365,(anonymous_20)
FN:380,(anonymous_21)
FN:408,(anonymous_22)
FN:415,(anonymous_23)
FN:465,(anonymous_24)
FN:470,(anonymous_25)
FN:474,(anonymous_26)
FNF:27
FNH:0
FNDA:0,uuid
FNDA:0,(anonymous_1)
FNDA:0,(anonymous_2)
FNDA:0,(anonymous_3)
FNDA:0,(anonymous_4)
FNDA:0,(anonymous_5)
FNDA:0,(anonymous_6)
FNDA:0,(anonymous_7)
FNDA:0,(anonymous_8)
FNDA:0,(anonymous_9)
FNDA:0,(anonymous_10)
FNDA:0,(anonymous_11)
FNDA:0,(anonymous_12)
FNDA:0,(anonymous_13)
FNDA:0,(anonymous_14)
FNDA:0,(anonymous_15)
FNDA:0,(anonymous_16)
FNDA:0,(anonymous_17)
FNDA:0,(anonymous_18)
FNDA:0,(anonymous_19)
FNDA:0,(anonymous_20)
FNDA:0,(anonymous_21)
FNDA:0,(anonymous_22)
FNDA:0,(anonymous_23)
FNDA:0,(anonymous_24)
FNDA:0,(anonymous_25)
FNDA:0,(anonymous_26)
DA:6,0
DA:10,0
DA:13,0
DA:14,0
DA:15,0
DA:16,0
DA:20,0
DA:22,0
DA:23,0
DA:25,0
DA:26,0
DA:29,0
DA:30,0
DA:31,0
DA:35,0
DA:39,0
DA:43,0
DA:44,0
DA:47,0
DA:53,0
DA:59,0
DA:65,0
DA:69,0
DA:75,0
DA:81,0
DA:89,0
DA:94,0
DA:100,0
DA:108,0
DA:116,0
DA:126,0
DA:132,0
DA:133,0
DA:134,0
DA:135,0
DA:139,0
DA:140,0
DA:141,0
DA:142,0
DA:147,0
DA:148,0
DA:152,0
DA:154,0
DA:156,0
DA:157,0
DA:160,0
DA:161,0
DA:162,0
DA:166,0
DA:171,0
DA:178,0
DA:179,0
DA:180,0
DA:182,0
DA:184,0
DA:186,0
DA:188,0
DA:189,0
DA:201,0
DA:206,0
DA:207,0
DA:209,0
DA:210,0
DA:211,0
DA:216,0
DA:217,0
DA:230,0
DA:231,0
DA:233,0
DA:235,0
DA:236,0
DA:241,0
DA:244,0
DA:260,0
DA:264,0
DA:269,0
DA:274,0
DA:288,0
DA:294,0
DA:295,0
DA:299,0
DA:300,0
DA:305,0
DA:306,0
DA:307,0
DA:308,0
DA:315,0
DA:316,0
DA:320,0
DA:321,0
DA:323,0
DA:326,0
DA:327,0
DA:329,0
DA:340,0
DA:342,0
DA:343,0
DA:344,0
DA:347,0
DA:350,0
DA:351,0
DA:354,0
DA:357,0
DA:360,0
DA:362,0
DA:366,0
DA:367,0
DA:369,0
DA:371,0
DA:372,0
DA:373,0
DA:375,0
DA:377,0
DA:381,0
DA:382,0
DA:383,0
DA:386,0
DA:389,0
DA:390,0
DA:394,0
DA:397,0
DA:400,0
DA:401,0
DA:404,0
DA:409,0
DA:410,0
DA:412,0
DA:415,0
DA:416,0
DA:418,0
DA:422,0
DA:427,0
DA:428,0
DA:443,0
DA:444,0
DA:453,0
DA:458,0
DA:459,0
DA:460,0
DA:461,0
DA:462,0
DA:467,0
DA:471,0
LF:143
LH:0
BRDA:15,0,0,0
BRDA:15,0,1,0
BRDA:140,1,0,0
BRDA:140,1,1,0
BRDA:140,2,0,0
BRDA:140,2,1,0
BRDA:140,2,2,0
BRDA:154,3,0,0
BRDA:154,3,1,0
BRDA:154,4,0,0
BRDA:154,4,1,0
BRDA:186,5,0,0
BRDA:186,5,1,0
BRDA:188,6,0,0
BRDA:188,6,1,0
BRDA:188,7,0,0
BRDA:188,7,1,0
BRDA:195,8,0,0
BRDA:195,8,1,0
BRDA:196,9,0,0
BRDA:196,9,1,0
BRDA:204,10,0,0
BRDA:204,10,1,0
BRDA:207,11,0,0
BRDA:207,11,1,0
BRDA:207,12,0,0
BRDA:207,12,1,0
BRDA:210,13,0,0
BRDA:210,13,1,0
BRDA:210,14,0,0
BRDA:210,14,1,0
BRDA:216,15,0,0
BRDA:216,15,1,0
BRDA:216,16,0,0
BRDA:216,16,1,0
BRDA:223,17,0,0
BRDA:223,17,1,0
BRDA:224,18,0,0
BRDA:224,18,1,0
BRDA:231,19,0,0
BRDA:231,19,1,0
BRDA:245,20,0,0
BRDA:245,20,1,0
BRDA:250,21,0,0
BRDA:250,21,1,0
BRDA:254,22,0,0
BRDA:254,22,1,0
BRDA:281,23,0,0
BRDA:281,23,1,0
BRDA:299,24,0,0
BRDA:299,24,1,0
BRDA:307,25,0,0
BRDA:307,25,1,0
BRDA:321,26,0,0
BRDA:321,26,1,0
BRDA:321,27,0,0
BRDA:321,27,1,0
BRDA:340,28,0,0
BRDA:340,28,1,0
BRDA:343,29,0,0
BRDA:343,29,1,0
BRDA:369,30,0,0
BRDA:369,30,1,0
BRDA:372,31,0,0
BRDA:372,31,1,0
BRDA:373,32,0,0
BRDA:373,32,1,0
BRDA:389,33,0,0
BRDA:389,33,1,0
BRDA:400,34,0,0
BRDA:400,34,1,0
BRDA:410,35,0,0
BRDA:410,35,1,0
BRDA:416,36,0,0
BRDA:416,36,1,0
BRDA:437,37,0,0
BRDA:437,37,1,0
BRDA:438,38,0,0
BRDA:438,38,1,0
BRDA:443,39,0,0
BRDA:443,39,1,0
BRF:81
BRH:0
end_of_record
